#
# There is insufficient memory for the Java Runtime Environment to continue.
# Native memory allocation (malloc) failed to allocate 1512656 bytes for Chunk::new
# Possible reasons:
#   The system is out of physical RAM or swap space
#   The process is running with CompressedOops enabled, and the Java Heap may be blocking the growth of the native heap
# Possible solutions:
#   Reduce memory load on the system
#   Increase physical memory or swap space
#   Check if swap backing store is full
#   Decrease Java heap size (-Xmx/-Xms)
#   Decrease number of Java threads
#   Decrease Java thread stack sizes (-Xss)
#   Set larger code cache with -XX:ReservedCodeCacheSize=
#   JVM is running with Unscaled Compressed Oops mode in which the Java heap is
#     placed in the first 4GB address space. The Java Heap base address is the
#     maximum limit for the native heap growth. Please use -XX:HeapBaseMinAddress
#     to set the Java Heap base and to place the Java Heap above 4GB virtual address.
# This output file may be truncated or incomplete.
#
#  Out of Memory Error (arena.cpp:189), pid=20520, tid=17384
#
# JRE version: Java(TM) SE Runtime Environment (17.0.2+8) (build 17.0.2+8-LTS-86)
# Java VM: Java HotSpot(TM) 64-Bit Server VM (17.0.2+8-LTS-86, mixed mode, sharing, tiered, compressed oops, compressed class ptrs, g1 gc, windows-amd64)
# No core dump will be written. Minidumps are not enabled by default on client versions of Windows
#

---------------  S U M M A R Y ------------

Command Line: --add-opens=java.base/java.util=ALL-UNNAMED --add-opens=java.base/java.lang=ALL-UNNAMED --add-opens=java.base/java.lang.invoke=ALL-UNNAMED --add-opens=java.base/java.util=ALL-UNNAMED --add-opens=java.prefs/java.util.prefs=ALL-UNNAMED --add-opens=java.prefs/java.util.prefs=ALL-UNNAMED --add-opens=java.base/java.nio.charset=ALL-UNNAMED --add-opens=java.base/java.net=ALL-UNNAMED --add-opens=java.base/java.util.concurrent.atomic=ALL-UNNAMED -XX:MaxMetaspaceSize=256m -XX:+HeapDumpOnOutOfMemoryError -Xms256m -Xmx512m -Dfile.encoding=UTF-8 -Duser.country=US -Duser.language=en -Duser.variant org.gradle.launcher.daemon.bootstrap.GradleDaemon 7.5.1

Host: Intel(R) Core(TM) i7-10875H CPU @ 2.30GHz, 16 cores, 15G,  Windows 10 , 64 bit Build 19041 (10.0.19041.1889)
Time: Sat Oct 29 16:51:17 2022 W. Central Africa Standard Time elapsed time: 4.073572 seconds (0d 0h 0m 4s)

---------------  T H R E A D  ---------------

Current thread (0x000001dfdda6edd0):  JavaThread "C2 CompilerThread2" daemon [_thread_in_native, id=17384, stack(0x00000067b4700000,0x00000067b4800000)]


Current CompileTask:
C2:   4073 6320       4       java.beans.MethodRef::set (58 bytes)

Stack: [0x00000067b4700000,0x00000067b4800000]
Native frames: (J=compiled Java code, j=interpreted, Vv=VM code, C=native code)
V  [jvm.dll+0x670baa]
V  [jvm.dll+0x7cfcb4]
V  [jvm.dll+0x7d145e]
V  [jvm.dll+0x7d1ac3]
V  [jvm.dll+0x242bc5]
V  [jvm.dll+0xaa57b]
V  [jvm.dll+0xaab0c]
V  [jvm.dll+0x35fcb2]
V  [jvm.dll+0x1b9982]
V  [jvm.dll+0x215de9]
V  [jvm.dll+0x2150b1]
V  [jvm.dll+0x1a1bbd]
V  [jvm.dll+0x224908]
V  [jvm.dll+0x222a6c]
V  [jvm.dll+0x7859bb]
V  [jvm.dll+0x77ff7a]
V  [jvm.dll+0x66fa35]
C  [ucrtbase.dll+0x21bb2]
C  [KERNEL32.DLL+0x17034]
C  [ntdll.dll+0x526a1]


---------------  P R O C E S S  ---------------

Threads class SMR info:
_java_thread_list=0x000001dfe4898050, length=116, elements={
0x000001dfc1b4fef0, 0x000001dfdce872f0, 0x000001dfdce88070, 0x000001dfdcea0ab0,
0x000001dfdcea3480, 0x000001dfdcea3d40, 0x000001dfdcea4c10, 0x000001dfdcea8db0,
0x000001dfdceb1b70, 0x000001dfdcebdc60, 0x000001dfdd8dc6b0, 0x000001dfdd8e0fd0,
0x000001dfdd8eed70, 0x000001dfdd8f0090, 0x000001dfdd995d80, 0x000001dfdda6edd0,
0x000001dfde35f6e0, 0x000001dfdef69380, 0x000001dfe038d170, 0x000001dfdf5c3b90,
0x000001dfdee5e680, 0x000001dfdf27a910, 0x000001dfdfb7ab00, 0x000001dfddc66c60,
0x000001dfdf6b6ff0, 0x000001dfdf112880, 0x000001dfdf111070, 0x000001dfdf111540,
0x000001dfdf114a30, 0x000001dfdf113220, 0x000001dfdf111a10, 0x000001dfdf114560,
0x000001dfdf1123b0, 0x000001dfdf111ee0, 0x000001dfdf112d50, 0x000001dfdf1136f0,
0x000001dfdf113bc0, 0x000001dfdf114090, 0x000001dfdfa3cea0, 0x000001dfdfa3e6b0,
0x000001dfdfa399b0, 0x000001dfe07575d0, 0x000001dfdfa3e1e0, 0x000001dfdfa3eb80,
0x000001dfdfa3f050, 0x000001dfdfa3acf0, 0x000001dfdfa3bb60, 0x000001dfe0757ae0,
0x000001dfdfa3c030, 0x000001dfdfa394e0, 0x000001dfdfa3f520, 0x000001dfe48f4d10,
0x000001dfe48f4840, 0x000001dfe2aafa10, 0x000001dfe2ab03b0, 0x000001dfe2aafee0,
0x000001dfe2ab0880, 0x000001dfe2aaf070, 0x000001dfe2aaf540, 0x000001dfe2f581d0,
0x000001dfe2f586a0, 0x000001dfe2f58b70, 0x000001dfe2f5a850, 0x000001dfe2f59eb0,
0x000001dfe2f56e90, 0x000001dfe2f57360, 0x000001dfe2f59040, 0x000001dfe48f3ea0,
0x000001dfe2e5f400, 0x000001dfe2e618e0, 0x000001dfe2e61db0, 0x000001dfe2e60f40,
0x000001dfe2e61410, 0x000001dfe2e605a0, 0x000001dfe2e60a70, 0x000001dfe04f79f0,
0x000001dfe04f4ea0, 0x000001dfe26a6a10, 0x000001dfe26a73b0, 0x000001dfe26a7880,
0x000001dfe26a6ee0, 0x000001dfe26a6070, 0x000001dfe1051870, 0x000001dfe104fb90,
0x000001dfe3012890, 0x000001dfe3011a20, 0x000001dfe3011ef0, 0x000001dfe30123c0,
0x000001dfe3011080, 0x000001dfe2e5ea60, 0x000001dfe2e5f8d0, 0x000001dfe300d060,
0x000001dfe300ded0, 0x000001dfe300e3a0, 0x000001dfe300d530, 0x000001dfe300da00,
0x000001dfe300e870, 0x000001dfe105b210, 0x000001dfe105a870, 0x000001dfe105b6e0,
0x000001dfe105bbb0, 0x000001dfe105ad40, 0x000001dfe105c080, 0x000001dfe31123d0,
0x000001dfe2f57d00, 0x000001dfe2f5a380, 0x000001dfe2f57830, 0x000001dfe2f59510,
0x000001dfe2e5e590, 0x000001dfe2e5ef30, 0x000001dfe2e5fda0, 0x000001dfe0b5f180,
0x000001dfe0b5f650, 0x000001dfe0b61cd0, 0x000001dfe0b5fb20, 0x000001dfe48f4370
}

Java Threads: ( => current thread )
  0x000001dfc1b4fef0 JavaThread "main" [_thread_blocked, id=24016, stack(0x00000067b3100000,0x00000067b3200000)]
  0x000001dfdce872f0 JavaThread "Reference Handler" daemon [_thread_blocked, id=13168, stack(0x00000067b3800000,0x00000067b3900000)]
  0x000001dfdce88070 JavaThread "Finalizer" daemon [_thread_blocked, id=19432, stack(0x00000067b3900000,0x00000067b3a00000)]
  0x000001dfdcea0ab0 JavaThread "Signal Dispatcher" daemon [_thread_blocked, id=1628, stack(0x00000067b3a00000,0x00000067b3b00000)]
  0x000001dfdcea3480 JavaThread "Attach Listener" daemon [_thread_blocked, id=10144, stack(0x00000067b3b00000,0x00000067b3c00000)]
  0x000001dfdcea3d40 JavaThread "Service Thread" daemon [_thread_blocked, id=11552, stack(0x00000067b3c00000,0x00000067b3d00000)]
  0x000001dfdcea4c10 JavaThread "Monitor Deflation Thread" daemon [_thread_blocked, id=11828, stack(0x00000067b3d00000,0x00000067b3e00000)]
  0x000001dfdcea8db0 JavaThread "C2 CompilerThread0" daemon [_thread_in_native, id=20840, stack(0x00000067b3e00000,0x00000067b3f00000)]
  0x000001dfdceb1b70 JavaThread "C1 CompilerThread0" daemon [_thread_blocked, id=2644, stack(0x00000067b3f00000,0x00000067b4000000)]
  0x000001dfdcebdc60 JavaThread "Sweeper thread" daemon [_thread_blocked, id=5020, stack(0x00000067b4000000,0x00000067b4100000)]
  0x000001dfdd8dc6b0 JavaThread "C1 CompilerThread1" daemon [_thread_blocked, id=24144, stack(0x00000067b4100000,0x00000067b4200000)]
  0x000001dfdd8e0fd0 JavaThread "C1 CompilerThread2" daemon [_thread_blocked, id=1672, stack(0x00000067b4200000,0x00000067b4300000)]
  0x000001dfdd8eed70 JavaThread "Common-Cleaner" daemon [_thread_blocked, id=21848, stack(0x00000067b4300000,0x00000067b4400000)]
  0x000001dfdd8f0090 JavaThread "Notification Thread" daemon [_thread_blocked, id=23064, stack(0x00000067b4400000,0x00000067b4500000)]
  0x000001dfdd995d80 JavaThread "C2 CompilerThread1" daemon [_thread_in_native, id=21564, stack(0x00000067b4600000,0x00000067b4700000)]
=>0x000001dfdda6edd0 JavaThread "C2 CompilerThread2" daemon [_thread_in_native, id=17384, stack(0x00000067b4700000,0x00000067b4800000)]
  0x000001dfde35f6e0 JavaThread "C2 CompilerThread3" daemon [_thread_in_native, id=13476, stack(0x00000067b4800000,0x00000067b4900000)]
  0x000001dfdef69380 JavaThread "C1 CompilerThread3" daemon [_thread_blocked, id=12768, stack(0x00000067b4a00000,0x00000067b4b00000)]
  0x000001dfe038d170 JavaThread "Daemon health stats" [_thread_blocked, id=12240, stack(0x00000067b5000000,0x00000067b5100000)]
  0x000001dfdf5c3b90 JavaThread "Incoming local TCP Connector on port 59468" [_thread_in_native, id=23588, stack(0x00000067b5100000,0x00000067b5200000)]
  0x000001dfdee5e680 JavaThread "Daemon periodic checks" [_thread_blocked, id=3996, stack(0x00000067b5200000,0x00000067b5300000)]
  0x000001dfdf27a910 JavaThread "Daemon" [_thread_blocked, id=3316, stack(0x00000067b5300000,0x00000067b5400000)]
  0x000001dfdfb7ab00 JavaThread "Handler for socket connection from /127.0.0.1:59468 to /127.0.0.1:59469" [_thread_in_native, id=24208, stack(0x00000067b5400000,0x00000067b5500000)]
  0x000001dfddc66c60 JavaThread "Cancel handler" [_thread_blocked, id=19196, stack(0x00000067b5500000,0x00000067b5600000)]
  0x000001dfdf6b6ff0 JavaThread "Daemon worker" [_thread_in_vm, id=24412, stack(0x00000067b5600000,0x00000067b5700000)]
  0x000001dfdf112880 JavaThread "Asynchronous log dispatcher for DefaultDaemonConnection: socket connection from /127.0.0.1:59468 to /127.0.0.1:59469" [_thread_blocked, id=11784, stack(0x00000067b5700000,0x00000067b5800000)]
  0x000001dfdf111070 JavaThread "Stdin handler" [_thread_blocked, id=13436, stack(0x00000067b5800000,0x00000067b5900000)]
  0x000001dfdf111540 JavaThread "Daemon client event forwarder" [_thread_blocked, id=5500, stack(0x00000067b5900000,0x00000067b5a00000)]
  0x000001dfdf114a30 JavaThread "Cache worker for journal cache (C:\Users\Asus\.gradle\caches\journal-1)" [_thread_blocked, id=6524, stack(0x00000067b5a00000,0x00000067b5b00000)]
  0x000001dfdf113220 JavaThread "File lock request listener" [_thread_in_native, id=21388, stack(0x00000067b5b00000,0x00000067b5c00000)]
  0x000001dfdf111a10 JavaThread "Cache worker for file hash cache (C:\Users\Asus\.gradle\caches\7.5.1\fileHashes)" [_thread_blocked, id=16104, stack(0x00000067b5c00000,0x00000067b5d00000)]
  0x000001dfdf114560 JavaThread "File watcher server" daemon [_thread_in_native, id=16240, stack(0x00000067b4900000,0x00000067b4a00000)]
  0x000001dfdf1123b0 JavaThread "File watcher consumer" daemon [_thread_blocked, id=23216, stack(0x00000067b5d00000,0x00000067b5e00000)]
  0x000001dfdf111ee0 JavaThread "Cache worker for checksums cache (D:\Documents\Programming Projects\Java Projects\BedWars\.gradle\7.5.1\checksums)" [_thread_blocked, id=24428, stack(0x00000067b5e00000,0x00000067b5f00000)]
  0x000001dfdf112d50 JavaThread "Cache worker for cache directory md-rule (C:\Users\Asus\.gradle\caches\7.5.1\md-rule)" [_thread_blocked, id=19340, stack(0x00000067b5f00000,0x00000067b6000000)]
  0x000001dfdf1136f0 JavaThread "Cache worker for file content cache (C:\Users\Asus\.gradle\caches\7.5.1\fileContent)" [_thread_blocked, id=17724, stack(0x00000067b6000000,0x00000067b6100000)]
  0x000001dfdf113bc0 JavaThread "Cache worker for file hash cache (D:\Documents\Programming Projects\Java Projects\BedWars\.gradle\7.5.1\fileHashes)" [_thread_blocked, id=23812, stack(0x00000067b6100000,0x00000067b6200000)]
  0x000001dfdf114090 JavaThread "Cache worker for cache directory md-supplier (C:\Users\Asus\.gradle\caches\7.5.1\md-supplier)" [_thread_blocked, id=11528, stack(0x00000067b6200000,0x00000067b6300000)]
  0x000001dfdfa3cea0 JavaThread "Cache worker for execution history cache (C:\Users\Asus\.gradle\caches\7.5.1\executionHistory)" [_thread_blocked, id=13428, stack(0x00000067b6c00000,0x00000067b6d00000)]
  0x000001dfdfa3e6b0 JavaThread "jar transforms" [_thread_blocked, id=25572, stack(0x00000067b6d00000,0x00000067b6e00000)]
  0x000001dfdfa399b0 JavaThread "jar transforms Thread 2" [_thread_blocked, id=4336, stack(0x00000067b6e00000,0x00000067b6f00000)]
  0x000001dfe07575d0 JavaThread "C2 CompilerThread4" daemon [_thread_in_native, id=12592, stack(0x00000067b6f00000,0x00000067b7000000)]
  0x000001dfdfa3e1e0 JavaThread "jar transforms Thread 3" [_thread_blocked, id=25108, stack(0x00000067b7000000,0x00000067b7100000)]
  0x000001dfdfa3eb80 JavaThread "jar transforms Thread 4" [_thread_blocked, id=940, stack(0x00000067b7100000,0x00000067b7200000)]
  0x000001dfdfa3f050 JavaThread "jar transforms Thread 5" [_thread_blocked, id=7228, stack(0x00000067b7200000,0x00000067b7300000)]
  0x000001dfdfa3acf0 JavaThread "jar transforms Thread 6" [_thread_blocked, id=15572, stack(0x00000067b7300000,0x00000067b7400000)]
  0x000001dfdfa3bb60 JavaThread "jar transforms Thread 7" [_thread_blocked, id=13240, stack(0x00000067b7400000,0x00000067b7500000)]
  0x000001dfe0757ae0 JavaThread "C2 CompilerThread5" daemon [_thread_in_native, id=19236, stack(0x00000067b7500000,0x00000067b7600000)]
  0x000001dfdfa3c030 JavaThread "jar transforms Thread 8" [_thread_blocked, id=21060, stack(0x00000067b7600000,0x00000067b7700000)]
  0x000001dfdfa394e0 JavaThread "Cache worker for dependencies-accessors (D:\Documents\Programming Projects\Java Projects\BedWars\.gradle\7.5.1\dependencies-accessors)" [_thread_blocked, id=19700, stack(0x00000067b7700000,0x00000067b7800000)]
  0x000001dfdfa3f520 JavaThread "jar transforms Thread 9" [_thread_blocked, id=2168, stack(0x00000067b7800000,0x00000067b7900000)]
  0x000001dfe48f4d10 JavaThread "Cache worker for Build Output Cleanup Cache (D:\Documents\Programming Projects\Java Projects\BedWars\.gradle\buildOutputCleanup)" [_thread_blocked, id=12224, stack(0x00000067b7900000,0x00000067b7a00000)]
  0x000001dfe48f4840 JavaThread "Unconstrained build operations" [_thread_blocked, id=24844, stack(0x00000067b7a00000,0x00000067b7b00000)]
  0x000001dfe2aafa10 JavaThread "Unconstrained build operations Thread 2" [_thread_blocked, id=18828, stack(0x00000067b7b00000,0x00000067b7c00000)]
  0x000001dfe2ab03b0 JavaThread "Unconstrained build operations Thread 3" [_thread_blocked, id=18472, stack(0x00000067b7c00000,0x00000067b7d00000)]
  0x000001dfe2aafee0 JavaThread "Unconstrained build operations Thread 4" [_thread_blocked, id=5800, stack(0x00000067b7d00000,0x00000067b7e00000)]
  0x000001dfe2ab0880 JavaThread "Unconstrained build operations Thread 5" [_thread_blocked, id=25512, stack(0x00000067b7e00000,0x00000067b7f00000)]
  0x000001dfe2aaf070 JavaThread "Unconstrained build operations Thread 6" [_thread_blocked, id=15868, stack(0x00000067b7f00000,0x00000067b8000000)]
  0x000001dfe2aaf540 JavaThread "Unconstrained build operations Thread 7" [_thread_blocked, id=18992, stack(0x00000067b8000000,0x00000067b8100000)]
  0x000001dfe2f581d0 JavaThread "Unconstrained build operations Thread 8" [_thread_blocked, id=5660, stack(0x00000067b8100000,0x00000067b8200000)]
  0x000001dfe2f586a0 JavaThread "Unconstrained build operations Thread 9" [_thread_blocked, id=6928, stack(0x00000067b8200000,0x00000067b8300000)]
  0x000001dfe2f58b70 JavaThread "Unconstrained build operations Thread 10" [_thread_blocked, id=1176, stack(0x00000067b8300000,0x00000067b8400000)]
  0x000001dfe2f5a850 JavaThread "Unconstrained build operations Thread 11" [_thread_blocked, id=25404, stack(0x00000067b8400000,0x00000067b8500000)]
  0x000001dfe2f59eb0 JavaThread "Unconstrained build operations Thread 12" [_thread_blocked, id=8588, stack(0x00000067b8500000,0x00000067b8600000)]
  0x000001dfe2f56e90 JavaThread "Unconstrained build operations Thread 13" [_thread_blocked, id=3612, stack(0x00000067b8600000,0x00000067b8700000)]
  0x000001dfe2f57360 JavaThread "Unconstrained build operations Thread 14" [_thread_blocked, id=25228, stack(0x00000067b8700000,0x00000067b8800000)]
  0x000001dfe2f59040 JavaThread "Unconstrained build operations Thread 15" [_thread_blocked, id=23700, stack(0x00000067b8800000,0x00000067b8900000)]
  0x000001dfe48f3ea0 JavaThread "Unconstrained build operations Thread 16" [_thread_blocked, id=22584, stack(0x00000067b8900000,0x00000067b8a00000)]
  0x000001dfe2e5f400 JavaThread "Unconstrained build operations Thread 17" [_thread_blocked, id=24084, stack(0x00000067b8a00000,0x00000067b8b00000)]
  0x000001dfe2e618e0 JavaThread "Unconstrained build operations Thread 18" [_thread_blocked, id=8356, stack(0x00000067b8b00000,0x00000067b8c00000)]
  0x000001dfe2e61db0 JavaThread "Unconstrained build operations Thread 19" [_thread_blocked, id=23936, stack(0x00000067b8c00000,0x00000067b8d00000)]
  0x000001dfe2e60f40 JavaThread "Unconstrained build operations Thread 20" [_thread_blocked, id=8212, stack(0x00000067b8d00000,0x00000067b8e00000)]
  0x000001dfe2e61410 JavaThread "Unconstrained build operations Thread 21" [_thread_blocked, id=12444, stack(0x00000067b8e00000,0x00000067b8f00000)]
  0x000001dfe2e605a0 JavaThread "Unconstrained build operations Thread 22" [_thread_blocked, id=2128, stack(0x00000067b8f00000,0x00000067b9000000)]
  0x000001dfe2e60a70 JavaThread "Unconstrained build operations Thread 23" [_thread_blocked, id=23828, stack(0x00000067b9000000,0x00000067b9100000)]
  0x000001dfe04f79f0 JavaThread "Unconstrained build operations Thread 24" [_thread_blocked, id=19328, stack(0x00000067b9100000,0x00000067b9200000)]
  0x000001dfe04f4ea0 JavaThread "Unconstrained build operations Thread 25" [_thread_blocked, id=24004, stack(0x00000067b9200000,0x00000067b9300000)]
  0x000001dfe26a6a10 JavaThread "Unconstrained build operations Thread 26" [_thread_blocked, id=23860, stack(0x00000067b9300000,0x00000067b9400000)]
  0x000001dfe26a73b0 JavaThread "Unconstrained build operations Thread 27" [_thread_blocked, id=11020, stack(0x00000067b9400000,0x00000067b9500000)]
  0x000001dfe26a7880 JavaThread "Unconstrained build operations Thread 28" [_thread_blocked, id=15824, stack(0x00000067b9500000,0x00000067b9600000)]
  0x000001dfe26a6ee0 JavaThread "Unconstrained build operations Thread 29" [_thread_blocked, id=9620, stack(0x00000067b9600000,0x00000067b9700000)]
  0x000001dfe26a6070 JavaThread "Unconstrained build operations Thread 30" [_thread_blocked, id=4660, stack(0x00000067b9700000,0x00000067b9800000)]
  0x000001dfe1051870 JavaThread "Unconstrained build operations Thread 31" [_thread_blocked, id=5444, stack(0x00000067b9800000,0x00000067b9900000)]
  0x000001dfe104fb90 JavaThread "Unconstrained build operations Thread 32" [_thread_blocked, id=12912, stack(0x00000067b9900000,0x00000067b9a00000)]
  0x000001dfe3012890 JavaThread "Unconstrained build operations Thread 33" [_thread_blocked, id=12404, stack(0x00000067b9a00000,0x00000067b9b00000)]
  0x000001dfe3011a20 JavaThread "Unconstrained build operations Thread 34" [_thread_blocked, id=10880, stack(0x00000067b9b00000,0x00000067b9c00000)]
  0x000001dfe3011ef0 JavaThread "Unconstrained build operations Thread 35" [_thread_blocked, id=22716, stack(0x00000067b9c00000,0x00000067b9d00000)]
  0x000001dfe30123c0 JavaThread "Unconstrained build operations Thread 36" [_thread_blocked, id=5488, stack(0x00000067b9d00000,0x00000067b9e00000)]
  0x000001dfe3011080 JavaThread "Unconstrained build operations Thread 37" [_thread_blocked, id=24308, stack(0x00000067b9e00000,0x00000067b9f00000)]
  0x000001dfe2e5ea60 JavaThread "Unconstrained build operations Thread 38" [_thread_blocked, id=12508, stack(0x00000067b9f00000,0x00000067ba000000)]
  0x000001dfe2e5f8d0 JavaThread "Unconstrained build operations Thread 39" [_thread_blocked, id=23724, stack(0x00000067ba000000,0x00000067ba100000)]
  0x000001dfe300d060 JavaThread "Unconstrained build operations Thread 40" [_thread_blocked, id=23804, stack(0x00000067ba100000,0x00000067ba200000)]
  0x000001dfe300ded0 JavaThread "Unconstrained build operations Thread 41" [_thread_blocked, id=15624, stack(0x00000067ba200000,0x00000067ba300000)]
  0x000001dfe300e3a0 JavaThread "Unconstrained build operations Thread 42" [_thread_blocked, id=4980, stack(0x00000067ba300000,0x00000067ba400000)]
  0x000001dfe300d530 JavaThread "Unconstrained build operations Thread 43" [_thread_blocked, id=3400, stack(0x00000067ba400000,0x00000067ba500000)]
  0x000001dfe300da00 JavaThread "Unconstrained build operations Thread 44" [_thread_blocked, id=17052, stack(0x00000067ba500000,0x00000067ba600000)]
  0x000001dfe300e870 JavaThread "Unconstrained build operations Thread 45" [_thread_blocked, id=20832, stack(0x00000067ba600000,0x00000067ba700000)]
  0x000001dfe105b210 JavaThread "Unconstrained build operations Thread 46" [_thread_blocked, id=23796, stack(0x00000067ba700000,0x00000067ba800000)]
  0x000001dfe105a870 JavaThread "Unconstrained build operations Thread 47" [_thread_blocked, id=23800, stack(0x00000067ba800000,0x00000067ba900000)]
  0x000001dfe105b6e0 JavaThread "Unconstrained build operations Thread 48" [_thread_blocked, id=4112, stack(0x00000067ba900000,0x00000067baa00000)]
  0x000001dfe105bbb0 JavaThread "Unconstrained build operations Thread 49" [_thread_blocked, id=17360, stack(0x00000067baa00000,0x00000067bab00000)]
  0x000001dfe105ad40 JavaThread "Unconstrained build operations Thread 50" [_thread_blocked, id=3140, stack(0x00000067bab00000,0x00000067bac00000)]
  0x000001dfe105c080 JavaThread "Unconstrained build operations Thread 51" [_thread_blocked, id=24864, stack(0x00000067bac00000,0x00000067bad00000)]
  0x000001dfe31123d0 JavaThread "Unconstrained build operations Thread 52" [_thread_blocked, id=12056, stack(0x00000067bad00000,0x00000067bae00000)]
  0x000001dfe2f57d00 JavaThread "Unconstrained build operations Thread 53" [_thread_blocked, id=1820, stack(0x00000067bae00000,0x00000067baf00000)]
  0x000001dfe2f5a380 JavaThread "Unconstrained build operations Thread 54" [_thread_blocked, id=12980, stack(0x00000067baf00000,0x00000067bb000000)]
  0x000001dfe2f57830 JavaThread "Unconstrained build operations Thread 55" [_thread_blocked, id=19360, stack(0x00000067bb000000,0x00000067bb100000)]
  0x000001dfe2f59510 JavaThread "Unconstrained build operations Thread 56" [_thread_blocked, id=23616, stack(0x00000067bb100000,0x00000067bb200000)]
  0x000001dfe2e5e590 JavaThread "jar transforms Thread 10" [_thread_blocked, id=22124, stack(0x00000067bb200000,0x00000067bb300000)]
  0x000001dfe2e5ef30 JavaThread "jar transforms Thread 11" [_thread_blocked, id=4868, stack(0x00000067bb300000,0x00000067bb400000)]
  0x000001dfe2e5fda0 JavaThread "jar transforms Thread 12" [_thread_blocked, id=23688, stack(0x00000067bb400000,0x00000067bb500000)]
  0x000001dfe0b5f180 JavaThread "jar transforms Thread 13" [_thread_blocked, id=24352, stack(0x00000067bb500000,0x00000067bb600000)]
  0x000001dfe0b5f650 JavaThread "jar transforms Thread 14" [_thread_blocked, id=7884, stack(0x00000067bb600000,0x00000067bb700000)]
  0x000001dfe0b61cd0 JavaThread "jar transforms Thread 15" [_thread_blocked, id=6124, stack(0x00000067bb700000,0x00000067bb800000)]
  0x000001dfe0b5fb20 JavaThread "jar transforms Thread 16" [_thread_blocked, id=7660, stack(0x00000067bb800000,0x00000067bb900000)]
  0x000001dfe48f4370 JavaThread "Memory manager" [_thread_blocked, id=6240, stack(0x00000067bb900000,0x00000067bba00000)]

Other Threads:
  0x000001dfdce807d0 VMThread "VM Thread" [stack: 0x00000067b3700000,0x00000067b3800000] [id=19388]
  0x000001dfc1b8edb0 WatcherThread [stack: 0x00000067b4500000,0x00000067b4600000] [id=22604]
  0x000001dfc1b788d0 GCTaskThread "GC Thread#0" [stack: 0x00000067b3200000,0x00000067b3300000] [id=2584]
  0x000001dfdedcbb10 GCTaskThread "GC Thread#1" [stack: 0x00000067b4b00000,0x00000067b4c00000] [id=3700]
  0x000001dfde142f70 GCTaskThread "GC Thread#2" [stack: 0x00000067b4c00000,0x00000067b4d00000] [id=4996]
  0x000001dfdec94160 GCTaskThread "GC Thread#3" [stack: 0x00000067b4d00000,0x00000067b4e00000] [id=7696]
  0x000001dfdec94410 GCTaskThread "GC Thread#4" [stack: 0x00000067b4e00000,0x00000067b4f00000] [id=17564]
  0x000001dfde893ff0 GCTaskThread "GC Thread#5" [stack: 0x00000067b4f00000,0x00000067b5000000] [id=24880]
  0x000001dfe287ee30 GCTaskThread "GC Thread#6" [stack: 0x00000067b6300000,0x00000067b6400000] [id=1440]
  0x000001dfe287eb80 GCTaskThread "GC Thread#7" [stack: 0x00000067b6400000,0x00000067b6500000] [id=6348]
  0x000001dfe287e0c0 GCTaskThread "GC Thread#8" [stack: 0x00000067b6500000,0x00000067b6600000] [id=17260]
  0x000001dfe287de10 GCTaskThread "GC Thread#9" [stack: 0x00000067b6600000,0x00000067b6700000] [id=23436]
  0x000001dfe287e8d0 GCTaskThread "GC Thread#10" [stack: 0x00000067b6700000,0x00000067b6800000] [id=6968]
  0x000001dfe08f7370 GCTaskThread "GC Thread#11" [stack: 0x00000067b6800000,0x00000067b6900000] [id=22904]
  0x000001dfe08f45c0 GCTaskThread "GC Thread#12" [stack: 0x00000067b6900000,0x00000067b6a00000] [id=5624]
  0x000001dfc1b7e730 ConcurrentGCThread "G1 Main Marker" [stack: 0x00000067b3300000,0x00000067b3400000] [id=18008]
  0x000001dfc1b7f7f0 ConcurrentGCThread "G1 Conc#0" [stack: 0x00000067b3400000,0x00000067b3500000] [id=9616]
  0x000001dfe08f78d0 ConcurrentGCThread "G1 Conc#1" [stack: 0x00000067b6a00000,0x00000067b6b00000] [id=10832]
  0x000001dfe08f4310 ConcurrentGCThread "G1 Conc#2" [stack: 0x00000067b6b00000,0x00000067b6c00000] [id=676]
  0x000001dfc1c2e830 ConcurrentGCThread "G1 Refine#0" [stack: 0x00000067b3500000,0x00000067b3600000] [id=11196]
  0x000001dfe088e630 ConcurrentGCThread "G1 Refine#1" [stack: 0x00000067bba00000,0x00000067bbb00000] [id=6196]
  0x000001dfdcd44340 ConcurrentGCThread "G1 Service" [stack: 0x00000067b3600000,0x00000067b3700000] [id=10484]

Threads with active compile tasks:
C2 CompilerThread0     4087 6393       4       groovy.lang.MetaClassImpl::inheritInterfaceNewMetaMethods (195 bytes)
C2 CompilerThread1     4087 6449       4       java.lang.reflect.Method::specificToGenericStringHeader (48 bytes)
C2 CompilerThread2     4087 6320       4       java.beans.MethodRef::set (58 bytes)
C2 CompilerThread3     4087 6442   !   4       java.lang.reflect.Executable::sharedToGenericString (255 bytes)
C2 CompilerThread4     4087 6316   !   4       com.sun.beans.TypeResolver::resolve (261 bytes)
C2 CompilerThread5     4087 6337       4       com.sun.beans.TypeResolver::resolve (37 bytes)

VM state: not at safepoint (normal execution)

VM Mutex/Monitor currently owned by a thread: None

Heap address: 0x00000000e0000000, size: 512 MB, Compressed Oops mode: 32-bit

CDS archive(s) mapped at: [0x0000000800000000-0x0000000800bc0000-0x0000000800bc0000), size 12320768, SharedBaseAddress: 0x0000000800000000, ArchiveRelocationMode: 0.
Compressed class space mapped at: 0x0000000800c00000-0x000000080dc00000, reserved size: 218103808
Narrow klass base: 0x0000000800000000, Narrow klass shift: 0, Narrow klass range: 0x100000000

GC Precious Log:
 CPUs: 16 total, 16 available
 Memory: 16168M
 Large Page Support: Disabled
 NUMA Support: Disabled
 Compressed Oops: Enabled (32-bit)
 Heap Region Size: 1M
 Heap Min Capacity: 256M
 Heap Initial Capacity: 256M
 Heap Max Capacity: 512M
 Pre-touch: Disabled
 Parallel Workers: 13
 Concurrent Workers: 3
 Concurrent Refinement Workers: 13
 Periodic GC: Disabled

Heap:
 garbage-first heap   total 262144K, used 93404K [0x00000000e0000000, 0x0000000100000000)
  region size 1024K, 59 young (60416K), 15 survivors (15360K)
 Metaspace       used 46559K, committed 47296K, reserved 253952K
  class space    used 6602K, committed 6976K, reserved 212992K

Heap Regions: E=young(eden), S=young(survivor), O=old, HS=humongous(starts), HC=humongous(continues), CS=collection set, F=free, OA=open archive, CA=closed archive, TAMS=top-at-mark-start (previous, next)
|   0|0x00000000e0000000, 0x00000000e0100000, 0x00000000e0100000|100%|HS|  |TAMS 0x00000000e0000000, 0x00000000e0000000| Complete 
|   1|0x00000000e0100000, 0x00000000e0200000, 0x00000000e0200000|100%| O|  |TAMS 0x00000000e0200000, 0x00000000e0100000| Untracked 
|   2|0x00000000e0200000, 0x00000000e0300000, 0x00000000e0300000|100%| O|  |TAMS 0x00000000e02efe00, 0x00000000e0200000| Untracked 
|   3|0x00000000e0300000, 0x00000000e0400000, 0x00000000e0400000|100%|HS|  |TAMS 0x00000000e0400000, 0x00000000e0300000| Complete 
|   4|0x00000000e0400000, 0x00000000e0500000, 0x00000000e0500000|100%|HC|  |TAMS 0x00000000e0500000, 0x00000000e0400000| Complete 
|   5|0x00000000e0500000, 0x00000000e0600000, 0x00000000e0600000|100%|HC|  |TAMS 0x00000000e0600000, 0x00000000e0500000| Complete 
|   6|0x00000000e0600000, 0x00000000e0700000, 0x00000000e0700000|100%| O|  |TAMS 0x00000000e0700000, 0x00000000e0600000| Untracked 
|   7|0x00000000e0700000, 0x00000000e0800000, 0x00000000e0800000|100%| O|  |TAMS 0x00000000e0800000, 0x00000000e0700000| Untracked 
|   8|0x00000000e0800000, 0x00000000e0900000, 0x00000000e0900000|100%| O|  |TAMS 0x00000000e0900000, 0x00000000e0800000| Untracked 
|   9|0x00000000e0900000, 0x00000000e0a00000, 0x00000000e0a00000|100%| O|  |TAMS 0x00000000e0a00000, 0x00000000e0900000| Untracked 
|  10|0x00000000e0a00000, 0x00000000e0b00000, 0x00000000e0b00000|100%|HS|  |TAMS 0x00000000e0a00000, 0x00000000e0a00000| Complete 
|  11|0x00000000e0b00000, 0x00000000e0c00000, 0x00000000e0c00000|100%|HC|  |TAMS 0x00000000e0b00000, 0x00000000e0b00000| Complete 
|  12|0x00000000e0c00000, 0x00000000e0d00000, 0x00000000e0d00000|100%|HC|  |TAMS 0x00000000e0c00000, 0x00000000e0c00000| Complete 
|  13|0x00000000e0d00000, 0x00000000e0e00000, 0x00000000e0e00000|100%| O|  |TAMS 0x00000000e0d00000, 0x00000000e0d00000| Untracked 
|  14|0x00000000e0e00000, 0x00000000e0f00000, 0x00000000e0f00000|100%| O|  |TAMS 0x00000000e0e00000, 0x00000000e0e00000| Untracked 
|  15|0x00000000e0f00000, 0x00000000e1000000, 0x00000000e1000000|100%| O|  |TAMS 0x00000000e0f00000, 0x00000000e0f00000| Untracked 
|  16|0x00000000e1000000, 0x00000000e1100000, 0x00000000e1100000|100%| O|  |TAMS 0x00000000e1000000, 0x00000000e1000000| Untracked 
|  17|0x00000000e1100000, 0x00000000e1200000, 0x00000000e1200000|100%| O|  |TAMS 0x00000000e1100000, 0x00000000e1100000| Untracked 
|  18|0x00000000e1200000, 0x00000000e1300000, 0x00000000e1300000|100%| O|  |TAMS 0x00000000e1200000, 0x00000000e1200000| Untracked 
|  19|0x00000000e1300000, 0x00000000e1400000, 0x00000000e1400000|100%| O|  |TAMS 0x00000000e1300000, 0x00000000e1300000| Untracked 
|  20|0x00000000e1400000, 0x00000000e1500000, 0x00000000e1500000|100%| O|  |TAMS 0x00000000e1400000, 0x00000000e1400000| Untracked 
|  21|0x00000000e1500000, 0x00000000e1600000, 0x00000000e1600000|100%| O|  |TAMS 0x00000000e1500000, 0x00000000e1500000| Untracked 
|  22|0x00000000e1600000, 0x00000000e1700000, 0x00000000e1700000|100%| O|  |TAMS 0x00000000e1600000, 0x00000000e1600000| Untracked 
|  23|0x00000000e1700000, 0x00000000e1800000, 0x00000000e1800000|100%| O|  |TAMS 0x00000000e1700000, 0x00000000e1700000| Untracked 
|  24|0x00000000e1800000, 0x00000000e1900000, 0x00000000e1900000|100%| O|  |TAMS 0x00000000e1800000, 0x00000000e1800000| Untracked 
|  25|0x00000000e1900000, 0x00000000e1a00000, 0x00000000e1a00000|100%| O|  |TAMS 0x00000000e1900000, 0x00000000e1900000| Untracked 
|  26|0x00000000e1a00000, 0x00000000e1b00000, 0x00000000e1b00000|100%| O|  |TAMS 0x00000000e1a00000, 0x00000000e1a00000| Untracked 
|  27|0x00000000e1b00000, 0x00000000e1c00000, 0x00000000e1c00000|100%| O|  |TAMS 0x00000000e1b00000, 0x00000000e1b00000| Untracked 
|  28|0x00000000e1c00000, 0x00000000e1d00000, 0x00000000e1d00000|100%| O|  |TAMS 0x00000000e1c00000, 0x00000000e1c00000| Untracked 
|  29|0x00000000e1d00000, 0x00000000e1e00000, 0x00000000e1e00000|100%| O|  |TAMS 0x00000000e1d00000, 0x00000000e1d00000| Untracked 
|  30|0x00000000e1e00000, 0x00000000e1f00000, 0x00000000e1f00000|100%| O|  |TAMS 0x00000000e1e00000, 0x00000000e1e00000| Untracked 
|  31|0x00000000e1f00000, 0x00000000e2000000, 0x00000000e2000000|100%| O|  |TAMS 0x00000000e1f00000, 0x00000000e1f00000| Untracked 
|  32|0x00000000e2000000, 0x00000000e2100000, 0x00000000e2100000|100%| O|  |TAMS 0x00000000e2000000, 0x00000000e2000000| Untracked 
|  33|0x00000000e2100000, 0x00000000e2200000, 0x00000000e2200000|100%| O|  |TAMS 0x00000000e2100000, 0x00000000e2100000| Untracked 
|  34|0x00000000e2200000, 0x00000000e2215400, 0x00000000e2300000|  8%| O|  |TAMS 0x00000000e2200000, 0x00000000e2200000| Untracked 
|  35|0x00000000e2300000, 0x00000000e2300000, 0x00000000e2400000|  0%| F|  |TAMS 0x00000000e2300000, 0x00000000e2300000| Untracked 
|  36|0x00000000e2400000, 0x00000000e2400000, 0x00000000e2500000|  0%| F|  |TAMS 0x00000000e2400000, 0x00000000e2400000| Untracked 
|  37|0x00000000e2500000, 0x00000000e2500000, 0x00000000e2600000|  0%| F|  |TAMS 0x00000000e2500000, 0x00000000e2500000| Untracked 
|  38|0x00000000e2600000, 0x00000000e2600000, 0x00000000e2700000|  0%| F|  |TAMS 0x00000000e2600000, 0x00000000e2600000| Untracked 
|  39|0x00000000e2700000, 0x00000000e2700000, 0x00000000e2800000|  0%| F|  |TAMS 0x00000000e2700000, 0x00000000e2700000| Untracked 
|  40|0x00000000e2800000, 0x00000000e2800000, 0x00000000e2900000|  0%| F|  |TAMS 0x00000000e2800000, 0x00000000e2800000| Untracked 
|  41|0x00000000e2900000, 0x00000000e2900000, 0x00000000e2a00000|  0%| F|  |TAMS 0x00000000e2900000, 0x00000000e2900000| Untracked 
|  42|0x00000000e2a00000, 0x00000000e2a00000, 0x00000000e2b00000|  0%| F|  |TAMS 0x00000000e2a00000, 0x00000000e2a00000| Untracked 
|  43|0x00000000e2b00000, 0x00000000e2b00000, 0x00000000e2c00000|  0%| F|  |TAMS 0x00000000e2b00000, 0x00000000e2b00000| Untracked 
|  44|0x00000000e2c00000, 0x00000000e2c00000, 0x00000000e2d00000|  0%| F|  |TAMS 0x00000000e2c00000, 0x00000000e2c00000| Untracked 
|  45|0x00000000e2d00000, 0x00000000e2d00000, 0x00000000e2e00000|  0%| F|  |TAMS 0x00000000e2d00000, 0x00000000e2d00000| Untracked 
|  46|0x00000000e2e00000, 0x00000000e2e00000, 0x00000000e2f00000|  0%| F|  |TAMS 0x00000000e2e00000, 0x00000000e2e00000| Untracked 
|  47|0x00000000e2f00000, 0x00000000e2f00000, 0x00000000e3000000|  0%| F|  |TAMS 0x00000000e2f00000, 0x00000000e2f00000| Untracked 
|  48|0x00000000e3000000, 0x00000000e3000000, 0x00000000e3100000|  0%| F|  |TAMS 0x00000000e3000000, 0x00000000e3000000| Untracked 
|  49|0x00000000e3100000, 0x00000000e3100000, 0x00000000e3200000|  0%| F|  |TAMS 0x00000000e3100000, 0x00000000e3100000| Untracked 
|  50|0x00000000e3200000, 0x00000000e3200000, 0x00000000e3300000|  0%| F|  |TAMS 0x00000000e3200000, 0x00000000e3200000| Untracked 
|  51|0x00000000e3300000, 0x00000000e3300000, 0x00000000e3400000|  0%| F|  |TAMS 0x00000000e3300000, 0x00000000e3300000| Untracked 
|  52|0x00000000e3400000, 0x00000000e3400000, 0x00000000e3500000|  0%| F|  |TAMS 0x00000000e3400000, 0x00000000e3400000| Untracked 
|  53|0x00000000e3500000, 0x00000000e3500000, 0x00000000e3600000|  0%| F|  |TAMS 0x00000000e3500000, 0x00000000e3500000| Untracked 
|  54|0x00000000e3600000, 0x00000000e3600000, 0x00000000e3700000|  0%| F|  |TAMS 0x00000000e3600000, 0x00000000e3600000| Untracked 
|  55|0x00000000e3700000, 0x00000000e3700000, 0x00000000e3800000|  0%| F|  |TAMS 0x00000000e3700000, 0x00000000e3700000| Untracked 
|  56|0x00000000e3800000, 0x00000000e3800000, 0x00000000e3900000|  0%| F|  |TAMS 0x00000000e3800000, 0x00000000e3800000| Untracked 
|  57|0x00000000e3900000, 0x00000000e3900000, 0x00000000e3a00000|  0%| F|  |TAMS 0x00000000e3900000, 0x00000000e3900000| Untracked 
|  58|0x00000000e3a00000, 0x00000000e3a00000, 0x00000000e3b00000|  0%| F|  |TAMS 0x00000000e3a00000, 0x00000000e3a00000| Untracked 
|  59|0x00000000e3b00000, 0x00000000e3b00000, 0x00000000e3c00000|  0%| F|  |TAMS 0x00000000e3b00000, 0x00000000e3b00000| Untracked 
|  60|0x00000000e3c00000, 0x00000000e3c00000, 0x00000000e3d00000|  0%| F|  |TAMS 0x00000000e3c00000, 0x00000000e3c00000| Untracked 
|  61|0x00000000e3d00000, 0x00000000e3d00000, 0x00000000e3e00000|  0%| F|  |TAMS 0x00000000e3d00000, 0x00000000e3d00000| Untracked 
|  62|0x00000000e3e00000, 0x00000000e3e00000, 0x00000000e3f00000|  0%| F|  |TAMS 0x00000000e3e00000, 0x00000000e3e00000| Untracked 
|  63|0x00000000e3f00000, 0x00000000e3f00000, 0x00000000e4000000|  0%| F|  |TAMS 0x00000000e3f00000, 0x00000000e3f00000| Untracked 
|  64|0x00000000e4000000, 0x00000000e4000000, 0x00000000e4100000|  0%| F|  |TAMS 0x00000000e4000000, 0x00000000e4000000| Untracked 
|  65|0x00000000e4100000, 0x00000000e4100000, 0x00000000e4200000|  0%| F|  |TAMS 0x00000000e4100000, 0x00000000e4100000| Untracked 
|  66|0x00000000e4200000, 0x00000000e4200000, 0x00000000e4300000|  0%| F|  |TAMS 0x00000000e4200000, 0x00000000e4200000| Untracked 
|  67|0x00000000e4300000, 0x00000000e4300000, 0x00000000e4400000|  0%| F|  |TAMS 0x00000000e4300000, 0x00000000e4300000| Untracked 
|  68|0x00000000e4400000, 0x00000000e4400000, 0x00000000e4500000|  0%| F|  |TAMS 0x00000000e4400000, 0x00000000e4400000| Untracked 
|  69|0x00000000e4500000, 0x00000000e4500000, 0x00000000e4600000|  0%| F|  |TAMS 0x00000000e4500000, 0x00000000e4500000| Untracked 
|  70|0x00000000e4600000, 0x00000000e4600000, 0x00000000e4700000|  0%| F|  |TAMS 0x00000000e4600000, 0x00000000e4600000| Untracked 
|  71|0x00000000e4700000, 0x00000000e4700000, 0x00000000e4800000|  0%| F|  |TAMS 0x00000000e4700000, 0x00000000e4700000| Untracked 
|  72|0x00000000e4800000, 0x00000000e4800000, 0x00000000e4900000|  0%| F|  |TAMS 0x00000000e4800000, 0x00000000e4800000| Untracked 
|  73|0x00000000e4900000, 0x00000000e4900000, 0x00000000e4a00000|  0%| F|  |TAMS 0x00000000e4900000, 0x00000000e4900000| Untracked 
|  74|0x00000000e4a00000, 0x00000000e4a00000, 0x00000000e4b00000|  0%| F|  |TAMS 0x00000000e4a00000, 0x00000000e4a00000| Untracked 
|  75|0x00000000e4b00000, 0x00000000e4b00000, 0x00000000e4c00000|  0%| F|  |TAMS 0x00000000e4b00000, 0x00000000e4b00000| Untracked 
|  76|0x00000000e4c00000, 0x00000000e4c00000, 0x00000000e4d00000|  0%| F|  |TAMS 0x00000000e4c00000, 0x00000000e4c00000| Untracked 
|  77|0x00000000e4d00000, 0x00000000e4d00000, 0x00000000e4e00000|  0%| F|  |TAMS 0x00000000e4d00000, 0x00000000e4d00000| Untracked 
|  78|0x00000000e4e00000, 0x00000000e4e00000, 0x00000000e4f00000|  0%| F|  |TAMS 0x00000000e4e00000, 0x00000000e4e00000| Untracked 
|  79|0x00000000e4f00000, 0x00000000e4f00000, 0x00000000e5000000|  0%| F|  |TAMS 0x00000000e4f00000, 0x00000000e4f00000| Untracked 
|  80|0x00000000e5000000, 0x00000000e5000000, 0x00000000e5100000|  0%| F|  |TAMS 0x00000000e5000000, 0x00000000e5000000| Untracked 
|  81|0x00000000e5100000, 0x00000000e5100000, 0x00000000e5200000|  0%| F|  |TAMS 0x00000000e5100000, 0x00000000e5100000| Untracked 
|  82|0x00000000e5200000, 0x00000000e5200000, 0x00000000e5300000|  0%| F|  |TAMS 0x00000000e5200000, 0x00000000e5200000| Untracked 
|  83|0x00000000e5300000, 0x00000000e5300000, 0x00000000e5400000|  0%| F|  |TAMS 0x00000000e5300000, 0x00000000e5300000| Untracked 
|  84|0x00000000e5400000, 0x00000000e5400000, 0x00000000e5500000|  0%| F|  |TAMS 0x00000000e5400000, 0x00000000e5400000| Untracked 
|  85|0x00000000e5500000, 0x00000000e5500000, 0x00000000e5600000|  0%| F|  |TAMS 0x00000000e5500000, 0x00000000e5500000| Untracked 
|  86|0x00000000e5600000, 0x00000000e5600000, 0x00000000e5700000|  0%| F|  |TAMS 0x00000000e5600000, 0x00000000e5600000| Untracked 
|  87|0x00000000e5700000, 0x00000000e5700000, 0x00000000e5800000|  0%| F|  |TAMS 0x00000000e5700000, 0x00000000e5700000| Untracked 
|  88|0x00000000e5800000, 0x00000000e5821fc8, 0x00000000e5900000| 13%| S|CS|TAMS 0x00000000e5800000, 0x00000000e5800000| Complete 
|  89|0x00000000e5900000, 0x00000000e5a00000, 0x00000000e5a00000|100%| S|CS|TAMS 0x00000000e5900000, 0x00000000e5900000| Complete 
|  90|0x00000000e5a00000, 0x00000000e5b00000, 0x00000000e5b00000|100%| S|CS|TAMS 0x00000000e5a00000, 0x00000000e5a00000| Complete 
|  91|0x00000000e5b00000, 0x00000000e5c00000, 0x00000000e5c00000|100%| S|CS|TAMS 0x00000000e5b00000, 0x00000000e5b00000| Complete 
|  92|0x00000000e5c00000, 0x00000000e5d00000, 0x00000000e5d00000|100%| S|CS|TAMS 0x00000000e5c00000, 0x00000000e5c00000| Complete 
|  93|0x00000000e5d00000, 0x00000000e5e00000, 0x00000000e5e00000|100%| S|CS|TAMS 0x00000000e5d00000, 0x00000000e5d00000| Complete 
|  94|0x00000000e5e00000, 0x00000000e5f00000, 0x00000000e5f00000|100%| S|CS|TAMS 0x00000000e5e00000, 0x00000000e5e00000| Complete 
|  95|0x00000000e5f00000, 0x00000000e6000000, 0x00000000e6000000|100%| S|CS|TAMS 0x00000000e5f00000, 0x00000000e5f00000| Complete 
|  96|0x00000000e6000000, 0x00000000e6100000, 0x00000000e6100000|100%| S|CS|TAMS 0x00000000e6000000, 0x00000000e6000000| Complete 
|  97|0x00000000e6100000, 0x00000000e6200000, 0x00000000e6200000|100%| S|CS|TAMS 0x00000000e6100000, 0x00000000e6100000| Complete 
|  98|0x00000000e6200000, 0x00000000e6300000, 0x00000000e6300000|100%| S|CS|TAMS 0x00000000e6200000, 0x00000000e6200000| Complete 
|  99|0x00000000e6300000, 0x00000000e6400000, 0x00000000e6400000|100%| S|CS|TAMS 0x00000000e6300000, 0x00000000e6300000| Complete 
| 100|0x00000000e6400000, 0x00000000e6500000, 0x00000000e6500000|100%| S|CS|TAMS 0x00000000e6400000, 0x00000000e6400000| Complete 
| 101|0x00000000e6500000, 0x00000000e6600000, 0x00000000e6600000|100%| S|CS|TAMS 0x00000000e6500000, 0x00000000e6500000| Complete 
| 102|0x00000000e6600000, 0x00000000e6700000, 0x00000000e6700000|100%| S|CS|TAMS 0x00000000e6600000, 0x00000000e6600000| Complete 
| 103|0x00000000e6700000, 0x00000000e6700000, 0x00000000e6800000|  0%| F|  |TAMS 0x00000000e6700000, 0x00000000e6700000| Untracked 
| 104|0x00000000e6800000, 0x00000000e6800000, 0x00000000e6900000|  0%| F|  |TAMS 0x00000000e6800000, 0x00000000e6800000| Untracked 
| 105|0x00000000e6900000, 0x00000000e6900000, 0x00000000e6a00000|  0%| F|  |TAMS 0x00000000e6900000, 0x00000000e6900000| Untracked 
| 106|0x00000000e6a00000, 0x00000000e6a00000, 0x00000000e6b00000|  0%| F|  |TAMS 0x00000000e6a00000, 0x00000000e6a00000| Untracked 
| 107|0x00000000e6b00000, 0x00000000e6b00000, 0x00000000e6c00000|  0%| F|  |TAMS 0x00000000e6b00000, 0x00000000e6b00000| Untracked 
| 108|0x00000000e6c00000, 0x00000000e6c00000, 0x00000000e6d00000|  0%| F|  |TAMS 0x00000000e6c00000, 0x00000000e6c00000| Untracked 
| 109|0x00000000e6d00000, 0x00000000e6d00000, 0x00000000e6e00000|  0%| F|  |TAMS 0x00000000e6d00000, 0x00000000e6d00000| Untracked 
| 110|0x00000000e6e00000, 0x00000000e6e00000, 0x00000000e6f00000|  0%| F|  |TAMS 0x00000000e6e00000, 0x00000000e6e00000| Untracked 
| 111|0x00000000e6f00000, 0x00000000e6f00000, 0x00000000e7000000|  0%| F|  |TAMS 0x00000000e6f00000, 0x00000000e6f00000| Untracked 
| 112|0x00000000e7000000, 0x00000000e7000000, 0x00000000e7100000|  0%| F|  |TAMS 0x00000000e7000000, 0x00000000e7000000| Untracked 
| 113|0x00000000e7100000, 0x00000000e7100000, 0x00000000e7200000|  0%| F|  |TAMS 0x00000000e7100000, 0x00000000e7100000| Untracked 
| 114|0x00000000e7200000, 0x00000000e7200000, 0x00000000e7300000|  0%| F|  |TAMS 0x00000000e7200000, 0x00000000e7200000| Untracked 
| 115|0x00000000e7300000, 0x00000000e7300000, 0x00000000e7400000|  0%| F|  |TAMS 0x00000000e7300000, 0x00000000e7300000| Untracked 
| 116|0x00000000e7400000, 0x00000000e7400000, 0x00000000e7500000|  0%| F|  |TAMS 0x00000000e7400000, 0x00000000e7400000| Untracked 
| 117|0x00000000e7500000, 0x00000000e7500000, 0x00000000e7600000|  0%| F|  |TAMS 0x00000000e7500000, 0x00000000e7500000| Untracked 
| 118|0x00000000e7600000, 0x00000000e7600000, 0x00000000e7700000|  0%| F|  |TAMS 0x00000000e7600000, 0x00000000e7600000| Untracked 
| 119|0x00000000e7700000, 0x00000000e7700000, 0x00000000e7800000|  0%| F|  |TAMS 0x00000000e7700000, 0x00000000e7700000| Untracked 
| 120|0x00000000e7800000, 0x00000000e7800000, 0x00000000e7900000|  0%| F|  |TAMS 0x00000000e7800000, 0x00000000e7800000| Untracked 
| 121|0x00000000e7900000, 0x00000000e7900000, 0x00000000e7a00000|  0%| F|  |TAMS 0x00000000e7900000, 0x00000000e7900000| Untracked 
| 122|0x00000000e7a00000, 0x00000000e7a00000, 0x00000000e7b00000|  0%| F|  |TAMS 0x00000000e7a00000, 0x00000000e7a00000| Untracked 
| 123|0x00000000e7b00000, 0x00000000e7b00000, 0x00000000e7c00000|  0%| F|  |TAMS 0x00000000e7b00000, 0x00000000e7b00000| Untracked 
| 124|0x00000000e7c00000, 0x00000000e7c00000, 0x00000000e7d00000|  0%| F|  |TAMS 0x00000000e7c00000, 0x00000000e7c00000| Untracked 
| 125|0x00000000e7d00000, 0x00000000e7d00000, 0x00000000e7e00000|  0%| F|  |TAMS 0x00000000e7d00000, 0x00000000e7d00000| Untracked 
| 126|0x00000000e7e00000, 0x00000000e7e00000, 0x00000000e7f00000|  0%| F|  |TAMS 0x00000000e7e00000, 0x00000000e7e00000| Untracked 
| 127|0x00000000e7f00000, 0x00000000e7f00000, 0x00000000e8000000|  0%| F|  |TAMS 0x00000000e7f00000, 0x00000000e7f00000| Untracked 
| 128|0x00000000e8000000, 0x00000000e8000000, 0x00000000e8100000|  0%| F|  |TAMS 0x00000000e8000000, 0x00000000e8000000| Untracked 
| 129|0x00000000e8100000, 0x00000000e8100000, 0x00000000e8200000|  0%| F|  |TAMS 0x00000000e8100000, 0x00000000e8100000| Untracked 
| 130|0x00000000e8200000, 0x00000000e8200000, 0x00000000e8300000|  0%| F|  |TAMS 0x00000000e8200000, 0x00000000e8200000| Untracked 
| 131|0x00000000e8300000, 0x00000000e8300000, 0x00000000e8400000|  0%| F|  |TAMS 0x00000000e8300000, 0x00000000e8300000| Untracked 
| 132|0x00000000e8400000, 0x00000000e8400000, 0x00000000e8500000|  0%| F|  |TAMS 0x00000000e8400000, 0x00000000e8400000| Untracked 
| 133|0x00000000e8500000, 0x00000000e8500000, 0x00000000e8600000|  0%| F|  |TAMS 0x00000000e8500000, 0x00000000e8500000| Untracked 
| 134|0x00000000e8600000, 0x00000000e8600000, 0x00000000e8700000|  0%| F|  |TAMS 0x00000000e8600000, 0x00000000e8600000| Untracked 
| 135|0x00000000e8700000, 0x00000000e8700000, 0x00000000e8800000|  0%| F|  |TAMS 0x00000000e8700000, 0x00000000e8700000| Untracked 
| 136|0x00000000e8800000, 0x00000000e8800000, 0x00000000e8900000|  0%| F|  |TAMS 0x00000000e8800000, 0x00000000e8800000| Untracked 
| 137|0x00000000e8900000, 0x00000000e8900000, 0x00000000e8a00000|  0%| F|  |TAMS 0x00000000e8900000, 0x00000000e8900000| Untracked 
| 138|0x00000000e8a00000, 0x00000000e8a00000, 0x00000000e8b00000|  0%| F|  |TAMS 0x00000000e8a00000, 0x00000000e8a00000| Untracked 
| 139|0x00000000e8b00000, 0x00000000e8b00000, 0x00000000e8c00000|  0%| F|  |TAMS 0x00000000e8b00000, 0x00000000e8b00000| Untracked 
| 140|0x00000000e8c00000, 0x00000000e8c00000, 0x00000000e8d00000|  0%| F|  |TAMS 0x00000000e8c00000, 0x00000000e8c00000| Untracked 
| 141|0x00000000e8d00000, 0x00000000e8d00000, 0x00000000e8e00000|  0%| F|  |TAMS 0x00000000e8d00000, 0x00000000e8d00000| Untracked 
| 142|0x00000000e8e00000, 0x00000000e8e00000, 0x00000000e8f00000|  0%| F|  |TAMS 0x00000000e8e00000, 0x00000000e8e00000| Untracked 
| 143|0x00000000e8f00000, 0x00000000e8f00000, 0x00000000e9000000|  0%| F|  |TAMS 0x00000000e8f00000, 0x00000000e8f00000| Untracked 
| 144|0x00000000e9000000, 0x00000000e9000000, 0x00000000e9100000|  0%| F|  |TAMS 0x00000000e9000000, 0x00000000e9000000| Untracked 
| 145|0x00000000e9100000, 0x00000000e9100000, 0x00000000e9200000|  0%| F|  |TAMS 0x00000000e9100000, 0x00000000e9100000| Untracked 
| 146|0x00000000e9200000, 0x00000000e9200000, 0x00000000e9300000|  0%| F|  |TAMS 0x00000000e9200000, 0x00000000e9200000| Untracked 
| 147|0x00000000e9300000, 0x00000000e9300000, 0x00000000e9400000|  0%| F|  |TAMS 0x00000000e9300000, 0x00000000e9300000| Untracked 
| 148|0x00000000e9400000, 0x00000000e9400000, 0x00000000e9500000|  0%| F|  |TAMS 0x00000000e9400000, 0x00000000e9400000| Untracked 
| 149|0x00000000e9500000, 0x00000000e9500000, 0x00000000e9600000|  0%| F|  |TAMS 0x00000000e9500000, 0x00000000e9500000| Untracked 
| 150|0x00000000e9600000, 0x00000000e9600000, 0x00000000e9700000|  0%| F|  |TAMS 0x00000000e9600000, 0x00000000e9600000| Untracked 
| 151|0x00000000e9700000, 0x00000000e9700000, 0x00000000e9800000|  0%| F|  |TAMS 0x00000000e9700000, 0x00000000e9700000| Untracked 
| 152|0x00000000e9800000, 0x00000000e9800000, 0x00000000e9900000|  0%| F|  |TAMS 0x00000000e9800000, 0x00000000e9800000| Untracked 
| 153|0x00000000e9900000, 0x00000000e9900000, 0x00000000e9a00000|  0%| F|  |TAMS 0x00000000e9900000, 0x00000000e9900000| Untracked 
| 154|0x00000000e9a00000, 0x00000000e9a00000, 0x00000000e9b00000|  0%| F|  |TAMS 0x00000000e9a00000, 0x00000000e9a00000| Untracked 
| 155|0x00000000e9b00000, 0x00000000e9b00000, 0x00000000e9c00000|  0%| F|  |TAMS 0x00000000e9b00000, 0x00000000e9b00000| Untracked 
| 156|0x00000000e9c00000, 0x00000000e9c00000, 0x00000000e9d00000|  0%| F|  |TAMS 0x00000000e9c00000, 0x00000000e9c00000| Untracked 
| 157|0x00000000e9d00000, 0x00000000e9d00000, 0x00000000e9e00000|  0%| F|  |TAMS 0x00000000e9d00000, 0x00000000e9d00000| Untracked 
| 158|0x00000000e9e00000, 0x00000000e9e00000, 0x00000000e9f00000|  0%| F|  |TAMS 0x00000000e9e00000, 0x00000000e9e00000| Untracked 
| 159|0x00000000e9f00000, 0x00000000e9f00000, 0x00000000ea000000|  0%| F|  |TAMS 0x00000000e9f00000, 0x00000000e9f00000| Untracked 
| 160|0x00000000ea000000, 0x00000000ea000000, 0x00000000ea100000|  0%| F|  |TAMS 0x00000000ea000000, 0x00000000ea000000| Untracked 
| 161|0x00000000ea100000, 0x00000000ea100000, 0x00000000ea200000|  0%| F|  |TAMS 0x00000000ea100000, 0x00000000ea100000| Untracked 
| 162|0x00000000ea200000, 0x00000000ea200000, 0x00000000ea300000|  0%| F|  |TAMS 0x00000000ea200000, 0x00000000ea200000| Untracked 
| 163|0x00000000ea300000, 0x00000000ea300000, 0x00000000ea400000|  0%| F|  |TAMS 0x00000000ea300000, 0x00000000ea300000| Untracked 
| 164|0x00000000ea400000, 0x00000000ea400000, 0x00000000ea500000|  0%| F|  |TAMS 0x00000000ea400000, 0x00000000ea400000| Untracked 
| 165|0x00000000ea500000, 0x00000000ea500000, 0x00000000ea600000|  0%| F|  |TAMS 0x00000000ea500000, 0x00000000ea500000| Untracked 
| 166|0x00000000ea600000, 0x00000000ea600000, 0x00000000ea700000|  0%| F|  |TAMS 0x00000000ea600000, 0x00000000ea600000| Untracked 
| 167|0x00000000ea700000, 0x00000000ea700000, 0x00000000ea800000|  0%| F|  |TAMS 0x00000000ea700000, 0x00000000ea700000| Untracked 
| 168|0x00000000ea800000, 0x00000000ea800000, 0x00000000ea900000|  0%| F|  |TAMS 0x00000000ea800000, 0x00000000ea800000| Untracked 
| 169|0x00000000ea900000, 0x00000000ea900000, 0x00000000eaa00000|  0%| F|  |TAMS 0x00000000ea900000, 0x00000000ea900000| Untracked 
| 170|0x00000000eaa00000, 0x00000000eaa00000, 0x00000000eab00000|  0%| F|  |TAMS 0x00000000eaa00000, 0x00000000eaa00000| Untracked 
| 171|0x00000000eab00000, 0x00000000eab00000, 0x00000000eac00000|  0%| F|  |TAMS 0x00000000eab00000, 0x00000000eab00000| Untracked 
| 172|0x00000000eac00000, 0x00000000eac00000, 0x00000000ead00000|  0%| F|  |TAMS 0x00000000eac00000, 0x00000000eac00000| Untracked 
| 173|0x00000000ead00000, 0x00000000ead00000, 0x00000000eae00000|  0%| F|  |TAMS 0x00000000ead00000, 0x00000000ead00000| Untracked 
| 174|0x00000000eae00000, 0x00000000eae00000, 0x00000000eaf00000|  0%| F|  |TAMS 0x00000000eae00000, 0x00000000eae00000| Untracked 
| 175|0x00000000eaf00000, 0x00000000eaf00000, 0x00000000eb000000|  0%| F|  |TAMS 0x00000000eaf00000, 0x00000000eaf00000| Untracked 
| 176|0x00000000eb000000, 0x00000000eb000000, 0x00000000eb100000|  0%| F|  |TAMS 0x00000000eb000000, 0x00000000eb000000| Untracked 
| 177|0x00000000eb100000, 0x00000000eb100000, 0x00000000eb200000|  0%| F|  |TAMS 0x00000000eb100000, 0x00000000eb100000| Untracked 
| 178|0x00000000eb200000, 0x00000000eb200000, 0x00000000eb300000|  0%| F|  |TAMS 0x00000000eb200000, 0x00000000eb200000| Untracked 
| 179|0x00000000eb300000, 0x00000000eb300000, 0x00000000eb400000|  0%| F|  |TAMS 0x00000000eb300000, 0x00000000eb300000| Untracked 
| 180|0x00000000eb400000, 0x00000000eb400000, 0x00000000eb500000|  0%| F|  |TAMS 0x00000000eb400000, 0x00000000eb400000| Untracked 
| 181|0x00000000eb500000, 0x00000000eb500000, 0x00000000eb600000|  0%| F|  |TAMS 0x00000000eb500000, 0x00000000eb500000| Untracked 
| 182|0x00000000eb600000, 0x00000000eb600000, 0x00000000eb700000|  0%| F|  |TAMS 0x00000000eb600000, 0x00000000eb600000| Untracked 
| 183|0x00000000eb700000, 0x00000000eb700000, 0x00000000eb800000|  0%| F|  |TAMS 0x00000000eb700000, 0x00000000eb700000| Untracked 
| 184|0x00000000eb800000, 0x00000000eb800000, 0x00000000eb900000|  0%| F|  |TAMS 0x00000000eb800000, 0x00000000eb800000| Untracked 
| 185|0x00000000eb900000, 0x00000000eb900000, 0x00000000eba00000|  0%| F|  |TAMS 0x00000000eb900000, 0x00000000eb900000| Untracked 
| 186|0x00000000eba00000, 0x00000000eba00000, 0x00000000ebb00000|  0%| F|  |TAMS 0x00000000eba00000, 0x00000000eba00000| Untracked 
| 187|0x00000000ebb00000, 0x00000000ebb00000, 0x00000000ebc00000|  0%| F|  |TAMS 0x00000000ebb00000, 0x00000000ebb00000| Untracked 
| 188|0x00000000ebc00000, 0x00000000ebc00000, 0x00000000ebd00000|  0%| F|  |TAMS 0x00000000ebc00000, 0x00000000ebc00000| Untracked 
| 189|0x00000000ebd00000, 0x00000000ebd00000, 0x00000000ebe00000|  0%| F|  |TAMS 0x00000000ebd00000, 0x00000000ebd00000| Untracked 
| 190|0x00000000ebe00000, 0x00000000ebe00000, 0x00000000ebf00000|  0%| F|  |TAMS 0x00000000ebe00000, 0x00000000ebe00000| Untracked 
| 191|0x00000000ebf00000, 0x00000000ebf00000, 0x00000000ec000000|  0%| F|  |TAMS 0x00000000ebf00000, 0x00000000ebf00000| Untracked 
| 192|0x00000000ec000000, 0x00000000ec000000, 0x00000000ec100000|  0%| F|  |TAMS 0x00000000ec000000, 0x00000000ec000000| Untracked 
| 193|0x00000000ec100000, 0x00000000ec100000, 0x00000000ec200000|  0%| F|  |TAMS 0x00000000ec100000, 0x00000000ec100000| Untracked 
| 194|0x00000000ec200000, 0x00000000ec200000, 0x00000000ec300000|  0%| F|  |TAMS 0x00000000ec200000, 0x00000000ec200000| Untracked 
| 195|0x00000000ec300000, 0x00000000ec300000, 0x00000000ec400000|  0%| F|  |TAMS 0x00000000ec300000, 0x00000000ec300000| Untracked 
| 196|0x00000000ec400000, 0x00000000ec400000, 0x00000000ec500000|  0%| F|  |TAMS 0x00000000ec400000, 0x00000000ec400000| Untracked 
| 197|0x00000000ec500000, 0x00000000ec500000, 0x00000000ec600000|  0%| F|  |TAMS 0x00000000ec500000, 0x00000000ec500000| Untracked 
| 198|0x00000000ec600000, 0x00000000ec600000, 0x00000000ec700000|  0%| F|  |TAMS 0x00000000ec600000, 0x00000000ec600000| Untracked 
| 199|0x00000000ec700000, 0x00000000ec700000, 0x00000000ec800000|  0%| F|  |TAMS 0x00000000ec700000, 0x00000000ec700000| Untracked 
| 200|0x00000000ec800000, 0x00000000ec800000, 0x00000000ec900000|  0%| F|  |TAMS 0x00000000ec800000, 0x00000000ec800000| Untracked 
| 201|0x00000000ec900000, 0x00000000ec900000, 0x00000000eca00000|  0%| F|  |TAMS 0x00000000ec900000, 0x00000000ec900000| Untracked 
| 202|0x00000000eca00000, 0x00000000eca00000, 0x00000000ecb00000|  0%| F|  |TAMS 0x00000000eca00000, 0x00000000eca00000| Untracked 
| 203|0x00000000ecb00000, 0x00000000ecb00000, 0x00000000ecc00000|  0%| F|  |TAMS 0x00000000ecb00000, 0x00000000ecb00000| Untracked 
| 204|0x00000000ecc00000, 0x00000000ecc00000, 0x00000000ecd00000|  0%| F|  |TAMS 0x00000000ecc00000, 0x00000000ecc00000| Untracked 
| 205|0x00000000ecd00000, 0x00000000ecd00000, 0x00000000ece00000|  0%| F|  |TAMS 0x00000000ecd00000, 0x00000000ecd00000| Untracked 
| 206|0x00000000ece00000, 0x00000000ece00000, 0x00000000ecf00000|  0%| F|  |TAMS 0x00000000ece00000, 0x00000000ece00000| Untracked 
| 207|0x00000000ecf00000, 0x00000000ecf00000, 0x00000000ed000000|  0%| F|  |TAMS 0x00000000ecf00000, 0x00000000ecf00000| Untracked 
| 208|0x00000000ed000000, 0x00000000ed000000, 0x00000000ed100000|  0%| F|  |TAMS 0x00000000ed000000, 0x00000000ed000000| Untracked 
| 209|0x00000000ed100000, 0x00000000ed100000, 0x00000000ed200000|  0%| F|  |TAMS 0x00000000ed100000, 0x00000000ed100000| Untracked 
| 210|0x00000000ed200000, 0x00000000ed200000, 0x00000000ed300000|  0%| F|  |TAMS 0x00000000ed200000, 0x00000000ed200000| Untracked 
| 211|0x00000000ed300000, 0x00000000ed380800, 0x00000000ed400000| 50%| E|  |TAMS 0x00000000ed300000, 0x00000000ed300000| Complete 
| 212|0x00000000ed400000, 0x00000000ed500000, 0x00000000ed500000|100%| E|CS|TAMS 0x00000000ed400000, 0x00000000ed400000| Complete 
| 213|0x00000000ed500000, 0x00000000ed600000, 0x00000000ed600000|100%| E|CS|TAMS 0x00000000ed500000, 0x00000000ed500000| Complete 
| 214|0x00000000ed600000, 0x00000000ed700000, 0x00000000ed700000|100%| E|CS|TAMS 0x00000000ed600000, 0x00000000ed600000| Complete 
| 215|0x00000000ed700000, 0x00000000ed800000, 0x00000000ed800000|100%| E|CS|TAMS 0x00000000ed700000, 0x00000000ed700000| Complete 
| 216|0x00000000ed800000, 0x00000000ed900000, 0x00000000ed900000|100%| E|CS|TAMS 0x00000000ed800000, 0x00000000ed800000| Complete 
| 217|0x00000000ed900000, 0x00000000eda00000, 0x00000000eda00000|100%| E|CS|TAMS 0x00000000ed900000, 0x00000000ed900000| Complete 
| 218|0x00000000eda00000, 0x00000000edb00000, 0x00000000edb00000|100%| E|CS|TAMS 0x00000000eda00000, 0x00000000eda00000| Complete 
| 219|0x00000000edb00000, 0x00000000edc00000, 0x00000000edc00000|100%| E|CS|TAMS 0x00000000edb00000, 0x00000000edb00000| Complete 
| 220|0x00000000edc00000, 0x00000000edd00000, 0x00000000edd00000|100%| E|CS|TAMS 0x00000000edc00000, 0x00000000edc00000| Complete 
| 221|0x00000000edd00000, 0x00000000ede00000, 0x00000000ede00000|100%| E|CS|TAMS 0x00000000edd00000, 0x00000000edd00000| Complete 
| 222|0x00000000ede00000, 0x00000000edf00000, 0x00000000edf00000|100%| E|CS|TAMS 0x00000000ede00000, 0x00000000ede00000| Complete 
| 223|0x00000000edf00000, 0x00000000ee000000, 0x00000000ee000000|100%| E|CS|TAMS 0x00000000edf00000, 0x00000000edf00000| Complete 
| 224|0x00000000ee000000, 0x00000000ee100000, 0x00000000ee100000|100%| E|CS|TAMS 0x00000000ee000000, 0x00000000ee000000| Complete 
| 225|0x00000000ee100000, 0x00000000ee200000, 0x00000000ee200000|100%| E|CS|TAMS 0x00000000ee100000, 0x00000000ee100000| Complete 
| 226|0x00000000ee200000, 0x00000000ee300000, 0x00000000ee300000|100%| E|CS|TAMS 0x00000000ee200000, 0x00000000ee200000| Complete 
| 227|0x00000000ee300000, 0x00000000ee400000, 0x00000000ee400000|100%| E|CS|TAMS 0x00000000ee300000, 0x00000000ee300000| Complete 
| 228|0x00000000ee400000, 0x00000000ee500000, 0x00000000ee500000|100%| E|CS|TAMS 0x00000000ee400000, 0x00000000ee400000| Complete 
| 229|0x00000000ee500000, 0x00000000ee600000, 0x00000000ee600000|100%| E|CS|TAMS 0x00000000ee500000, 0x00000000ee500000| Complete 
| 230|0x00000000ee600000, 0x00000000ee700000, 0x00000000ee700000|100%| E|CS|TAMS 0x00000000ee600000, 0x00000000ee600000| Complete 
| 231|0x00000000ee700000, 0x00000000ee800000, 0x00000000ee800000|100%| E|CS|TAMS 0x00000000ee700000, 0x00000000ee700000| Complete 
| 232|0x00000000ee800000, 0x00000000ee900000, 0x00000000ee900000|100%| E|CS|TAMS 0x00000000ee800000, 0x00000000ee800000| Complete 
| 233|0x00000000ee900000, 0x00000000eea00000, 0x00000000eea00000|100%| E|CS|TAMS 0x00000000ee900000, 0x00000000ee900000| Complete 
| 234|0x00000000eea00000, 0x00000000eeb00000, 0x00000000eeb00000|100%| E|CS|TAMS 0x00000000eea00000, 0x00000000eea00000| Complete 
| 235|0x00000000eeb00000, 0x00000000eec00000, 0x00000000eec00000|100%| E|CS|TAMS 0x00000000eeb00000, 0x00000000eeb00000| Complete 
| 236|0x00000000eec00000, 0x00000000eed00000, 0x00000000eed00000|100%| E|CS|TAMS 0x00000000eec00000, 0x00000000eec00000| Complete 
| 237|0x00000000eed00000, 0x00000000eee00000, 0x00000000eee00000|100%| E|CS|TAMS 0x00000000eed00000, 0x00000000eed00000| Complete 
| 238|0x00000000eee00000, 0x00000000eef00000, 0x00000000eef00000|100%| E|CS|TAMS 0x00000000eee00000, 0x00000000eee00000| Complete 
| 239|0x00000000eef00000, 0x00000000ef000000, 0x00000000ef000000|100%| E|CS|TAMS 0x00000000eef00000, 0x00000000eef00000| Complete 
| 240|0x00000000ef000000, 0x00000000ef100000, 0x00000000ef100000|100%| E|CS|TAMS 0x00000000ef000000, 0x00000000ef000000| Complete 
| 241|0x00000000ef100000, 0x00000000ef200000, 0x00000000ef200000|100%| E|CS|TAMS 0x00000000ef100000, 0x00000000ef100000| Complete 
| 242|0x00000000ef200000, 0x00000000ef300000, 0x00000000ef300000|100%| E|CS|TAMS 0x00000000ef200000, 0x00000000ef200000| Complete 
| 243|0x00000000ef300000, 0x00000000ef400000, 0x00000000ef400000|100%| E|CS|TAMS 0x00000000ef300000, 0x00000000ef300000| Complete 
| 244|0x00000000ef400000, 0x00000000ef500000, 0x00000000ef500000|100%| E|CS|TAMS 0x00000000ef400000, 0x00000000ef400000| Complete 
| 245|0x00000000ef500000, 0x00000000ef600000, 0x00000000ef600000|100%| E|CS|TAMS 0x00000000ef500000, 0x00000000ef500000| Complete 
| 246|0x00000000ef600000, 0x00000000ef700000, 0x00000000ef700000|100%| E|CS|TAMS 0x00000000ef600000, 0x00000000ef600000| Complete 
| 247|0x00000000ef700000, 0x00000000ef800000, 0x00000000ef800000|100%| E|CS|TAMS 0x00000000ef700000, 0x00000000ef700000| Complete 
| 248|0x00000000ef800000, 0x00000000ef900000, 0x00000000ef900000|100%| E|CS|TAMS 0x00000000ef800000, 0x00000000ef800000| Complete 
| 249|0x00000000ef900000, 0x00000000efa00000, 0x00000000efa00000|100%| E|CS|TAMS 0x00000000ef900000, 0x00000000ef900000| Complete 
| 250|0x00000000efa00000, 0x00000000efb00000, 0x00000000efb00000|100%| E|CS|TAMS 0x00000000efa00000, 0x00000000efa00000| Complete 
| 251|0x00000000efb00000, 0x00000000efc00000, 0x00000000efc00000|100%| E|CS|TAMS 0x00000000efb00000, 0x00000000efb00000| Complete 
| 252|0x00000000efc00000, 0x00000000efd00000, 0x00000000efd00000|100%| E|CS|TAMS 0x00000000efc00000, 0x00000000efc00000| Complete 
| 253|0x00000000efd00000, 0x00000000efe00000, 0x00000000efe00000|100%| E|CS|TAMS 0x00000000efd00000, 0x00000000efd00000| Complete 
| 254|0x00000000efe00000, 0x00000000eff00000, 0x00000000eff00000|100%| E|CS|TAMS 0x00000000efe00000, 0x00000000efe00000| Complete 
| 255|0x00000000eff00000, 0x00000000f0000000, 0x00000000f0000000|100%| E|CS|TAMS 0x00000000eff00000, 0x00000000eff00000| Complete 

Card table byte_map: [0x000001dfd8d30000,0x000001dfd8e30000] _byte_map_base: 0x000001dfd8630000

Marking Bits (Prev, Next): (CMBitMap*) 0x000001dfc1b79e00, (CMBitMap*) 0x000001dfc1b79e40
 Prev Bits: [0x000001dfd8f30000, 0x000001dfd9730000)
 Next Bits: [0x000001dfd9730000, 0x000001dfd9f30000)

Polling page: 0x000001dfbfad0000

Metaspace:

Usage:
  Non-class:     39.05 MB used.
      Class:      6.45 MB used.
       Both:     45.49 MB used.

Virtual space:
  Non-class space:       40.00 MB reserved,      39.44 MB ( 99%) committed,  5 nodes.
      Class space:      208.00 MB reserved,       6.81 MB (  3%) committed,  1 nodes.
             Both:      248.00 MB reserved,      46.25 MB ( 19%) committed. 

Chunk freelists:
   Non-Class:  480.00 KB
       Class:  1.19 MB
        Both:  1.66 MB

MaxMetaspaceSize: 256.00 MB
CompressedClassSpaceSize: 208.00 MB
Initial GC threshold: 21.00 MB
Current GC threshold: 59.00 MB
CDS: on
MetaspaceReclaimPolicy: balanced
 - commit_granule_bytes: 65536.
 - commit_granule_words: 8192.
 - virtual_space_node_default_size: 1048576.
 - enlarge_chunks_in_place: 1.
 - new_chunks_are_fully_committed: 0.
 - uncommit_free_chunks: 1.
 - use_allocation_guard: 0.
 - handle_deallocations: 1.


Internal statistics:

num_allocs_failed_limit: 6.
num_arena_births: 652.
num_arena_deaths: 0.
num_vsnodes_births: 6.
num_vsnodes_deaths: 0.
num_space_committed: 740.
num_space_uncommitted: 0.
num_chunks_returned_to_freelist: 6.
num_chunks_taken_from_freelist: 2536.
num_chunk_merges: 6.
num_chunk_splits: 1603.
num_chunks_enlarged: 995.
num_purges: 0.
num_inconsistent_stats: 0.

CodeHeap 'non-profiled nmethods': size=119168Kb used=3724Kb max_used=3724Kb free=115443Kb
 bounds [0x000001dfd0f50000, 0x000001dfd1300000, 0x000001dfd83b0000]
CodeHeap 'profiled nmethods': size=119104Kb used=11681Kb max_used=11681Kb free=107422Kb
 bounds [0x000001dfc9b00000, 0x000001dfca670000, 0x000001dfd0f50000]
CodeHeap 'non-nmethods': size=7488Kb used=4018Kb max_used=4125Kb free=3469Kb
 bounds [0x000001dfc93b0000, 0x000001dfc97d0000, 0x000001dfc9b00000]
 total_blobs=6564 nmethods=5718 adapters=755
 compilation: enabled
              stopped_count=0, restarted_count=0
 full_count=0

Compilation events (20 events):
Event: 4.055 Thread 0x000001dfdceb1b70 nmethod 6451 0x000001dfca64ff10 code [0x000001dfca6500c0, 0x000001dfca650458]
Event: 4.055 Thread 0x000001dfdef69380 nmethod 6455 0x000001dfca650590 code [0x000001dfca650740, 0x000001dfca6509b8]
Event: 4.055 Thread 0x000001dfdd8e0fd0 nmethod 6454 0x000001dfca650a90 code [0x000001dfca650c60, 0x000001dfca6510d8]
Event: 4.056 Thread 0x000001dfdd8dc6b0 nmethod 6456 0x000001dfca651290 code [0x000001dfca651580, 0x000001dfca6526e8]
Event: 4.058 Thread 0x000001dfdd8dc6b0 6457       3       java.util.HashMap$TreeNode::tieBreakOrder (49 bytes)
Event: 4.058 Thread 0x000001dfdd995d80 nmethod 6444 0x000001dfd12ef990 code [0x000001dfd12efb40, 0x000001dfd12f02e8]
Event: 4.058 Thread 0x000001dfdd995d80 6448       4       java.lang.reflect.Executable::printModifiersIfNonzero (101 bytes)
Event: 4.058 Thread 0x000001dfdd8dc6b0 nmethod 6457 0x000001dfca652f10 code [0x000001dfca653120, 0x000001dfca653648]
Event: 4.059 Thread 0x000001dfdceb1b70 6460       3       java.lang.Class::getConstructor (31 bytes)
Event: 4.060 Thread 0x000001dfdceb1b70 nmethod 6460 0x000001dfca653890 code [0x000001dfca653b00, 0x000001dfca654478]
Event: 4.063 Thread 0x000001dfdceb1b70 6463       1       org.gradle.internal.instantiation.generator.AbstractClassGenerator$MethodMetadata::getGenericReturnType (5 bytes)
Event: 4.063 Thread 0x000001dfdceb1b70 nmethod 6463 0x000001dfd12f0610 code [0x000001dfd12f07a0, 0x000001dfd12f0878]
Event: 4.067 Thread 0x000001dfdd995d80 nmethod 6448 0x000001dfd12f0910 code [0x000001dfd12f0b40, 0x000001dfd12f18e0]
Event: 4.067 Thread 0x000001dfdd995d80 6458       4       java.util.TreeMap::get (19 bytes)
Event: 4.067 Thread 0x000001dfdd995d80 nmethod 6458 0x000001dfd12f2110 code [0x000001dfd12f22a0, 0x000001dfd12f2348]
Event: 4.067 Thread 0x000001dfdd995d80 6461       4       java.util.LinkedHashMap$LinkedValues::iterator (12 bytes)
Event: 4.068 Thread 0x000001dfdceb1b70 6464       3       groovy.lang.MetaClassImpl::populateMethods (401 bytes)
Event: 4.070 Thread 0x000001dfdd995d80 nmethod 6461 0x000001dfd12f2410 code [0x000001dfd12f25a0, 0x000001dfd12f2778]
Event: 4.070 Thread 0x000001dfdd995d80 6459       4       java.util.LinkedHashMap::values (25 bytes)
Event: 4.070 Thread 0x000001dfdceb1b70 nmethod 6464 0x000001dfca654890 code [0x000001dfca654d00, 0x000001dfca6576f8]

GC Heap History (10 events):
Event: 0.339 GC heap before
{Heap before GC invocations=0 (full 0):
 garbage-first heap   total 262144K, used 28672K [0x00000000e0000000, 0x0000000100000000)
  region size 1024K, 23 young (23552K), 0 survivors (0K)
 Metaspace       used 3027K, committed 3200K, reserved 221184K
  class space    used 381K, committed 448K, reserved 212992K
}
Event: 0.342 GC heap after
{Heap after GC invocations=1 (full 0):
 garbage-first heap   total 262144K, used 9778K [0x00000000e0000000, 0x0000000100000000)
  region size 1024K, 3 young (3072K), 3 survivors (3072K)
 Metaspace       used 3027K, committed 3200K, reserved 221184K
  class space    used 381K, committed 448K, reserved 212992K
}
Event: 0.554 GC heap before
{Heap before GC invocations=1 (full 0):
 garbage-first heap   total 262144K, used 39474K [0x00000000e0000000, 0x0000000100000000)
  region size 1024K, 31 young (31744K), 3 survivors (3072K)
 Metaspace       used 3948K, committed 4160K, reserved 221184K
  class space    used 476K, committed 576K, reserved 212992K
}
Event: 0.556 GC heap after
{Heap after GC invocations=2 (full 0):
 garbage-first heap   total 262144K, used 12155K [0x00000000e0000000, 0x0000000100000000)
  region size 1024K, 3 young (3072K), 3 survivors (3072K)
 Metaspace       used 3948K, committed 4160K, reserved 221184K
  class space    used 476K, committed 576K, reserved 212992K
}
Event: 1.764 GC heap before
{Heap before GC invocations=2 (full 0):
 garbage-first heap   total 262144K, used 116603K [0x00000000e0000000, 0x0000000100000000)
  region size 1024K, 106 young (108544K), 3 survivors (3072K)
 Metaspace       used 21264K, committed 21504K, reserved 237568K
  class space    used 3161K, committed 3264K, reserved 212992K
}
Event: 1.769 GC heap after
{Heap after GC invocations=3 (full 0):
 garbage-first heap   total 262144K, used 20611K [0x00000000e0000000, 0x0000000100000000)
  region size 1024K, 12 young (12288K), 12 survivors (12288K)
 Metaspace       used 21264K, committed 21504K, reserved 237568K
  class space    used 3161K, committed 3264K, reserved 212992K
}
Event: 2.738 GC heap before
{Heap before GC invocations=4 (full 0):
 garbage-first heap   total 262144K, used 133251K [0x00000000e0000000, 0x0000000100000000)
  region size 1024K, 120 young (122880K), 12 survivors (12288K)
 Metaspace       used 35703K, committed 36096K, reserved 245760K
  class space    used 4899K, committed 5056K, reserved 212992K
}
Event: 2.746 GC heap after
{Heap after GC invocations=5 (full 0):
 garbage-first heap   total 262144K, used 31882K [0x00000000e0000000, 0x0000000100000000)
  region size 1024K, 12 young (12288K), 12 survivors (12288K)
 Metaspace       used 35703K, committed 36096K, reserved 245760K
  class space    used 4899K, committed 5056K, reserved 212992K
}
Event: 3.839 GC heap before
{Heap before GC invocations=6 (full 0):
 garbage-first heap   total 262144K, used 180362K [0x00000000e0000000, 0x0000000100000000)
  region size 1024K, 153 young (156672K), 12 survivors (12288K)
 Metaspace       used 45531K, committed 46208K, reserved 253952K
  class space    used 6431K, committed 6720K, reserved 212992K
}
Event: 3.848 GC heap after
{Heap after GC invocations=7 (full 0):
 garbage-first heap   total 262144K, used 49372K [0x00000000e0000000, 0x0000000100000000)
  region size 1024K, 15 young (15360K), 15 survivors (15360K)
 Metaspace       used 45531K, committed 46208K, reserved 253952K
  class space    used 6431K, committed 6720K, reserved 212992K
}

Deoptimization events (20 events):
Event: 3.909 Thread 0x000001dfdf6b6ff0 Uncommon trap: trap_request=0xffffff45 fr.pc=0x000001dfd12a5edc relative=0x000000000000383c
Event: 3.909 Thread 0x000001dfdf6b6ff0 Uncommon trap: reason=unstable_if action=reinterpret pc=0x000001dfd12a5edc method=groovy.lang.MetaClassImpl.checkIfStdMethod(Lgroovy/lang/MetaMethod;)V @ 167 c2
Event: 3.910 Thread 0x000001dfdf6b6ff0 DEOPT PACKING pc=0x000001dfd12a5edc sp=0x00000067b56f1570
Event: 3.910 Thread 0x000001dfdf6b6ff0 DEOPT UNPACKING pc=0x000001dfc94023a3 sp=0x00000067b56f1540 mode 2
Event: 3.913 Thread 0x000001dfdf6b6ff0 Uncommon trap: trap_request=0xffffff45 fr.pc=0x000001dfd12ae92c relative=0x00000000000034cc
Event: 3.913 Thread 0x000001dfdf6b6ff0 Uncommon trap: reason=unstable_if action=reinterpret pc=0x000001dfd12ae92c method=groovy.lang.MetaClassImpl.checkIfStdMethod(Lgroovy/lang/MetaMethod;)V @ 167 c2
Event: 3.913 Thread 0x000001dfdf6b6ff0 DEOPT PACKING pc=0x000001dfd12ae92c sp=0x00000067b56f1520
Event: 3.913 Thread 0x000001dfdf6b6ff0 DEOPT UNPACKING pc=0x000001dfc94023a3 sp=0x00000067b56f1548 mode 2
Event: 3.937 Thread 0x000001dfdf6b6ff0 Uncommon trap: trap_request=0xffffff45 fr.pc=0x000001dfd1272954 relative=0x0000000000005c14
Event: 3.937 Thread 0x000001dfdf6b6ff0 Uncommon trap: reason=unstable_if action=reinterpret pc=0x000001dfd1272954 method=java.util.jar.JarFile.maybeInstantiateVerifier()V @ 4 c2
Event: 3.937 Thread 0x000001dfdf6b6ff0 DEOPT PACKING pc=0x000001dfd1272954 sp=0x00000067b56f42d0
Event: 3.937 Thread 0x000001dfdf6b6ff0 DEOPT UNPACKING pc=0x000001dfc94023a3 sp=0x00000067b56f3f48 mode 2
Event: 3.959 Thread 0x000001dfdf6b6ff0 DEOPT PACKING pc=0x000001dfca1e5a6e sp=0x00000067b56f20e0
Event: 3.959 Thread 0x000001dfdf6b6ff0 DEOPT UNPACKING pc=0x000001dfc9402b43 sp=0x00000067b56f1590 mode 0
Event: 3.989 Thread 0x000001dfdf6b6ff0 DEOPT PACKING pc=0x000001dfca1e5a6e sp=0x00000067b56f1540
Event: 3.989 Thread 0x000001dfdf6b6ff0 DEOPT UNPACKING pc=0x000001dfc9402b43 sp=0x00000067b56f09f0 mode 0
Event: 4.025 Thread 0x000001dfdf6b6ff0 DEOPT PACKING pc=0x000001dfca1e5a6e sp=0x00000067b56f1540
Event: 4.025 Thread 0x000001dfdf6b6ff0 DEOPT UNPACKING pc=0x000001dfc9402b43 sp=0x00000067b56f09f0 mode 0
Event: 4.052 Thread 0x000001dfdf6b6ff0 DEOPT PACKING pc=0x000001dfca1e5a6e sp=0x00000067b56f2c10
Event: 4.052 Thread 0x000001dfdf6b6ff0 DEOPT UNPACKING pc=0x000001dfc9402b43 sp=0x00000067b56f20c0 mode 0

Classes unloaded (0 events):
No events

Classes redefined (0 events):
No events

Internal exceptions (20 events):
Event: 4.028 Thread 0x000001dfdf6b6ff0 Exception <a 'java/lang/ClassNotFoundException'{0x00000000eddcfd08}: org/gradle/api/internal/component/DefaultSoftwareComponentContainerCustomizer> (0x00000000eddcfd08) 
thrown [t:\workspace\open\src\hotspot\share\classfile\systemDictionary.cpp, line 256]
Event: 4.029 Thread 0x000001dfdf6b6ff0 Exception <a 'java/lang/ClassNotFoundException'{0x00000000eddf4290}: org/gradle/api/internal/component/DefaultSoftwareComponentContainer_DecoratedCustomizer> (0x00000000eddf4290) 
thrown [t:\workspace\open\src\hotspot\share\classfile\systemDictionary.cpp, line 256]
Event: 4.032 Thread 0x000001dfdf6b6ff0 Exception <a 'java/lang/ClassNotFoundException'{0x00000000edc812a0}: org/gradle/api/plugins/internal/DefaultAdhocSoftwareComponent_DecoratedBeanInfo> (0x00000000edc812a0) 
thrown [t:\workspace\open\src\hotspot\share\classfile\systemDictionary.cpp, line 256]
Event: 4.032 Thread 0x000001dfdf6b6ff0 Exception <a 'java/lang/ClassNotFoundException'{0x00000000edca4140}: org/gradle/api/plugins/internal/DefaultAdhocSoftwareComponentBeanInfo> (0x00000000edca4140) 
thrown [t:\workspace\open\src\hotspot\share\classfile\systemDictionary.cpp, line 256]
Event: 4.033 Thread 0x000001dfdf6b6ff0 Exception <a 'java/lang/ClassNotFoundException'{0x00000000edcc63d0}: org/gradle/api/plugins/internal/DefaultAdhocSoftwareComponentCustomizer> (0x00000000edcc63d0) 
thrown [t:\workspace\open\src\hotspot\share\classfile\systemDictionary.cpp, line 256]
Event: 4.034 Thread 0x000001dfdf6b6ff0 Exception <a 'java/lang/ClassNotFoundException'{0x00000000edcef160}: org/gradle/api/plugins/internal/DefaultAdhocSoftwareComponent_DecoratedCustomizer> (0x00000000edcef160) 
thrown [t:\workspace\open\src\hotspot\share\classfile\systemDictionary.cpp, line 256]
Event: 4.042 Thread 0x000001dfdf6b6ff0 Exception <a 'java/lang/ClassNotFoundException'{0x00000000eda0af08}: org/gradle/api/internal/tasks/DefaultTaskDependency$TaskDependencySetBeanInfo> (0x00000000eda0af08) 
thrown [t:\workspace\open\src\hotspot\share\classfile\systemDictionary.cpp, line 256]
Event: 4.043 Thread 0x000001dfdf6b6ff0 Exception <a 'java/lang/ClassNotFoundException'{0x00000000eda20df8}: org/gradle/api/internal/tasks/DefaultTaskDependency$TaskDependencySetCustomizer> (0x00000000eda20df8) 
thrown [t:\workspace\open\src\hotspot\share\classfile\systemDictionary.cpp, line 256]
Event: 4.049 Thread 0x000001dfdf6b6ff0 Exception <a 'java/lang/ClassNotFoundException'{0x00000000edacf230}: org/gradle/api/publish/maven/internal/artifact/AbstractMavenArtifact$CompositeTaskDependencyBeanInfo> (0x00000000edacf230) 
thrown [t:\workspace\open\src\hotspot\share\classfile\systemDictionary.cpp, line 256]
Event: 4.050 Thread 0x000001dfdf6b6ff0 Exception <a 'java/lang/ClassNotFoundException'{0x00000000edae7fc8}: org/gradle/api/internal/tasks/AbstractTaskDependencyBeanInfo> (0x00000000edae7fc8) 
thrown [t:\workspace\open\src\hotspot\share\classfile\systemDictionary.cpp, line 256]
Event: 4.050 Thread 0x000001dfdf6b6ff0 Exception <a 'java/lang/ClassNotFoundException'{0x00000000ed900fe8}: org/gradle/api/internal/tasks/AbstractTaskDependencyCustomizer> (0x00000000ed900fe8) 
thrown [t:\workspace\open\src\hotspot\share\classfile\systemDictionary.cpp, line 256]
Event: 4.051 Thread 0x000001dfdf6b6ff0 Exception <a 'java/lang/ClassNotFoundException'{0x00000000ed91fe30}: org/gradle/api/publish/maven/internal/artifact/AbstractMavenArtifact$CompositeTaskDependencyCustomizer> (0x00000000ed91fe30) 
thrown [t:\workspace\open\src\hotspot\share\classfile\systemDictionary.cpp, line 256]
Event: 4.053 Thread 0x000001dfdf6b6ff0 Exception <a 'java/lang/ClassNotFoundException'{0x00000000ed9cacc0}: java/util/LinkedHashSetBeanInfo> (0x00000000ed9cacc0) 
thrown [t:\workspace\open\src\hotspot\share\classfile\systemDictionary.cpp, line 256]
Event: 4.053 Thread 0x000001dfdf6b6ff0 Exception <a 'java/lang/ClassNotFoundException'{0x00000000ed9d42d8}: java/util/HashSetBeanInfo> (0x00000000ed9d42d8) 
thrown [t:\workspace\open\src\hotspot\share\classfile\systemDictionary.cpp, line 256]
Event: 4.053 Thread 0x000001dfdf6b6ff0 Exception <a 'java/lang/ClassNotFoundException'{0x00000000ed9ddb98}: java/util/AbstractSetBeanInfo> (0x00000000ed9ddb98) 
thrown [t:\workspace\open\src\hotspot\share\classfile\systemDictionary.cpp, line 256]
Event: 4.053 Thread 0x000001dfdf6b6ff0 Exception <a 'java/lang/ClassNotFoundException'{0x00000000ed9e7478}: java/util/AbstractSetCustomizer> (0x00000000ed9e7478) 
thrown [t:\workspace\open\src\hotspot\share\classfile\systemDictionary.cpp, line 256]
Event: 4.054 Thread 0x000001dfdf6b6ff0 Exception <a 'java/lang/ClassNotFoundException'{0x00000000ed9f4890}: java/util/HashSetCustomizer> (0x00000000ed9f4890) 
thrown [t:\workspace\open\src\hotspot\share\classfile\systemDictionary.cpp, line 256]
Event: 4.054 Thread 0x000001dfdf6b6ff0 Exception <a 'java/lang/ClassNotFoundException'{0x00000000ed807d98}: java/util/LinkedHashSetCustomizer> (0x00000000ed807d98) 
thrown [t:\workspace\open\src\hotspot\share\classfile\systemDictionary.cpp, line 256]
Event: 4.070 Thread 0x000001dfdf6b6ff0 Exception <a 'java/lang/ClassNotFoundException'{0x00000000ed652c80}: org/slf4j/LoggerFactoryBeanInfo> (0x00000000ed652c80) 
thrown [t:\workspace\open\src\hotspot\share\classfile\systemDictionary.cpp, line 256]
Event: 4.071 Thread 0x000001dfdf6b6ff0 Exception <a 'java/lang/ClassNotFoundException'{0x00000000ed66be68}: org/slf4j/LoggerFactoryCustomizer> (0x00000000ed66be68) 
thrown [t:\workspace\open\src\hotspot\share\classfile\systemDictionary.cpp, line 256]

VM Operations (20 events):
Event: 3.005 Executing VM operation: ICBufferFull
Event: 3.005 Executing VM operation: ICBufferFull done
Event: 3.052 Executing VM operation: HandshakeAllThreads
Event: 3.052 Executing VM operation: HandshakeAllThreads done
Event: 3.061 Executing VM operation: HandshakeAllThreads
Event: 3.061 Executing VM operation: HandshakeAllThreads done
Event: 3.068 Executing VM operation: HandshakeAllThreads
Event: 3.068 Executing VM operation: HandshakeAllThreads done
Event: 3.071 Executing VM operation: ICBufferFull
Event: 3.071 Executing VM operation: ICBufferFull done
Event: 3.188 Executing VM operation: ICBufferFull
Event: 3.188 Executing VM operation: ICBufferFull done
Event: 3.461 Executing VM operation: ICBufferFull
Event: 3.461 Executing VM operation: ICBufferFull done
Event: 3.463 Executing VM operation: HandshakeAllThreads
Event: 3.463 Executing VM operation: HandshakeAllThreads done
Event: 3.724 Executing VM operation: ICBufferFull
Event: 3.724 Executing VM operation: ICBufferFull done
Event: 3.839 Executing VM operation: G1CollectForAllocation
Event: 3.848 Executing VM operation: G1CollectForAllocation done

Events (20 events):
Event: 4.053 loading class java/util/HashSetBeanInfo
Event: 4.053 loading class java/util/HashSetBeanInfo done
Event: 4.053 loading class java/util/HashSetBeanInfo
Event: 4.053 loading class java/util/HashSetBeanInfo done
Event: 4.053 loading class java/util/AbstractSetBeanInfo
Event: 4.053 loading class java/util/AbstractSetBeanInfo done
Event: 4.053 loading class java/util/AbstractSetBeanInfo
Event: 4.053 loading class java/util/AbstractSetBeanInfo done
Event: 4.053 loading class java/util/AbstractSetCustomizer
Event: 4.053 loading class java/util/AbstractSetCustomizer done
Event: 4.053 loading class java/util/AbstractSetCustomizer
Event: 4.053 loading class java/util/AbstractSetCustomizer done
Event: 4.053 loading class java/util/HashSetCustomizer
Event: 4.053 loading class java/util/HashSetCustomizer done
Event: 4.053 loading class java/util/HashSetCustomizer
Event: 4.053 loading class java/util/HashSetCustomizer done
Event: 4.054 loading class java/util/LinkedHashSetCustomizer
Event: 4.054 loading class java/util/LinkedHashSetCustomizer done
Event: 4.054 loading class java/util/LinkedHashSetCustomizer
Event: 4.054 loading class java/util/LinkedHashSetCustomizer done


Dynamic libraries:
0x00007ff686810000 - 0x00007ff686820000 	C:\Program Files\Java\jdk-17.0.2\bin\java.exe
0x00007ff8ee250000 - 0x00007ff8ee448000 	C:\Windows\SYSTEM32\ntdll.dll
0x00007ff8edd00000 - 0x00007ff8eddbd000 	C:\Windows\System32\KERNEL32.DLL
0x00007ff8ebcb0000 - 0x00007ff8ebf82000 	C:\Windows\System32\KERNELBASE.dll
0x00007ff8eba70000 - 0x00007ff8ebb70000 	C:\Windows\System32\ucrtbase.dll
0x00007ff8d5a00000 - 0x00007ff8d5a1a000 	C:\Program Files\Java\jdk-17.0.2\bin\VCRUNTIME140.dll
0x00007ff8cf850000 - 0x00007ff8cf868000 	C:\Program Files\Java\jdk-17.0.2\bin\jli.dll
0x00007ff8ed490000 - 0x00007ff8ed53e000 	C:\Windows\System32\ADVAPI32.dll
0x00007ff8ec310000 - 0x00007ff8ec3ae000 	C:\Windows\System32\msvcrt.dll
0x00007ff8edac0000 - 0x00007ff8edb5c000 	C:\Windows\System32\sechost.dll
0x00007ff8ed360000 - 0x00007ff8ed485000 	C:\Windows\System32\RPCRT4.dll
0x00007ff8edb60000 - 0x00007ff8edcfd000 	C:\Windows\System32\USER32.dll
0x00007ff8eb9f0000 - 0x00007ff8eba12000 	C:\Windows\System32\win32u.dll
0x00007ff8d5ad0000 - 0x00007ff8d5d6a000 	C:\Windows\WinSxS\amd64_microsoft.windows.common-controls_6595b64144ccf1df_6.0.19041.1110_none_60b5254171f9507e\COMCTL32.dll
0x00007ff8ee1e0000 - 0x00007ff8ee20b000 	C:\Windows\System32\GDI32.dll
0x00007ff8ec1a0000 - 0x00007ff8ec2af000 	C:\Windows\System32\gdi32full.dll
0x00007ff8ebc10000 - 0x00007ff8ebcad000 	C:\Windows\System32\msvcp_win.dll
0x00007ff8e1970000 - 0x00007ff8e197a000 	C:\Windows\SYSTEM32\VERSION.dll
0x00007ff8eddc0000 - 0x00007ff8eddf0000 	C:\Windows\System32\IMM32.DLL
0x00007ff8dcc80000 - 0x00007ff8dcc8c000 	C:\Program Files\Java\jdk-17.0.2\bin\vcruntime140_1.dll
0x00007ff8b4ae0000 - 0x00007ff8b4b6d000 	C:\Program Files\Java\jdk-17.0.2\bin\msvcp140.dll
0x00007ff88ffe0000 - 0x00007ff890ba1000 	C:\Program Files\Java\jdk-17.0.2\bin\server\jvm.dll
0x00007ff8ed2e0000 - 0x00007ff8ed2e8000 	C:\Windows\System32\PSAPI.DLL
0x00007ff8d14f0000 - 0x00007ff8d14f9000 	C:\Windows\SYSTEM32\WSOCK32.dll
0x00007ff8d4630000 - 0x00007ff8d4657000 	C:\Windows\SYSTEM32\WINMM.dll
0x00007ff8edfe0000 - 0x00007ff8ee04b000 	C:\Windows\System32\WS2_32.dll
0x00007ff8ea1b0000 - 0x00007ff8ea1c2000 	C:\Windows\SYSTEM32\kernel.appcore.dll
0x00007ff8d5eb0000 - 0x00007ff8d5eba000 	C:\Program Files\Java\jdk-17.0.2\bin\jimage.dll
0x00007ff8e9ec0000 - 0x00007ff8ea0a4000 	C:\Windows\SYSTEM32\DBGHELP.DLL
0x00007ff8df330000 - 0x00007ff8df35c000 	C:\Windows\SYSTEM32\dbgcore.DLL
0x00007ff8eb960000 - 0x00007ff8eb9e2000 	C:\Windows\System32\bcryptPrimitives.dll
0x00007ff8c68b0000 - 0x00007ff8c68d5000 	C:\Program Files\Java\jdk-17.0.2\bin\java.dll
0x00007ff8b3820000 - 0x00007ff8b38f6000 	C:\Program Files\Java\jdk-17.0.2\bin\jsvml.dll
0x00007ff8ec3b0000 - 0x00007ff8ecaf3000 	C:\Windows\System32\SHELL32.dll
0x00007ff8e9660000 - 0x00007ff8e9df1000 	C:\Windows\SYSTEM32\windows.storage.dll
0x00007ff8ed540000 - 0x00007ff8ed894000 	C:\Windows\System32\combase.dll
0x00007ff8eb3c0000 - 0x00007ff8eb3f0000 	C:\Windows\SYSTEM32\Wldp.dll
0x00007ff8ecf70000 - 0x00007ff8ed01d000 	C:\Windows\System32\SHCORE.dll
0x00007ff8ed300000 - 0x00007ff8ed355000 	C:\Windows\System32\shlwapi.dll
0x00007ff8eb8a0000 - 0x00007ff8eb8bf000 	C:\Windows\SYSTEM32\profapi.dll
0x00007ff8cf6d0000 - 0x00007ff8cf6e9000 	C:\Program Files\Java\jdk-17.0.2\bin\net.dll
0x00007ff8e3190000 - 0x00007ff8e329d000 	C:\Windows\SYSTEM32\WINHTTP.dll
0x00007ff8eb120000 - 0x00007ff8eb18a000 	C:\Windows\system32\mswsock.dll
0x00007ff8c8680000 - 0x00007ff8c8696000 	C:\Program Files\Java\jdk-17.0.2\bin\nio.dll
0x00007ff8c6890000 - 0x00007ff8c68a8000 	C:\Program Files\Java\jdk-17.0.2\bin\zip.dll
0x00007ff8c6590000 - 0x00007ff8c65a0000 	C:\Program Files\Java\jdk-17.0.2\bin\verify.dll
0x00007ff8d9830000 - 0x00007ff8d9857000 	C:\Users\Asus\.gradle\native\e1d6ef7f7dcc3fd88c89a11ec53ec762bb8ba0a96d01ffa2cd45eb1d1d8dd5c5\windows-amd64\native-platform.dll
0x00007ff8bfbd0000 - 0x00007ff8bfd14000 	C:\Users\Asus\.gradle\native\0d407fdbe67a94daf76414ababcb853783967236a71b16ec16e742cd7a986fd3\windows-amd64\native-platform-file-events.dll
0x00007ff8dd0e0000 - 0x00007ff8dd0e9000 	C:\Program Files\Java\jdk-17.0.2\bin\management.dll
0x00007ff8dcdb0000 - 0x00007ff8dcdbb000 	C:\Program Files\Java\jdk-17.0.2\bin\management_ext.dll
0x00007ff8eb310000 - 0x00007ff8eb328000 	C:\Windows\SYSTEM32\CRYPTSP.dll
0x00007ff8ea9d0000 - 0x00007ff8eaa04000 	C:\Windows\system32\rsaenh.dll
0x00007ff8ebb70000 - 0x00007ff8ebb97000 	C:\Windows\System32\bcrypt.dll
0x00007ff8eb860000 - 0x00007ff8eb88e000 	C:\Windows\SYSTEM32\USERENV.dll
0x00007ff8eb330000 - 0x00007ff8eb33c000 	C:\Windows\SYSTEM32\CRYPTBASE.dll
0x00007ff8eadc0000 - 0x00007ff8eadfb000 	C:\Windows\SYSTEM32\IPHLPAPI.DLL
0x00007ff8ed2f0000 - 0x00007ff8ed2f8000 	C:\Windows\System32\NSI.dll
0x00007ff8e0dc0000 - 0x00007ff8e0dd7000 	C:\Windows\SYSTEM32\dhcpcsvc6.DLL
0x00007ff8e0da0000 - 0x00007ff8e0dbd000 	C:\Windows\SYSTEM32\dhcpcsvc.DLL
0x00007ff8eae10000 - 0x00007ff8eaeda000 	C:\Windows\SYSTEM32\DNSAPI.dll
0x00007ff8dccf0000 - 0x00007ff8dccfe000 	C:\Program Files\Java\jdk-17.0.2\bin\sunmscapi.dll
0x00007ff8ec040000 - 0x00007ff8ec196000 	C:\Windows\System32\CRYPT32.dll
0x00007ff8eb430000 - 0x00007ff8eb457000 	C:\Windows\SYSTEM32\ncrypt.dll
0x00007ff8eb3f0000 - 0x00007ff8eb42b000 	C:\Windows\SYSTEM32\NTASN1.dll
0x00007ff8d5ec0000 - 0x00007ff8d5ec7000 	C:\Windows\system32\wshunix.dll

dbghelp: loaded successfully - version: 4.0.5 - missing functions: none
symbol engine: initialized successfully - sym options: 0x614 - pdb path: .;C:\Program Files\Java\jdk-17.0.2\bin;C:\Windows\SYSTEM32;C:\Windows\WinSxS\amd64_microsoft.windows.common-controls_6595b64144ccf1df_6.0.19041.1110_none_60b5254171f9507e;C:\Program Files\Java\jdk-17.0.2\bin\server;C:\Users\Asus\.gradle\native\e1d6ef7f7dcc3fd88c89a11ec53ec762bb8ba0a96d01ffa2cd45eb1d1d8dd5c5\windows-amd64;C:\Users\Asus\.gradle\native\0d407fdbe67a94daf76414ababcb853783967236a71b16ec16e742cd7a986fd3\windows-amd64

VM Arguments:
jvm_args: --add-opens=java.base/java.util=ALL-UNNAMED --add-opens=java.base/java.lang=ALL-UNNAMED --add-opens=java.base/java.lang.invoke=ALL-UNNAMED --add-opens=java.base/java.util=ALL-UNNAMED --add-opens=java.prefs/java.util.prefs=ALL-UNNAMED --add-opens=java.prefs/java.util.prefs=ALL-UNNAMED --add-opens=java.base/java.nio.charset=ALL-UNNAMED --add-opens=java.base/java.net=ALL-UNNAMED --add-opens=java.base/java.util.concurrent.atomic=ALL-UNNAMED -XX:MaxMetaspaceSize=256m -XX:+HeapDumpOnOutOfMemoryError -Xms256m -Xmx512m -Dfile.encoding=UTF-8 -Duser.country=US -Duser.language=en -Duser.variant 
java_command: org.gradle.launcher.daemon.bootstrap.GradleDaemon 7.5.1
java_class_path (initial): C:\Users\Asus\.gradle\wrapper\dists\gradle-7.5.1-bin\7jzzequgds1hbszbhq3npc5ng\gradle-7.5.1\lib\gradle-launcher-7.5.1.jar
Launcher Type: SUN_STANDARD

[Global flags]
     intx CICompilerCount                          = 12                                        {product} {ergonomic}
   size_t CompressedClassSpaceSize                 = 218103808                                 {product} {ergonomic}
     uint ConcGCThreads                            = 3                                         {product} {ergonomic}
     uint G1ConcRefinementThreads                  = 13                                        {product} {ergonomic}
   size_t G1HeapRegionSize                         = 1048576                                   {product} {ergonomic}
    uintx GCDrainStackTargetSize                   = 64                                        {product} {ergonomic}
     bool HeapDumpOnOutOfMemoryError               = true                                   {manageable} {command line}
   size_t InitialHeapSize                          = 268435456                                 {product} {command line}
   size_t MarkStackSize                            = 4194304                                   {product} {ergonomic}
   size_t MaxHeapSize                              = 536870912                                 {product} {command line}
   size_t MaxMetaspaceSize                         = 268435456                                 {product} {command line}
   size_t MaxNewSize                               = 321912832                                 {product} {ergonomic}
   size_t MinHeapDeltaBytes                        = 1048576                                   {product} {ergonomic}
   size_t MinHeapSize                              = 268435456                                 {product} {command line}
    uintx NonNMethodCodeHeapSize                   = 7602480                                {pd product} {ergonomic}
    uintx NonProfiledCodeHeapSize                  = 122027880                              {pd product} {ergonomic}
    uintx ProfiledCodeHeapSize                     = 122027880                              {pd product} {ergonomic}
    uintx ReservedCodeCacheSize                    = 251658240                              {pd product} {ergonomic}
     bool SegmentedCodeCache                       = true                                      {product} {ergonomic}
   size_t SoftMaxHeapSize                          = 536870912                              {manageable} {ergonomic}
     bool UseCompressedClassPointers               = true                           {product lp64_product} {ergonomic}
     bool UseCompressedOops                        = true                           {product lp64_product} {ergonomic}
     bool UseG1GC                                  = true                                      {product} {ergonomic}
     bool UseLargePagesIndividualAllocation        = false                                  {pd product} {ergonomic}

Logging:
Log output configuration:
 #0: stdout all=warning uptime,level,tags
 #1: stderr all=off uptime,level,tags

Environment Variables:
PATH=C:\Program Files\Eclipse Adoptium\jdk-17.0.4.101-hotspot\bin;C:\Program Files\Eclipse Adoptium\jdk-8.0.345.1-hotspot\bin;C:\Program Files\Common Files\Oracle\Java\javapath;C:\Program Files (x86)\Common Files\Oracle\Java\javapath;C:\Windows\system32;C:\Windows;C:\Windows\System32\Wbem;C:\Windows\System32\WindowsPowerShell\v1.0\;C:\Windows\System32\OpenSSH\;C:\Program Files (x86)\NVIDIA Corporation\PhysX\Common;C:\Program Files\NVIDIA Corporation\NVIDIA NvDLISR;D:\Software\MatLab\runtime\win64;D:\Software\MatLab\bin;D:\Software\MatLab\polyspace\bin;D:\Software\WorldPainter;C:\Program Files\Common Files\Autodesk Shared\;C:\Program Files\Microsoft SQL Server\120\Tools\Binn\;D:\Software\Putty\;C:\Program Files\nodejs\;C:\Program Files (x86)\Microsoft SQL Server\150\DTS\Binn\;C:\Program Files\Azure Data Studio\bin;C:\ffmpeg;C:\Program Files\Git\cmd;C:\apache-maven-3.6.3\bin;C:\Program Files\WireGuard\;C:\Users\Asus\AppData\Local\Programs\Python\Python39\Scripts\;C:\Users\Asus\AppData\Local\Programs\Python\Python39\;C:\Users\Asus\AppData\Local\Microsoft\WindowsApps;C:\Users\Asus\AppData\Local\atom\bin;C:\Users\Asus\AppData\Roaming\npm;D:\Software\Microsoft VS Code\bin;C:\Program Files\Azure Data Studio\bin;D:\Software\IntelliJ IDEA 2021.3.2\bin;;C:\Users\Asus\AppData\Local\GitHubDesktop\bin;D:\Software\IntelliJ IDEA Community Edition 2022.1.3\bin;
USERNAME=Asus
OS=Windows_NT
PROCESSOR_IDENTIFIER=Intel64 Family 6 Model 165 Stepping 2, GenuineIntel



---------------  S Y S T E M  ---------------

OS:
 Windows 10 , 64 bit Build 19041 (10.0.19041.1889)
OS uptime: 0 days 5:01 hours

CPU: total 16 (initial active 16) (8 cores per cpu, 2 threads per core) family 6 model 165 stepping 2 microcode 0xc8, cx8, cmov, fxsr, ht, mmx, 3dnowpref, sse, sse2, sse3, ssse3, sse4.1, sse4.2, popcnt, lzcnt, tsc, tscinvbit, avx, avx2, aes, erms, clmul, bmi1, bmi2, adx, fma, vzeroupper, clflush, clflushopt

Memory: 4k page, system-wide physical 16168M (1393M free)
TotalPageFile size 21917M (AvailPageFile size 6M)
current process WorkingSet (physical memory assigned to process): 448M, peak: 448M
current process commit charge ("private bytes"): 559M, peak: 561M

vm_info: Java HotSpot(TM) 64-Bit Server VM (17.0.2+8-LTS-86) for windows-amd64 JRE (17.0.2+8-LTS-86), built on Dec  7 2021 21:51:03 by "mach5one" with MS VC++ 16.8 / 16.9 (VS2019)

END.
