#
# There is insufficient memory for the Java Runtime Environment to continue.
# Native memory allocation (malloc) failed to allocate 2220176 bytes for Chunk::new
# Possible reasons:
#   The system is out of physical RAM or swap space
#   The process is running with CompressedOops enabled, and the Java Heap may be blocking the growth of the native heap
# Possible solutions:
#   Reduce memory load on the system
#   Increase physical memory or swap space
#   Check if swap backing store is full
#   Decrease Java heap size (-Xmx/-Xms)
#   Decrease number of Java threads
#   Decrease Java thread stack sizes (-Xss)
#   Set larger code cache with -XX:ReservedCodeCacheSize=
#   JVM is running with Unscaled Compressed Oops mode in which the Java heap is
#     placed in the first 4GB address space. The Java Heap base address is the
#     maximum limit for the native heap growth. Please use -XX:HeapBaseMinAddress
#     to set the Java Heap base and to place the Java Heap above 4GB virtual address.
# This output file may be truncated or incomplete.
#
#  Out of Memory Error (arena.cpp:189), pid=15120, tid=23580
#
# JRE version: Java(TM) SE Runtime Environment (17.0.2+8) (build 17.0.2+8-LTS-86)
# Java VM: Java HotSpot(TM) 64-Bit Server VM (17.0.2+8-LTS-86, mixed mode, sharing, tiered, compressed oops, compressed class ptrs, g1 gc, windows-amd64)
# No core dump will be written. Minidumps are not enabled by default on client versions of Windows
#

---------------  S U M M A R Y ------------

Command Line: --add-opens=java.base/java.util=ALL-UNNAMED --add-opens=java.base/java.lang=ALL-UNNAMED --add-opens=java.base/java.lang.invoke=ALL-UNNAMED --add-opens=java.base/java.util=ALL-UNNAMED --add-opens=java.prefs/java.util.prefs=ALL-UNNAMED --add-opens=java.prefs/java.util.prefs=ALL-UNNAMED --add-opens=java.base/java.nio.charset=ALL-UNNAMED --add-opens=java.base/java.net=ALL-UNNAMED --add-opens=java.base/java.util.concurrent.atomic=ALL-UNNAMED -XX:MaxMetaspaceSize=256m -XX:+HeapDumpOnOutOfMemoryError -Xms256m -Xmx512m -Dfile.encoding=UTF-8 -Duser.country=US -Duser.language=en -Duser.variant org.gradle.launcher.daemon.bootstrap.GradleDaemon 7.5.1

Host: Intel(R) Core(TM) i7-10875H CPU @ 2.30GHz, 16 cores, 15G,  Windows 10 , 64 bit Build 19041 (10.0.19041.1889)
Time: Sat Oct 29 16:51:24 2022 W. Central Africa Standard Time elapsed time: 3.700855 seconds (0d 0h 0m 3s)

---------------  T H R E A D  ---------------

Current thread (0x00000205b8a8abd0):  JavaThread "C2 CompilerThread4" daemon [_thread_in_native, id=23580, stack(0x00000066cc100000,0x00000066cc200000)]


Current CompileTask:
C2:   3700 6201       4       com.sun.beans.TypeResolver::resolve (37 bytes)

Stack: [0x00000066cc100000,0x00000066cc200000]
Native frames: (J=compiled Java code, j=interpreted, Vv=VM code, C=native code)
V  [jvm.dll+0x670baa]
V  [jvm.dll+0x7cfcb4]
V  [jvm.dll+0x7d145e]
V  [jvm.dll+0x7d1ac3]
V  [jvm.dll+0x242bc5]
V  [jvm.dll+0xaa57b]
V  [jvm.dll+0xaab0c]
V  [jvm.dll+0x35fcb2]
V  [jvm.dll+0x32a331]
V  [jvm.dll+0x3297da]
V  [jvm.dll+0x215c91]
V  [jvm.dll+0x2150b1]
V  [jvm.dll+0x1a1bbd]
V  [jvm.dll+0x224908]
V  [jvm.dll+0x222a6c]
V  [jvm.dll+0x7859bb]
V  [jvm.dll+0x77ff7a]
V  [jvm.dll+0x66fa35]
C  [ucrtbase.dll+0x21bb2]
C  [KERNEL32.DLL+0x17034]
C  [ntdll.dll+0x526a1]


---------------  P R O C E S S  ---------------

Threads class SMR info:
_java_thread_list=0x00000205bc8238d0, length=115, elements={
0x00000205991d1bd0, 0x00000205b45092b0, 0x00000205b450a030, 0x00000205b4523dc0,
0x00000205b4526790, 0x00000205b4527050, 0x00000205b4527910, 0x00000205b452db90,
0x00000205b45364a0, 0x00000205b454c5c0, 0x00000205b50e1020, 0x00000205b50e7f70,
0x00000205b5114990, 0x00000205b5116490, 0x00000205b5240ef0, 0x00000205b53f9760,
0x00000205b5d7ae70, 0x00000205b69f7b50, 0x00000205b60c6b30, 0x00000205b69cfa70,
0x00000205b7495030, 0x00000205b78b6970, 0x00000205b7977d40, 0x00000205b797a3c0,
0x00000205b7979550, 0x00000205b7978210, 0x00000205b79786e0, 0x00000205b7978bb0,
0x00000205b7979080, 0x00000205b7979a20, 0x00000205b8a8a1b0, 0x00000205b7979ef0,
0x00000205b797a890, 0x00000205b7976ed0, 0x00000205b7977870, 0x00000205b79773a0,
0x00000205b7a2e530, 0x00000205b7a340a0, 0x00000205b7a2ea00, 0x00000205b7a2f870,
0x00000205b7a31a20, 0x00000205b8a8abd0, 0x00000205b7a34570, 0x00000205b7a2f3a0,
0x00000205b7a2fd40, 0x00000205b7a31550, 0x00000205b7a30210, 0x00000205b7a32890,
0x00000205b7a34a40, 0x00000205b7a34f10, 0x00000205b7a353e0, 0x00000205b7a306e0,
0x00000205b7a358b0, 0x00000205b7a2e060, 0x00000205b7a30bb0, 0x00000205b7a31080,
0x00000205b7a32d60, 0x00000205b7a33230, 0x00000205b7d6d480, 0x00000205b7d6fb00,
0x00000205b7d69120, 0x00000205b7d68c50, 0x00000205b7d6a460, 0x00000205b7d6c610,
0x00000205b7d695f0, 0x00000205b7d6a930, 0x00000205b7d69ac0, 0x00000205b7d6de20,
0x00000205b7d6ae00, 0x00000205b7d6cae0, 0x00000205b7d6c140, 0x00000205b7d6b7a0,
0x00000205b7d6ec90, 0x00000205b7d6e2f0, 0x00000205b7d6e7c0, 0x00000205b7d6ffd0,
0x00000205b7d704a0, 0x00000205b7d6b2d0, 0x00000205b7d6f630, 0x00000205b7d6d950,
0x00000205b7d69f90, 0x00000205b7d6f160, 0x00000205b7d6bc70, 0x00000205b7d6cfb0,
0x00000205b820aae0, 0x00000205b820afb0, 0x00000205b820b480, 0x00000205b8208460,
0x00000205b820a610, 0x00000205b8207ac0, 0x00000205b8207f90, 0x00000205b8209c70,
0x00000205b82092d0, 0x00000205b82097a0, 0x00000205b8208930, 0x00000205b8208e00,
0x00000205b820a140, 0x00000205bc95a7d0, 0x00000205bc959490, 0x00000205bc958620,
0x00000205bc95dcc0, 0x00000205bc958fc0, 0x00000205bc958af0, 0x00000205bc959960,
0x00000205bc95eb30, 0x00000205bc95d320, 0x00000205bc957c80, 0x00000205bc95aca0,
0x00000205bc95bb10, 0x00000205bc95c980, 0x00000205bc95b170, 0x00000205bc95e190,
0x00000205bc959e30, 0x00000205bc95e660, 0x00000205bc958150
}

Java Threads: ( => current thread )
  0x00000205991d1bd0 JavaThread "main" [_thread_blocked, id=8948, stack(0x00000066c8300000,0x00000066c8400000)]
  0x00000205b45092b0 JavaThread "Reference Handler" daemon [_thread_blocked, id=23236, stack(0x00000066c8a00000,0x00000066c8b00000)]
  0x00000205b450a030 JavaThread "Finalizer" daemon [_thread_blocked, id=23260, stack(0x00000066c8b00000,0x00000066c8c00000)]
  0x00000205b4523dc0 JavaThread "Signal Dispatcher" daemon [_thread_blocked, id=21604, stack(0x00000066c8c00000,0x00000066c8d00000)]
  0x00000205b4526790 JavaThread "Attach Listener" daemon [_thread_blocked, id=9200, stack(0x00000066c8d00000,0x00000066c8e00000)]
  0x00000205b4527050 JavaThread "Service Thread" daemon [_thread_blocked, id=3404, stack(0x00000066c8e00000,0x00000066c8f00000)]
  0x00000205b4527910 JavaThread "Monitor Deflation Thread" daemon [_thread_blocked, id=9204, stack(0x00000066c8f00000,0x00000066c9000000)]
  0x00000205b452db90 JavaThread "C2 CompilerThread0" daemon [_thread_in_native, id=19180, stack(0x00000066c9000000,0x00000066c9100000)]
  0x00000205b45364a0 JavaThread "C1 CompilerThread0" daemon [_thread_blocked, id=2828, stack(0x00000066c9100000,0x00000066c9200000)]
  0x00000205b454c5c0 JavaThread "Sweeper thread" daemon [_thread_blocked, id=24244, stack(0x00000066c9200000,0x00000066c9300000)]
  0x00000205b50e1020 JavaThread "C1 CompilerThread1" daemon [_thread_blocked, id=22744, stack(0x00000066c9300000,0x00000066c9400000)]
  0x00000205b50e7f70 JavaThread "C1 CompilerThread2" daemon [_thread_blocked, id=23776, stack(0x00000066c9400000,0x00000066c9500000)]
  0x00000205b5114990 JavaThread "Common-Cleaner" daemon [_thread_blocked, id=24156, stack(0x00000066c9500000,0x00000066c9600000)]
  0x00000205b5116490 JavaThread "Notification Thread" daemon [_thread_blocked, id=2224, stack(0x00000066c9600000,0x00000066c9700000)]
  0x00000205b5240ef0 JavaThread "C2 CompilerThread1" daemon [_thread_in_native, id=19144, stack(0x00000066c9800000,0x00000066c9900000)]
  0x00000205b53f9760 JavaThread "C2 CompilerThread2" daemon [_thread_in_native, id=8876, stack(0x00000066c9900000,0x00000066c9a00000)]
  0x00000205b5d7ae70 JavaThread "C1 CompilerThread3" daemon [_thread_blocked, id=12920, stack(0x00000066c9c00000,0x00000066c9d00000)]
  0x00000205b69f7b50 JavaThread "Daemon health stats" [_thread_blocked, id=22688, stack(0x00000066ca200000,0x00000066ca300000)]
  0x00000205b60c6b30 JavaThread "Incoming local TCP Connector on port 59474" [_thread_in_native, id=9008, stack(0x00000066c9a00000,0x00000066c9b00000)]
  0x00000205b69cfa70 JavaThread "Daemon periodic checks" [_thread_blocked, id=18876, stack(0x00000066c9b00000,0x00000066c9c00000)]
  0x00000205b7495030 JavaThread "Daemon" [_thread_blocked, id=23148, stack(0x00000066ca300000,0x00000066ca400000)]
  0x00000205b78b6970 JavaThread "Handler for socket connection from /127.0.0.1:59474 to /127.0.0.1:59475" [_thread_in_native, id=5632, stack(0x00000066ca400000,0x00000066ca500000)]
  0x00000205b7977d40 JavaThread "Cancel handler" [_thread_blocked, id=16048, stack(0x00000066ca500000,0x00000066ca600000)]
  0x00000205b797a3c0 JavaThread "Daemon worker" [_thread_in_native, id=8216, stack(0x00000066ca600000,0x00000066ca700000)]
  0x00000205b7979550 JavaThread "Asynchronous log dispatcher for DefaultDaemonConnection: socket connection from /127.0.0.1:59474 to /127.0.0.1:59475" [_thread_blocked, id=10716, stack(0x00000066ca700000,0x00000066ca800000)]
  0x00000205b7978210 JavaThread "Stdin handler" [_thread_blocked, id=660, stack(0x00000066ca800000,0x00000066ca900000)]
  0x00000205b79786e0 JavaThread "Daemon client event forwarder" [_thread_blocked, id=16044, stack(0x00000066ca900000,0x00000066caa00000)]
  0x00000205b7978bb0 JavaThread "Cache worker for journal cache (C:\Users\Asus\.gradle\caches\journal-1)" [_thread_blocked, id=9972, stack(0x00000066caa00000,0x00000066cab00000)]
  0x00000205b7979080 JavaThread "File lock request listener" [_thread_in_native, id=15952, stack(0x00000066cab00000,0x00000066cac00000)]
  0x00000205b7979a20 JavaThread "Cache worker for file hash cache (C:\Users\Asus\.gradle\caches\7.5.1\fileHashes)" [_thread_blocked, id=24776, stack(0x00000066cac00000,0x00000066cad00000)]
  0x00000205b8a8a1b0 JavaThread "C2 CompilerThread3" daemon [_thread_in_native, id=3076, stack(0x00000066cad00000,0x00000066cae00000)]
  0x00000205b7979ef0 JavaThread "File watcher server" daemon [_thread_in_native, id=19384, stack(0x00000066cae00000,0x00000066caf00000)]
  0x00000205b797a890 JavaThread "File watcher consumer" daemon [_thread_blocked, id=21368, stack(0x00000066caf00000,0x00000066cb000000)]
  0x00000205b7976ed0 JavaThread "Cache worker for checksums cache (D:\Documents\Programming Projects\Java Projects\BedWars\.gradle\7.5.1\checksums)" [_thread_blocked, id=23720, stack(0x00000066cb000000,0x00000066cb100000)]
  0x00000205b7977870 JavaThread "Cache worker for cache directory md-rule (C:\Users\Asus\.gradle\caches\7.5.1\md-rule)" [_thread_blocked, id=23968, stack(0x00000066cb100000,0x00000066cb200000)]
  0x00000205b79773a0 JavaThread "Cache worker for file content cache (C:\Users\Asus\.gradle\caches\7.5.1\fileContent)" [_thread_blocked, id=23856, stack(0x00000066cb200000,0x00000066cb300000)]
  0x00000205b7a2e530 JavaThread "Cache worker for file hash cache (D:\Documents\Programming Projects\Java Projects\BedWars\.gradle\7.5.1\fileHashes)" [_thread_blocked, id=1644, stack(0x00000066cb300000,0x00000066cb400000)]
  0x00000205b7a340a0 JavaThread "Cache worker for cache directory md-supplier (C:\Users\Asus\.gradle\caches\7.5.1\md-supplier)" [_thread_blocked, id=18500, stack(0x00000066cb400000,0x00000066cb500000)]
  0x00000205b7a2ea00 JavaThread "Cache worker for execution history cache (C:\Users\Asus\.gradle\caches\7.5.1\executionHistory)" [_thread_blocked, id=10512, stack(0x00000066cbe00000,0x00000066cbf00000)]
  0x00000205b7a2f870 JavaThread "jar transforms" [_thread_blocked, id=23932, stack(0x00000066cbf00000,0x00000066cc000000)]
  0x00000205b7a31a20 JavaThread "jar transforms Thread 2" [_thread_blocked, id=7580, stack(0x00000066cc000000,0x00000066cc100000)]
=>0x00000205b8a8abd0 JavaThread "C2 CompilerThread4" daemon [_thread_in_native, id=23580, stack(0x00000066cc100000,0x00000066cc200000)]
  0x00000205b7a34570 JavaThread "jar transforms Thread 3" [_thread_blocked, id=8196, stack(0x00000066cc200000,0x00000066cc300000)]
  0x00000205b7a2f3a0 JavaThread "jar transforms Thread 4" [_thread_blocked, id=17504, stack(0x00000066cc300000,0x00000066cc400000)]
  0x00000205b7a2fd40 JavaThread "jar transforms Thread 5" [_thread_blocked, id=24988, stack(0x00000066cc400000,0x00000066cc500000)]
  0x00000205b7a31550 JavaThread "jar transforms Thread 6" [_thread_blocked, id=1500, stack(0x00000066cc500000,0x00000066cc600000)]
  0x00000205b7a30210 JavaThread "jar transforms Thread 7" [_thread_blocked, id=11452, stack(0x00000066cc600000,0x00000066cc700000)]
  0x00000205b7a32890 JavaThread "jar transforms Thread 8" [_thread_blocked, id=2792, stack(0x00000066cc700000,0x00000066cc800000)]
  0x00000205b7a34a40 JavaThread "Cache worker for dependencies-accessors (D:\Documents\Programming Projects\Java Projects\BedWars\.gradle\7.5.1\dependencies-accessors)" [_thread_blocked, id=6728, stack(0x00000066cc800000,0x00000066cc900000)]
  0x00000205b7a34f10 JavaThread "jar transforms Thread 9" [_thread_blocked, id=17368, stack(0x00000066cc900000,0x00000066cca00000)]
  0x00000205b7a353e0 JavaThread "Cache worker for Build Output Cleanup Cache (D:\Documents\Programming Projects\Java Projects\BedWars\.gradle\buildOutputCleanup)" [_thread_blocked, id=1336, stack(0x00000066cd200000,0x00000066cd300000)]
  0x00000205b7a306e0 JavaThread "Unconstrained build operations" [_thread_blocked, id=13136, stack(0x00000066cd300000,0x00000066cd400000)]
  0x00000205b7a358b0 JavaThread "Unconstrained build operations Thread 2" [_thread_blocked, id=11604, stack(0x00000066cd400000,0x00000066cd500000)]
  0x00000205b7a2e060 JavaThread "Unconstrained build operations Thread 3" [_thread_blocked, id=20496, stack(0x00000066cd500000,0x00000066cd600000)]
  0x00000205b7a30bb0 JavaThread "Unconstrained build operations Thread 4" [_thread_blocked, id=16992, stack(0x00000066cd600000,0x00000066cd700000)]
  0x00000205b7a31080 JavaThread "Unconstrained build operations Thread 5" [_thread_blocked, id=1912, stack(0x00000066cd700000,0x00000066cd800000)]
  0x00000205b7a32d60 JavaThread "Unconstrained build operations Thread 6" [_thread_blocked, id=8884, stack(0x00000066cd800000,0x00000066cd900000)]
  0x00000205b7a33230 JavaThread "Unconstrained build operations Thread 7" [_thread_blocked, id=18768, stack(0x00000066cd900000,0x00000066cda00000)]
  0x00000205b7d6d480 JavaThread "Unconstrained build operations Thread 8" [_thread_blocked, id=23768, stack(0x00000066cda00000,0x00000066cdb00000)]
  0x00000205b7d6fb00 JavaThread "Unconstrained build operations Thread 9" [_thread_blocked, id=17180, stack(0x00000066cdb00000,0x00000066cdc00000)]
  0x00000205b7d69120 JavaThread "Unconstrained build operations Thread 10" [_thread_blocked, id=2028, stack(0x00000066cdc00000,0x00000066cdd00000)]
  0x00000205b7d68c50 JavaThread "Unconstrained build operations Thread 11" [_thread_blocked, id=21492, stack(0x00000066cdd00000,0x00000066cde00000)]
  0x00000205b7d6a460 JavaThread "Unconstrained build operations Thread 12" [_thread_blocked, id=24044, stack(0x00000066cde00000,0x00000066cdf00000)]
  0x00000205b7d6c610 JavaThread "Unconstrained build operations Thread 13" [_thread_blocked, id=21784, stack(0x00000066cdf00000,0x00000066ce000000)]
  0x00000205b7d695f0 JavaThread "Unconstrained build operations Thread 14" [_thread_blocked, id=24972, stack(0x00000066ce000000,0x00000066ce100000)]
  0x00000205b7d6a930 JavaThread "Unconstrained build operations Thread 15" [_thread_blocked, id=15756, stack(0x00000066ce100000,0x00000066ce200000)]
  0x00000205b7d69ac0 JavaThread "Unconstrained build operations Thread 16" [_thread_blocked, id=11240, stack(0x00000066ce200000,0x00000066ce300000)]
  0x00000205b7d6de20 JavaThread "Unconstrained build operations Thread 17" [_thread_blocked, id=21776, stack(0x00000066ce300000,0x00000066ce400000)]
  0x00000205b7d6ae00 JavaThread "Unconstrained build operations Thread 18" [_thread_blocked, id=23752, stack(0x00000066ce400000,0x00000066ce500000)]
  0x00000205b7d6cae0 JavaThread "Unconstrained build operations Thread 19" [_thread_blocked, id=19200, stack(0x00000066ce500000,0x00000066ce600000)]
  0x00000205b7d6c140 JavaThread "Unconstrained build operations Thread 20" [_thread_blocked, id=24500, stack(0x00000066ce600000,0x00000066ce700000)]
  0x00000205b7d6b7a0 JavaThread "Unconstrained build operations Thread 21" [_thread_blocked, id=24212, stack(0x00000066ce700000,0x00000066ce800000)]
  0x00000205b7d6ec90 JavaThread "Unconstrained build operations Thread 22" [_thread_blocked, id=9268, stack(0x00000066ce800000,0x00000066ce900000)]
  0x00000205b7d6e2f0 JavaThread "Unconstrained build operations Thread 23" [_thread_blocked, id=23972, stack(0x00000066ce900000,0x00000066cea00000)]
  0x00000205b7d6e7c0 JavaThread "Unconstrained build operations Thread 24" [_thread_blocked, id=24528, stack(0x00000066cea00000,0x00000066ceb00000)]
  0x00000205b7d6ffd0 JavaThread "Unconstrained build operations Thread 25" [_thread_blocked, id=740, stack(0x00000066ceb00000,0x00000066cec00000)]
  0x00000205b7d704a0 JavaThread "Unconstrained build operations Thread 26" [_thread_blocked, id=23440, stack(0x00000066cec00000,0x00000066ced00000)]
  0x00000205b7d6b2d0 JavaThread "Unconstrained build operations Thread 27" [_thread_blocked, id=3592, stack(0x00000066ced00000,0x00000066cee00000)]
  0x00000205b7d6f630 JavaThread "Unconstrained build operations Thread 28" [_thread_blocked, id=9584, stack(0x00000066cee00000,0x00000066cef00000)]
  0x00000205b7d6d950 JavaThread "Unconstrained build operations Thread 29" [_thread_blocked, id=8248, stack(0x00000066cef00000,0x00000066cf000000)]
  0x00000205b7d69f90 JavaThread "Unconstrained build operations Thread 30" [_thread_blocked, id=19316, stack(0x00000066cf000000,0x00000066cf100000)]
  0x00000205b7d6f160 JavaThread "Unconstrained build operations Thread 31" [_thread_blocked, id=17032, stack(0x00000066cf100000,0x00000066cf200000)]
  0x00000205b7d6bc70 JavaThread "Unconstrained build operations Thread 32" [_thread_blocked, id=10292, stack(0x00000066cf200000,0x00000066cf300000)]
  0x00000205b7d6cfb0 JavaThread "Unconstrained build operations Thread 33" [_thread_blocked, id=8528, stack(0x00000066cf300000,0x00000066cf400000)]
  0x00000205b820aae0 JavaThread "Unconstrained build operations Thread 34" [_thread_blocked, id=7704, stack(0x00000066cf400000,0x00000066cf500000)]
  0x00000205b820afb0 JavaThread "Unconstrained build operations Thread 35" [_thread_blocked, id=22908, stack(0x00000066cf500000,0x00000066cf600000)]
  0x00000205b820b480 JavaThread "Unconstrained build operations Thread 36" [_thread_blocked, id=5412, stack(0x00000066cf600000,0x00000066cf700000)]
  0x00000205b8208460 JavaThread "Unconstrained build operations Thread 37" [_thread_blocked, id=10872, stack(0x00000066cf700000,0x00000066cf800000)]
  0x00000205b820a610 JavaThread "Unconstrained build operations Thread 38" [_thread_blocked, id=25416, stack(0x00000066cf800000,0x00000066cf900000)]
  0x00000205b8207ac0 JavaThread "Unconstrained build operations Thread 39" [_thread_blocked, id=25292, stack(0x00000066cf900000,0x00000066cfa00000)]
  0x00000205b8207f90 JavaThread "Unconstrained build operations Thread 40" [_thread_blocked, id=15648, stack(0x00000066cfa00000,0x00000066cfb00000)]
  0x00000205b8209c70 JavaThread "Unconstrained build operations Thread 41" [_thread_blocked, id=15936, stack(0x00000066cfb00000,0x00000066cfc00000)]
  0x00000205b82092d0 JavaThread "Unconstrained build operations Thread 42" [_thread_blocked, id=9156, stack(0x00000066cfc00000,0x00000066cfd00000)]
  0x00000205b82097a0 JavaThread "Unconstrained build operations Thread 43" [_thread_blocked, id=15876, stack(0x00000066cfd00000,0x00000066cfe00000)]
  0x00000205b8208930 JavaThread "Unconstrained build operations Thread 44" [_thread_blocked, id=9880, stack(0x00000066cfe00000,0x00000066cff00000)]
  0x00000205b8208e00 JavaThread "Unconstrained build operations Thread 45" [_thread_blocked, id=6360, stack(0x00000066cff00000,0x00000066d0000000)]
  0x00000205b820a140 JavaThread "Unconstrained build operations Thread 46" [_thread_blocked, id=15956, stack(0x00000066d0000000,0x00000066d0100000)]
  0x00000205bc95a7d0 JavaThread "Unconstrained build operations Thread 47" [_thread_blocked, id=17396, stack(0x00000066d0100000,0x00000066d0200000)]
  0x00000205bc959490 JavaThread "Unconstrained build operations Thread 48" [_thread_blocked, id=4664, stack(0x00000066d0200000,0x00000066d0300000)]
  0x00000205bc958620 JavaThread "Unconstrained build operations Thread 49" [_thread_blocked, id=24716, stack(0x00000066d0300000,0x00000066d0400000)]
  0x00000205bc95dcc0 JavaThread "Unconstrained build operations Thread 50" [_thread_blocked, id=9236, stack(0x00000066d0400000,0x00000066d0500000)]
  0x00000205bc958fc0 JavaThread "Unconstrained build operations Thread 51" [_thread_blocked, id=11500, stack(0x00000066d0500000,0x00000066d0600000)]
  0x00000205bc958af0 JavaThread "Unconstrained build operations Thread 52" [_thread_blocked, id=14408, stack(0x00000066d0600000,0x00000066d0700000)]
  0x00000205bc959960 JavaThread "Unconstrained build operations Thread 53" [_thread_blocked, id=13048, stack(0x00000066d0700000,0x00000066d0800000)]
  0x00000205bc95eb30 JavaThread "Unconstrained build operations Thread 54" [_thread_blocked, id=1108, stack(0x00000066d0800000,0x00000066d0900000)]
  0x00000205bc95d320 JavaThread "Unconstrained build operations Thread 55" [_thread_blocked, id=12808, stack(0x00000066d0900000,0x00000066d0a00000)]
  0x00000205bc957c80 JavaThread "Unconstrained build operations Thread 56" [_thread_blocked, id=17592, stack(0x00000066d0a00000,0x00000066d0b00000)]
  0x00000205bc95aca0 JavaThread "jar transforms Thread 10" [_thread_blocked, id=21844, stack(0x00000066d0b00000,0x00000066d0c00000)]
  0x00000205bc95bb10 JavaThread "jar transforms Thread 11" [_thread_blocked, id=6892, stack(0x00000066d0c00000,0x00000066d0d00000)]
  0x00000205bc95c980 JavaThread "jar transforms Thread 12" [_thread_blocked, id=23844, stack(0x00000066d0d00000,0x00000066d0e00000)]
  0x00000205bc95b170 JavaThread "jar transforms Thread 13" [_thread_blocked, id=10908, stack(0x00000066d0e00000,0x00000066d0f00000)]
  0x00000205bc95e190 JavaThread "jar transforms Thread 14" [_thread_blocked, id=25456, stack(0x00000066d0f00000,0x00000066d1000000)]
  0x00000205bc959e30 JavaThread "jar transforms Thread 15" [_thread_blocked, id=22120, stack(0x00000066d1000000,0x00000066d1100000)]
  0x00000205bc95e660 JavaThread "jar transforms Thread 16" [_thread_blocked, id=11572, stack(0x00000066d1100000,0x00000066d1200000)]
  0x00000205bc958150 JavaThread "Memory manager" [_thread_blocked, id=13316, stack(0x00000066d1200000,0x00000066d1300000)]

Other Threads:
  0x00000205b45057b0 VMThread "VM Thread" [stack: 0x00000066c8900000,0x00000066c8a00000] [id=3824]
  0x00000205b511d630 WatcherThread [stack: 0x00000066c9700000,0x00000066c9800000] [id=15548]
  0x00000205991f9970 GCTaskThread "GC Thread#0" [stack: 0x00000066c8400000,0x00000066c8500000] [id=6920]
  0x00000205b6415250 GCTaskThread "GC Thread#1" [stack: 0x00000066c9d00000,0x00000066c9e00000] [id=7716]
  0x00000205b65eb840 GCTaskThread "GC Thread#2" [stack: 0x00000066c9e00000,0x00000066c9f00000] [id=16664]
  0x00000205b57c6c50 GCTaskThread "GC Thread#3" [stack: 0x00000066c9f00000,0x00000066ca000000] [id=5268]
  0x00000205b57c6f00 GCTaskThread "GC Thread#4" [stack: 0x00000066ca000000,0x00000066ca100000] [id=2968]
  0x00000205b57c71b0 GCTaskThread "GC Thread#5" [stack: 0x00000066ca100000,0x00000066ca200000] [id=2084]
  0x00000205b8826900 GCTaskThread "GC Thread#6" [stack: 0x00000066cb500000,0x00000066cb600000] [id=24360]
  0x00000205b8826bb0 GCTaskThread "GC Thread#7" [stack: 0x00000066cb600000,0x00000066cb700000] [id=24668]
  0x00000205b8826e60 GCTaskThread "GC Thread#8" [stack: 0x00000066cb700000,0x00000066cb800000] [id=6060]
  0x00000205b88260f0 GCTaskThread "GC Thread#9" [stack: 0x00000066cb800000,0x00000066cb900000] [id=13244]
  0x00000205b88263a0 GCTaskThread "GC Thread#10" [stack: 0x00000066cb900000,0x00000066cba00000] [id=10940]
  0x00000205b8826650 GCTaskThread "GC Thread#11" [stack: 0x00000066cba00000,0x00000066cbb00000] [id=8952]
  0x00000205bae3ffa0 GCTaskThread "GC Thread#12" [stack: 0x00000066cbb00000,0x00000066cbc00000] [id=24340]
  0x00000205991ff7d0 ConcurrentGCThread "G1 Main Marker" [stack: 0x00000066c8500000,0x00000066c8600000] [id=15644]
  0x0000020599200890 ConcurrentGCThread "G1 Conc#0" [stack: 0x00000066c8600000,0x00000066c8700000] [id=4652]
  0x00000205bae41520 ConcurrentGCThread "G1 Conc#1" [stack: 0x00000066cbc00000,0x00000066cbd00000] [id=16824]
  0x00000205bae407b0 ConcurrentGCThread "G1 Conc#2" [stack: 0x00000066cbd00000,0x00000066cbe00000] [id=23888]
  0x00000205992ae440 ConcurrentGCThread "G1 Refine#0" [stack: 0x00000066c8700000,0x00000066c8800000] [id=11676]
  0x00000205b60c1ff0 ConcurrentGCThread "G1 Refine#1" [stack: 0x00000066cca00000,0x00000066ccb00000] [id=12660]
  0x00000205b60c22d0 ConcurrentGCThread "G1 Refine#2" [stack: 0x00000066ccb00000,0x00000066ccc00000] [id=22312]
  0x00000205b7066a50 ConcurrentGCThread "G1 Refine#3" [stack: 0x00000066ccc00000,0x00000066ccd00000] [id=11468]
  0x00000205b7065bf0 ConcurrentGCThread "G1 Refine#4" [stack: 0x00000066ccd00000,0x00000066cce00000] [id=20776]
  0x00000205b70661b0 ConcurrentGCThread "G1 Refine#5" [stack: 0x00000066cce00000,0x00000066ccf00000] [id=6768]
  0x00000205b7066d30 ConcurrentGCThread "G1 Refine#6" [stack: 0x00000066ccf00000,0x00000066cd000000] [id=3048]
  0x00000205b7065350 ConcurrentGCThread "G1 Refine#7" [stack: 0x00000066cd000000,0x00000066cd100000] [id=7332]
  0x00000205b7065630 ConcurrentGCThread "G1 Refine#8" [stack: 0x00000066cd100000,0x00000066cd200000] [id=24060]
  0x00000205b43c84f0 ConcurrentGCThread "G1 Service" [stack: 0x00000066c8800000,0x00000066c8900000] [id=6612]

Threads with active compile tasks:
C2 CompilerThread0     3714 6183       4       java.lang.Class::privateGetPublicMethods (224 bytes)
C2 CompilerThread1     3714 6174       4       java.beans.Introspector::addMethod (196 bytes)
C2 CompilerThread2     3714 6184 %     4       groovy.lang.MetaClassImpl::inheritInterfaceNewMetaMethods @ 100 (195 bytes)
C2 CompilerThread3     3714 6262       4       sun.reflect.generics.parser.SignatureParser::parsePackageNameAndSimpleClassTypeSignature (119 bytes)
C2 CompilerThread4     3714 6201       4       com.sun.beans.TypeResolver::resolve (37 bytes)

VM state: not at safepoint (normal execution)

VM Mutex/Monitor currently owned by a thread: None

Heap address: 0x00000000e0000000, size: 512 MB, Compressed Oops mode: 32-bit

CDS archive(s) mapped at: [0x0000000800000000-0x0000000800bc0000-0x0000000800bc0000), size 12320768, SharedBaseAddress: 0x0000000800000000, ArchiveRelocationMode: 0.
Compressed class space mapped at: 0x0000000800c00000-0x000000080dc00000, reserved size: 218103808
Narrow klass base: 0x0000000800000000, Narrow klass shift: 0, Narrow klass range: 0x100000000

GC Precious Log:
 CPUs: 16 total, 16 available
 Memory: 16168M
 Large Page Support: Disabled
 NUMA Support: Disabled
 Compressed Oops: Enabled (32-bit)
 Heap Region Size: 1M
 Heap Min Capacity: 256M
 Heap Initial Capacity: 256M
 Heap Max Capacity: 512M
 Pre-touch: Disabled
 Parallel Workers: 13
 Concurrent Workers: 3
 Concurrent Refinement Workers: 13
 Periodic GC: Disabled

Heap:
 garbage-first heap   total 262144K, used 186039K [0x00000000e0000000, 0x0000000100000000)
  region size 1024K, 151 young (154624K), 1 survivors (1024K)
 Metaspace       used 45511K, committed 46144K, reserved 253952K
  class space    used 6422K, committed 6720K, reserved 212992K

Heap Regions: E=young(eden), S=young(survivor), O=old, HS=humongous(starts), HC=humongous(continues), CS=collection set, F=free, OA=open archive, CA=closed archive, TAMS=top-at-mark-start (previous, next)
|   0|0x00000000e0000000, 0x00000000e0100000, 0x00000000e0100000|100%| O|  |TAMS 0x00000000e0100000, 0x00000000e0000000| Untracked 
|   1|0x00000000e0100000, 0x00000000e0200000, 0x00000000e0200000|100%| O|  |TAMS 0x00000000e0200000, 0x00000000e0100000| Untracked 
|   2|0x00000000e0200000, 0x00000000e0300000, 0x00000000e0300000|100%| O|  |TAMS 0x00000000e0300000, 0x00000000e0200000| Untracked 
|   3|0x00000000e0300000, 0x00000000e0400000, 0x00000000e0400000|100%|HS|  |TAMS 0x00000000e0400000, 0x00000000e0300000| Complete 
|   4|0x00000000e0400000, 0x00000000e0500000, 0x00000000e0500000|100%|HC|  |TAMS 0x00000000e0500000, 0x00000000e0400000| Complete 
|   5|0x00000000e0500000, 0x00000000e0600000, 0x00000000e0600000|100%|HC|  |TAMS 0x00000000e0600000, 0x00000000e0500000| Complete 
|   6|0x00000000e0600000, 0x00000000e0700000, 0x00000000e0700000|100%| O|  |TAMS 0x00000000e0700000, 0x00000000e0600000| Untracked 
|   7|0x00000000e0700000, 0x00000000e0800000, 0x00000000e0800000|100%| O|  |TAMS 0x00000000e0800000, 0x00000000e0700000| Untracked 
|   8|0x00000000e0800000, 0x00000000e0900000, 0x00000000e0900000|100%| O|  |TAMS 0x00000000e0900000, 0x00000000e0800000| Untracked 
|   9|0x00000000e0900000, 0x00000000e0a00000, 0x00000000e0a00000|100%|HS|  |TAMS 0x00000000e0900000, 0x00000000e0900000| Complete 
|  10|0x00000000e0a00000, 0x00000000e0b00000, 0x00000000e0b00000|100%| O|  |TAMS 0x00000000e0b00000, 0x00000000e0a00000| Untracked 
|  11|0x00000000e0b00000, 0x00000000e0c00000, 0x00000000e0c00000|100%| O|  |TAMS 0x00000000e0c00000, 0x00000000e0b00000| Untracked 
|  12|0x00000000e0c00000, 0x00000000e0d00000, 0x00000000e0d00000|100%| O|  |TAMS 0x00000000e0d00000, 0x00000000e0c00000| Untracked 
|  13|0x00000000e0d00000, 0x00000000e0e00000, 0x00000000e0e00000|100%| O|  |TAMS 0x00000000e0e00000, 0x00000000e0d00000| Untracked 
|  14|0x00000000e0e00000, 0x00000000e0f00000, 0x00000000e0f00000|100%| O|  |TAMS 0x00000000e0f00000, 0x00000000e0e00000| Untracked 
|  15|0x00000000e0f00000, 0x00000000e1000000, 0x00000000e1000000|100%| O|  |TAMS 0x00000000e1000000, 0x00000000e0f00000| Untracked 
|  16|0x00000000e1000000, 0x00000000e1100000, 0x00000000e1100000|100%| O|  |TAMS 0x00000000e1100000, 0x00000000e1000000| Untracked 
|  17|0x00000000e1100000, 0x00000000e1200000, 0x00000000e1200000|100%| O|  |TAMS 0x00000000e1200000, 0x00000000e1100000| Untracked 
|  18|0x00000000e1200000, 0x00000000e1300000, 0x00000000e1300000|100%| O|  |TAMS 0x00000000e1300000, 0x00000000e1200000| Untracked 
|  19|0x00000000e1300000, 0x00000000e1400000, 0x00000000e1400000|100%| O|  |TAMS 0x00000000e1400000, 0x00000000e1300000| Untracked 
|  20|0x00000000e1400000, 0x00000000e1500000, 0x00000000e1500000|100%| O|  |TAMS 0x00000000e1500000, 0x00000000e1400000| Untracked 
|  21|0x00000000e1500000, 0x00000000e1600000, 0x00000000e1600000|100%| O|  |TAMS 0x00000000e1600000, 0x00000000e1500000| Untracked 
|  22|0x00000000e1600000, 0x00000000e1700000, 0x00000000e1700000|100%| O|  |TAMS 0x00000000e1700000, 0x00000000e1600000| Untracked 
|  23|0x00000000e1700000, 0x00000000e1800000, 0x00000000e1800000|100%| O|  |TAMS 0x00000000e1800000, 0x00000000e1700000| Untracked 
|  24|0x00000000e1800000, 0x00000000e1900000, 0x00000000e1900000|100%| O|  |TAMS 0x00000000e1900000, 0x00000000e1800000| Untracked 
|  25|0x00000000e1900000, 0x00000000e1a00000, 0x00000000e1a00000|100%| O|  |TAMS 0x00000000e1a00000, 0x00000000e1900000| Untracked 
|  26|0x00000000e1a00000, 0x00000000e1b00000, 0x00000000e1b00000|100%| O|  |TAMS 0x00000000e1b00000, 0x00000000e1a00000| Untracked 
|  27|0x00000000e1b00000, 0x00000000e1c00000, 0x00000000e1c00000|100%| O|  |TAMS 0x00000000e1c00000, 0x00000000e1b00000| Untracked 
|  28|0x00000000e1c00000, 0x00000000e1d00000, 0x00000000e1d00000|100%| O|  |TAMS 0x00000000e1d00000, 0x00000000e1c00000| Untracked 
|  29|0x00000000e1d00000, 0x00000000e1e00000, 0x00000000e1e00000|100%| O|  |TAMS 0x00000000e1e00000, 0x00000000e1d00000| Untracked 
|  30|0x00000000e1e00000, 0x00000000e1f00000, 0x00000000e1f00000|100%| O|  |TAMS 0x00000000e1f00000, 0x00000000e1e00000| Untracked 
|  31|0x00000000e1f00000, 0x00000000e1f3d400, 0x00000000e2000000| 23%| O|  |TAMS 0x00000000e1f3d400, 0x00000000e1f00000| Untracked 
|  32|0x00000000e2000000, 0x00000000e2100000, 0x00000000e2100000|100%|HS|  |TAMS 0x00000000e2000000, 0x00000000e2000000| Complete 
|  33|0x00000000e2100000, 0x00000000e2200000, 0x00000000e2200000|100%|HC|  |TAMS 0x00000000e2100000, 0x00000000e2100000| Complete 
|  34|0x00000000e2200000, 0x00000000e2300000, 0x00000000e2300000|100%|HC|  |TAMS 0x00000000e2200000, 0x00000000e2200000| Complete 
|  35|0x00000000e2300000, 0x00000000e2300000, 0x00000000e2400000|  0%| F|  |TAMS 0x00000000e2300000, 0x00000000e2300000| Untracked 
|  36|0x00000000e2400000, 0x00000000e2400000, 0x00000000e2500000|  0%| F|  |TAMS 0x00000000e2400000, 0x00000000e2400000| Untracked 
|  37|0x00000000e2500000, 0x00000000e2500000, 0x00000000e2600000|  0%| F|  |TAMS 0x00000000e2500000, 0x00000000e2500000| Untracked 
|  38|0x00000000e2600000, 0x00000000e2600000, 0x00000000e2700000|  0%| F|  |TAMS 0x00000000e2600000, 0x00000000e2600000| Untracked 
|  39|0x00000000e2700000, 0x00000000e2700000, 0x00000000e2800000|  0%| F|  |TAMS 0x00000000e2700000, 0x00000000e2700000| Untracked 
|  40|0x00000000e2800000, 0x00000000e2800000, 0x00000000e2900000|  0%| F|  |TAMS 0x00000000e2800000, 0x00000000e2800000| Untracked 
|  41|0x00000000e2900000, 0x00000000e2900000, 0x00000000e2a00000|  0%| F|  |TAMS 0x00000000e2900000, 0x00000000e2900000| Untracked 
|  42|0x00000000e2a00000, 0x00000000e2a00000, 0x00000000e2b00000|  0%| F|  |TAMS 0x00000000e2a00000, 0x00000000e2a00000| Untracked 
|  43|0x00000000e2b00000, 0x00000000e2b00000, 0x00000000e2c00000|  0%| F|  |TAMS 0x00000000e2b00000, 0x00000000e2b00000| Untracked 
|  44|0x00000000e2c00000, 0x00000000e2c00000, 0x00000000e2d00000|  0%| F|  |TAMS 0x00000000e2c00000, 0x00000000e2c00000| Untracked 
|  45|0x00000000e2d00000, 0x00000000e2d00000, 0x00000000e2e00000|  0%| F|  |TAMS 0x00000000e2d00000, 0x00000000e2d00000| Untracked 
|  46|0x00000000e2e00000, 0x00000000e2e00000, 0x00000000e2f00000|  0%| F|  |TAMS 0x00000000e2e00000, 0x00000000e2e00000| Untracked 
|  47|0x00000000e2f00000, 0x00000000e2f00000, 0x00000000e3000000|  0%| F|  |TAMS 0x00000000e2f00000, 0x00000000e2f00000| Untracked 
|  48|0x00000000e3000000, 0x00000000e3000000, 0x00000000e3100000|  0%| F|  |TAMS 0x00000000e3000000, 0x00000000e3000000| Untracked 
|  49|0x00000000e3100000, 0x00000000e3100000, 0x00000000e3200000|  0%| F|  |TAMS 0x00000000e3100000, 0x00000000e3100000| Untracked 
|  50|0x00000000e3200000, 0x00000000e3200000, 0x00000000e3300000|  0%| F|  |TAMS 0x00000000e3200000, 0x00000000e3200000| Untracked 
|  51|0x00000000e3300000, 0x00000000e3300000, 0x00000000e3400000|  0%| F|  |TAMS 0x00000000e3300000, 0x00000000e3300000| Untracked 
|  52|0x00000000e3400000, 0x00000000e3400000, 0x00000000e3500000|  0%| F|  |TAMS 0x00000000e3400000, 0x00000000e3400000| Untracked 
|  53|0x00000000e3500000, 0x00000000e3500000, 0x00000000e3600000|  0%| F|  |TAMS 0x00000000e3500000, 0x00000000e3500000| Untracked 
|  54|0x00000000e3600000, 0x00000000e3600000, 0x00000000e3700000|  0%| F|  |TAMS 0x00000000e3600000, 0x00000000e3600000| Untracked 
|  55|0x00000000e3700000, 0x00000000e3700000, 0x00000000e3800000|  0%| F|  |TAMS 0x00000000e3700000, 0x00000000e3700000| Untracked 
|  56|0x00000000e3800000, 0x00000000e3800000, 0x00000000e3900000|  0%| F|  |TAMS 0x00000000e3800000, 0x00000000e3800000| Untracked 
|  57|0x00000000e3900000, 0x00000000e3900000, 0x00000000e3a00000|  0%| F|  |TAMS 0x00000000e3900000, 0x00000000e3900000| Untracked 
|  58|0x00000000e3a00000, 0x00000000e3a00000, 0x00000000e3b00000|  0%| F|  |TAMS 0x00000000e3a00000, 0x00000000e3a00000| Untracked 
|  59|0x00000000e3b00000, 0x00000000e3b00000, 0x00000000e3c00000|  0%| F|  |TAMS 0x00000000e3b00000, 0x00000000e3b00000| Untracked 
|  60|0x00000000e3c00000, 0x00000000e3c00000, 0x00000000e3d00000|  0%| F|  |TAMS 0x00000000e3c00000, 0x00000000e3c00000| Untracked 
|  61|0x00000000e3d00000, 0x00000000e3d00000, 0x00000000e3e00000|  0%| F|  |TAMS 0x00000000e3d00000, 0x00000000e3d00000| Untracked 
|  62|0x00000000e3e00000, 0x00000000e3e00000, 0x00000000e3f00000|  0%| F|  |TAMS 0x00000000e3e00000, 0x00000000e3e00000| Untracked 
|  63|0x00000000e3f00000, 0x00000000e3f00000, 0x00000000e4000000|  0%| F|  |TAMS 0x00000000e3f00000, 0x00000000e3f00000| Untracked 
|  64|0x00000000e4000000, 0x00000000e4000000, 0x00000000e4100000|  0%| F|  |TAMS 0x00000000e4000000, 0x00000000e4000000| Untracked 
|  65|0x00000000e4100000, 0x00000000e4100000, 0x00000000e4200000|  0%| F|  |TAMS 0x00000000e4100000, 0x00000000e4100000| Untracked 
|  66|0x00000000e4200000, 0x00000000e4200000, 0x00000000e4300000|  0%| F|  |TAMS 0x00000000e4200000, 0x00000000e4200000| Untracked 
|  67|0x00000000e4300000, 0x00000000e4300000, 0x00000000e4400000|  0%| F|  |TAMS 0x00000000e4300000, 0x00000000e4300000| Untracked 
|  68|0x00000000e4400000, 0x00000000e4400000, 0x00000000e4500000|  0%| F|  |TAMS 0x00000000e4400000, 0x00000000e4400000| Untracked 
|  69|0x00000000e4500000, 0x00000000e4500000, 0x00000000e4600000|  0%| F|  |TAMS 0x00000000e4500000, 0x00000000e4500000| Untracked 
|  70|0x00000000e4600000, 0x00000000e4600000, 0x00000000e4700000|  0%| F|  |TAMS 0x00000000e4600000, 0x00000000e4600000| Untracked 
|  71|0x00000000e4700000, 0x00000000e4700000, 0x00000000e4800000|  0%| F|  |TAMS 0x00000000e4700000, 0x00000000e4700000| Untracked 
|  72|0x00000000e4800000, 0x00000000e4800000, 0x00000000e4900000|  0%| F|  |TAMS 0x00000000e4800000, 0x00000000e4800000| Untracked 
|  73|0x00000000e4900000, 0x00000000e4900000, 0x00000000e4a00000|  0%| F|  |TAMS 0x00000000e4900000, 0x00000000e4900000| Untracked 
|  74|0x00000000e4a00000, 0x00000000e4a00000, 0x00000000e4b00000|  0%| F|  |TAMS 0x00000000e4a00000, 0x00000000e4a00000| Untracked 
|  75|0x00000000e4b00000, 0x00000000e4b00000, 0x00000000e4c00000|  0%| F|  |TAMS 0x00000000e4b00000, 0x00000000e4b00000| Untracked 
|  76|0x00000000e4c00000, 0x00000000e4c00000, 0x00000000e4d00000|  0%| F|  |TAMS 0x00000000e4c00000, 0x00000000e4c00000| Untracked 
|  77|0x00000000e4d00000, 0x00000000e4d00000, 0x00000000e4e00000|  0%| F|  |TAMS 0x00000000e4d00000, 0x00000000e4d00000| Untracked 
|  78|0x00000000e4e00000, 0x00000000e4e00000, 0x00000000e4f00000|  0%| F|  |TAMS 0x00000000e4e00000, 0x00000000e4e00000| Untracked 
|  79|0x00000000e4f00000, 0x00000000e4f00000, 0x00000000e5000000|  0%| F|  |TAMS 0x00000000e4f00000, 0x00000000e4f00000| Untracked 
|  80|0x00000000e5000000, 0x00000000e5000000, 0x00000000e5100000|  0%| F|  |TAMS 0x00000000e5000000, 0x00000000e5000000| Untracked 
|  81|0x00000000e5100000, 0x00000000e5100000, 0x00000000e5200000|  0%| F|  |TAMS 0x00000000e5100000, 0x00000000e5100000| Untracked 
|  82|0x00000000e5200000, 0x00000000e5200000, 0x00000000e5300000|  0%| F|  |TAMS 0x00000000e5200000, 0x00000000e5200000| Untracked 
|  83|0x00000000e5300000, 0x00000000e5300000, 0x00000000e5400000|  0%| F|  |TAMS 0x00000000e5300000, 0x00000000e5300000| Untracked 
|  84|0x00000000e5400000, 0x00000000e5400000, 0x00000000e5500000|  0%| F|  |TAMS 0x00000000e5400000, 0x00000000e5400000| Untracked 
|  85|0x00000000e5500000, 0x00000000e5500000, 0x00000000e5600000|  0%| F|  |TAMS 0x00000000e5500000, 0x00000000e5500000| Untracked 
|  86|0x00000000e5600000, 0x00000000e5600000, 0x00000000e5700000|  0%| F|  |TAMS 0x00000000e5600000, 0x00000000e5600000| Untracked 
|  87|0x00000000e5700000, 0x00000000e5700000, 0x00000000e5800000|  0%| F|  |TAMS 0x00000000e5700000, 0x00000000e5700000| Untracked 
|  88|0x00000000e5800000, 0x00000000e5800000, 0x00000000e5900000|  0%| F|  |TAMS 0x00000000e5800000, 0x00000000e5800000| Untracked 
|  89|0x00000000e5900000, 0x00000000e5900000, 0x00000000e5a00000|  0%| F|  |TAMS 0x00000000e5900000, 0x00000000e5900000| Untracked 
|  90|0x00000000e5a00000, 0x00000000e5a00000, 0x00000000e5b00000|  0%| F|  |TAMS 0x00000000e5a00000, 0x00000000e5a00000| Untracked 
|  91|0x00000000e5b00000, 0x00000000e5b00000, 0x00000000e5c00000|  0%| F|  |TAMS 0x00000000e5b00000, 0x00000000e5b00000| Untracked 
|  92|0x00000000e5c00000, 0x00000000e5c00000, 0x00000000e5d00000|  0%| F|  |TAMS 0x00000000e5c00000, 0x00000000e5c00000| Untracked 
|  93|0x00000000e5d00000, 0x00000000e5d00000, 0x00000000e5e00000|  0%| F|  |TAMS 0x00000000e5d00000, 0x00000000e5d00000| Untracked 
|  94|0x00000000e5e00000, 0x00000000e5e00000, 0x00000000e5f00000|  0%| F|  |TAMS 0x00000000e5e00000, 0x00000000e5e00000| Untracked 
|  95|0x00000000e5f00000, 0x00000000e5f00000, 0x00000000e6000000|  0%| F|  |TAMS 0x00000000e5f00000, 0x00000000e5f00000| Untracked 
|  96|0x00000000e6000000, 0x00000000e6000000, 0x00000000e6100000|  0%| F|  |TAMS 0x00000000e6000000, 0x00000000e6000000| Untracked 
|  97|0x00000000e6100000, 0x00000000e6100000, 0x00000000e6200000|  0%| F|  |TAMS 0x00000000e6100000, 0x00000000e6100000| Untracked 
|  98|0x00000000e6200000, 0x00000000e6200000, 0x00000000e6300000|  0%| F|  |TAMS 0x00000000e6200000, 0x00000000e6200000| Untracked 
|  99|0x00000000e6300000, 0x00000000e6300000, 0x00000000e6400000|  0%| F|  |TAMS 0x00000000e6300000, 0x00000000e6300000| Untracked 
| 100|0x00000000e6400000, 0x00000000e6400000, 0x00000000e6500000|  0%| F|  |TAMS 0x00000000e6400000, 0x00000000e6400000| Untracked 
| 101|0x00000000e6500000, 0x00000000e6500000, 0x00000000e6600000|  0%| F|  |TAMS 0x00000000e6500000, 0x00000000e6500000| Untracked 
| 102|0x00000000e6600000, 0x00000000e6600000, 0x00000000e6700000|  0%| F|  |TAMS 0x00000000e6600000, 0x00000000e6600000| Untracked 
| 103|0x00000000e6700000, 0x00000000e6700000, 0x00000000e6800000|  0%| F|  |TAMS 0x00000000e6700000, 0x00000000e6700000| Untracked 
| 104|0x00000000e6800000, 0x00000000e6800000, 0x00000000e6900000|  0%| F|  |TAMS 0x00000000e6800000, 0x00000000e6800000| Untracked 
| 105|0x00000000e6900000, 0x00000000e6980800, 0x00000000e6a00000| 50%| E|  |TAMS 0x00000000e6900000, 0x00000000e6900000| Complete 
| 106|0x00000000e6a00000, 0x00000000e6b00000, 0x00000000e6b00000|100%| E|CS|TAMS 0x00000000e6a00000, 0x00000000e6a00000| Complete 
| 107|0x00000000e6b00000, 0x00000000e6c00000, 0x00000000e6c00000|100%| E|CS|TAMS 0x00000000e6b00000, 0x00000000e6b00000| Complete 
| 108|0x00000000e6c00000, 0x00000000e6d00000, 0x00000000e6d00000|100%| E|CS|TAMS 0x00000000e6c00000, 0x00000000e6c00000| Complete 
| 109|0x00000000e6d00000, 0x00000000e6e00000, 0x00000000e6e00000|100%| E|CS|TAMS 0x00000000e6d00000, 0x00000000e6d00000| Complete 
| 110|0x00000000e6e00000, 0x00000000e6f00000, 0x00000000e6f00000|100%| E|CS|TAMS 0x00000000e6e00000, 0x00000000e6e00000| Complete 
| 111|0x00000000e6f00000, 0x00000000e7000000, 0x00000000e7000000|100%| E|CS|TAMS 0x00000000e6f00000, 0x00000000e6f00000| Complete 
| 112|0x00000000e7000000, 0x00000000e7100000, 0x00000000e7100000|100%| E|CS|TAMS 0x00000000e7000000, 0x00000000e7000000| Complete 
| 113|0x00000000e7100000, 0x00000000e7200000, 0x00000000e7200000|100%| E|CS|TAMS 0x00000000e7100000, 0x00000000e7100000| Complete 
| 114|0x00000000e7200000, 0x00000000e7300000, 0x00000000e7300000|100%| E|CS|TAMS 0x00000000e7200000, 0x00000000e7200000| Complete 
| 115|0x00000000e7300000, 0x00000000e7400000, 0x00000000e7400000|100%| E|CS|TAMS 0x00000000e7300000, 0x00000000e7300000| Complete 
| 116|0x00000000e7400000, 0x00000000e7500000, 0x00000000e7500000|100%| E|CS|TAMS 0x00000000e7400000, 0x00000000e7400000| Complete 
| 117|0x00000000e7500000, 0x00000000e7600000, 0x00000000e7600000|100%| E|CS|TAMS 0x00000000e7500000, 0x00000000e7500000| Complete 
| 118|0x00000000e7600000, 0x00000000e7700000, 0x00000000e7700000|100%| E|CS|TAMS 0x00000000e7600000, 0x00000000e7600000| Complete 
| 119|0x00000000e7700000, 0x00000000e7800000, 0x00000000e7800000|100%| E|CS|TAMS 0x00000000e7700000, 0x00000000e7700000| Complete 
| 120|0x00000000e7800000, 0x00000000e7900000, 0x00000000e7900000|100%| E|CS|TAMS 0x00000000e7800000, 0x00000000e7800000| Complete 
| 121|0x00000000e7900000, 0x00000000e7a00000, 0x00000000e7a00000|100%| E|CS|TAMS 0x00000000e7900000, 0x00000000e7900000| Complete 
| 122|0x00000000e7a00000, 0x00000000e7b00000, 0x00000000e7b00000|100%| E|CS|TAMS 0x00000000e7a00000, 0x00000000e7a00000| Complete 
| 123|0x00000000e7b00000, 0x00000000e7c00000, 0x00000000e7c00000|100%| E|CS|TAMS 0x00000000e7b00000, 0x00000000e7b00000| Complete 
| 124|0x00000000e7c00000, 0x00000000e7d00000, 0x00000000e7d00000|100%| E|CS|TAMS 0x00000000e7c00000, 0x00000000e7c00000| Complete 
| 125|0x00000000e7d00000, 0x00000000e7e00000, 0x00000000e7e00000|100%| E|CS|TAMS 0x00000000e7d00000, 0x00000000e7d00000| Complete 
| 126|0x00000000e7e00000, 0x00000000e7f00000, 0x00000000e7f00000|100%| E|CS|TAMS 0x00000000e7e00000, 0x00000000e7e00000| Complete 
| 127|0x00000000e7f00000, 0x00000000e8000000, 0x00000000e8000000|100%| E|CS|TAMS 0x00000000e7f00000, 0x00000000e7f00000| Complete 
| 128|0x00000000e8000000, 0x00000000e8100000, 0x00000000e8100000|100%| E|CS|TAMS 0x00000000e8000000, 0x00000000e8000000| Complete 
| 129|0x00000000e8100000, 0x00000000e8200000, 0x00000000e8200000|100%| E|CS|TAMS 0x00000000e8100000, 0x00000000e8100000| Complete 
| 130|0x00000000e8200000, 0x00000000e8300000, 0x00000000e8300000|100%| E|CS|TAMS 0x00000000e8200000, 0x00000000e8200000| Complete 
| 131|0x00000000e8300000, 0x00000000e8400000, 0x00000000e8400000|100%| E|CS|TAMS 0x00000000e8300000, 0x00000000e8300000| Complete 
| 132|0x00000000e8400000, 0x00000000e8500000, 0x00000000e8500000|100%| E|CS|TAMS 0x00000000e8400000, 0x00000000e8400000| Complete 
| 133|0x00000000e8500000, 0x00000000e8600000, 0x00000000e8600000|100%| E|CS|TAMS 0x00000000e8500000, 0x00000000e8500000| Complete 
| 134|0x00000000e8600000, 0x00000000e8700000, 0x00000000e8700000|100%| E|CS|TAMS 0x00000000e8600000, 0x00000000e8600000| Complete 
| 135|0x00000000e8700000, 0x00000000e8800000, 0x00000000e8800000|100%| E|CS|TAMS 0x00000000e8700000, 0x00000000e8700000| Complete 
| 136|0x00000000e8800000, 0x00000000e8900000, 0x00000000e8900000|100%| E|CS|TAMS 0x00000000e8800000, 0x00000000e8800000| Complete 
| 137|0x00000000e8900000, 0x00000000e8a00000, 0x00000000e8a00000|100%| E|CS|TAMS 0x00000000e8900000, 0x00000000e8900000| Complete 
| 138|0x00000000e8a00000, 0x00000000e8b00000, 0x00000000e8b00000|100%| E|CS|TAMS 0x00000000e8a00000, 0x00000000e8a00000| Complete 
| 139|0x00000000e8b00000, 0x00000000e8c00000, 0x00000000e8c00000|100%| E|CS|TAMS 0x00000000e8b00000, 0x00000000e8b00000| Complete 
| 140|0x00000000e8c00000, 0x00000000e8d00000, 0x00000000e8d00000|100%| E|CS|TAMS 0x00000000e8c00000, 0x00000000e8c00000| Complete 
| 141|0x00000000e8d00000, 0x00000000e8e00000, 0x00000000e8e00000|100%| E|CS|TAMS 0x00000000e8d00000, 0x00000000e8d00000| Complete 
| 142|0x00000000e8e00000, 0x00000000e8f00000, 0x00000000e8f00000|100%| E|CS|TAMS 0x00000000e8e00000, 0x00000000e8e00000| Complete 
| 143|0x00000000e8f00000, 0x00000000e9000000, 0x00000000e9000000|100%| E|CS|TAMS 0x00000000e8f00000, 0x00000000e8f00000| Complete 
| 144|0x00000000e9000000, 0x00000000e9100000, 0x00000000e9100000|100%| E|CS|TAMS 0x00000000e9000000, 0x00000000e9000000| Complete 
| 145|0x00000000e9100000, 0x00000000e9200000, 0x00000000e9200000|100%| E|CS|TAMS 0x00000000e9100000, 0x00000000e9100000| Complete 
| 146|0x00000000e9200000, 0x00000000e9300000, 0x00000000e9300000|100%| E|CS|TAMS 0x00000000e9200000, 0x00000000e9200000| Complete 
| 147|0x00000000e9300000, 0x00000000e9400000, 0x00000000e9400000|100%| E|CS|TAMS 0x00000000e9300000, 0x00000000e9300000| Complete 
| 148|0x00000000e9400000, 0x00000000e9500000, 0x00000000e9500000|100%| E|CS|TAMS 0x00000000e9400000, 0x00000000e9400000| Complete 
| 149|0x00000000e9500000, 0x00000000e9600000, 0x00000000e9600000|100%| E|CS|TAMS 0x00000000e9500000, 0x00000000e9500000| Complete 
| 150|0x00000000e9600000, 0x00000000e9700000, 0x00000000e9700000|100%| E|CS|TAMS 0x00000000e9600000, 0x00000000e9600000| Complete 
| 151|0x00000000e9700000, 0x00000000e9800000, 0x00000000e9800000|100%| E|CS|TAMS 0x00000000e9700000, 0x00000000e9700000| Complete 
| 152|0x00000000e9800000, 0x00000000e9900000, 0x00000000e9900000|100%| E|CS|TAMS 0x00000000e9800000, 0x00000000e9800000| Complete 
| 153|0x00000000e9900000, 0x00000000e9a00000, 0x00000000e9a00000|100%| E|CS|TAMS 0x00000000e9900000, 0x00000000e9900000| Complete 
| 154|0x00000000e9a00000, 0x00000000e9b00000, 0x00000000e9b00000|100%| E|CS|TAMS 0x00000000e9a00000, 0x00000000e9a00000| Complete 
| 155|0x00000000e9b00000, 0x00000000e9c00000, 0x00000000e9c00000|100%| E|CS|TAMS 0x00000000e9b00000, 0x00000000e9b00000| Complete 
| 156|0x00000000e9c00000, 0x00000000e9d00000, 0x00000000e9d00000|100%| E|CS|TAMS 0x00000000e9c00000, 0x00000000e9c00000| Complete 
| 157|0x00000000e9d00000, 0x00000000e9e00000, 0x00000000e9e00000|100%| E|CS|TAMS 0x00000000e9d00000, 0x00000000e9d00000| Complete 
| 158|0x00000000e9e00000, 0x00000000e9f00000, 0x00000000e9f00000|100%| E|CS|TAMS 0x00000000e9e00000, 0x00000000e9e00000| Complete 
| 159|0x00000000e9f00000, 0x00000000ea000000, 0x00000000ea000000|100%| E|CS|TAMS 0x00000000e9f00000, 0x00000000e9f00000| Complete 
| 160|0x00000000ea000000, 0x00000000ea100000, 0x00000000ea100000|100%| E|CS|TAMS 0x00000000ea000000, 0x00000000ea000000| Complete 
| 161|0x00000000ea100000, 0x00000000ea200000, 0x00000000ea200000|100%| E|CS|TAMS 0x00000000ea100000, 0x00000000ea100000| Complete 
| 162|0x00000000ea200000, 0x00000000ea300000, 0x00000000ea300000|100%| E|CS|TAMS 0x00000000ea200000, 0x00000000ea200000| Complete 
| 163|0x00000000ea300000, 0x00000000ea400000, 0x00000000ea400000|100%| E|CS|TAMS 0x00000000ea300000, 0x00000000ea300000| Complete 
| 164|0x00000000ea400000, 0x00000000ea500000, 0x00000000ea500000|100%| E|CS|TAMS 0x00000000ea400000, 0x00000000ea400000| Complete 
| 165|0x00000000ea500000, 0x00000000ea600000, 0x00000000ea600000|100%| E|CS|TAMS 0x00000000ea500000, 0x00000000ea500000| Complete 
| 166|0x00000000ea600000, 0x00000000ea700000, 0x00000000ea700000|100%| E|CS|TAMS 0x00000000ea600000, 0x00000000ea600000| Complete 
| 167|0x00000000ea700000, 0x00000000ea800000, 0x00000000ea800000|100%| E|CS|TAMS 0x00000000ea700000, 0x00000000ea700000| Complete 
| 168|0x00000000ea800000, 0x00000000ea900000, 0x00000000ea900000|100%| E|CS|TAMS 0x00000000ea800000, 0x00000000ea800000| Complete 
| 169|0x00000000ea900000, 0x00000000eaa00000, 0x00000000eaa00000|100%| E|CS|TAMS 0x00000000ea900000, 0x00000000ea900000| Complete 
| 170|0x00000000eaa00000, 0x00000000eab00000, 0x00000000eab00000|100%| E|CS|TAMS 0x00000000eaa00000, 0x00000000eaa00000| Complete 
| 171|0x00000000eab00000, 0x00000000eac00000, 0x00000000eac00000|100%| E|CS|TAMS 0x00000000eab00000, 0x00000000eab00000| Complete 
| 172|0x00000000eac00000, 0x00000000ead00000, 0x00000000ead00000|100%| E|CS|TAMS 0x00000000eac00000, 0x00000000eac00000| Complete 
| 173|0x00000000ead00000, 0x00000000eae00000, 0x00000000eae00000|100%| E|CS|TAMS 0x00000000ead00000, 0x00000000ead00000| Complete 
| 174|0x00000000eae00000, 0x00000000eaf00000, 0x00000000eaf00000|100%| E|CS|TAMS 0x00000000eae00000, 0x00000000eae00000| Complete 
| 175|0x00000000eaf00000, 0x00000000eb000000, 0x00000000eb000000|100%| E|CS|TAMS 0x00000000eaf00000, 0x00000000eaf00000| Complete 
| 176|0x00000000eb000000, 0x00000000eb100000, 0x00000000eb100000|100%| E|CS|TAMS 0x00000000eb000000, 0x00000000eb000000| Complete 
| 177|0x00000000eb100000, 0x00000000eb200000, 0x00000000eb200000|100%| E|CS|TAMS 0x00000000eb100000, 0x00000000eb100000| Complete 
| 178|0x00000000eb200000, 0x00000000eb300000, 0x00000000eb300000|100%| E|CS|TAMS 0x00000000eb200000, 0x00000000eb200000| Complete 
| 179|0x00000000eb300000, 0x00000000eb400000, 0x00000000eb400000|100%| E|CS|TAMS 0x00000000eb300000, 0x00000000eb300000| Complete 
| 180|0x00000000eb400000, 0x00000000eb500000, 0x00000000eb500000|100%| E|CS|TAMS 0x00000000eb400000, 0x00000000eb400000| Complete 
| 181|0x00000000eb500000, 0x00000000eb600000, 0x00000000eb600000|100%| E|CS|TAMS 0x00000000eb500000, 0x00000000eb500000| Complete 
| 182|0x00000000eb600000, 0x00000000eb700000, 0x00000000eb700000|100%| E|CS|TAMS 0x00000000eb600000, 0x00000000eb600000| Complete 
| 183|0x00000000eb700000, 0x00000000eb800000, 0x00000000eb800000|100%| E|CS|TAMS 0x00000000eb700000, 0x00000000eb700000| Complete 
| 184|0x00000000eb800000, 0x00000000eb900000, 0x00000000eb900000|100%| E|CS|TAMS 0x00000000eb800000, 0x00000000eb800000| Complete 
| 185|0x00000000eb900000, 0x00000000eba00000, 0x00000000eba00000|100%| E|CS|TAMS 0x00000000eb900000, 0x00000000eb900000| Complete 
| 186|0x00000000eba00000, 0x00000000ebb00000, 0x00000000ebb00000|100%| E|CS|TAMS 0x00000000eba00000, 0x00000000eba00000| Complete 
| 187|0x00000000ebb00000, 0x00000000ebc00000, 0x00000000ebc00000|100%| E|CS|TAMS 0x00000000ebb00000, 0x00000000ebb00000| Complete 
| 188|0x00000000ebc00000, 0x00000000ebd00000, 0x00000000ebd00000|100%| E|CS|TAMS 0x00000000ebc00000, 0x00000000ebc00000| Complete 
| 189|0x00000000ebd00000, 0x00000000ebe00000, 0x00000000ebe00000|100%| E|CS|TAMS 0x00000000ebd00000, 0x00000000ebd00000| Complete 
| 190|0x00000000ebe00000, 0x00000000ebf00000, 0x00000000ebf00000|100%| E|CS|TAMS 0x00000000ebe00000, 0x00000000ebe00000| Complete 
| 191|0x00000000ebf00000, 0x00000000ec000000, 0x00000000ec000000|100%| E|CS|TAMS 0x00000000ebf00000, 0x00000000ebf00000| Complete 
| 192|0x00000000ec000000, 0x00000000ec100000, 0x00000000ec100000|100%| E|CS|TAMS 0x00000000ec000000, 0x00000000ec000000| Complete 
| 193|0x00000000ec100000, 0x00000000ec200000, 0x00000000ec200000|100%| E|  |TAMS 0x00000000ec100000, 0x00000000ec100000| Complete 
| 194|0x00000000ec200000, 0x00000000ec300000, 0x00000000ec300000|100%| E|CS|TAMS 0x00000000ec200000, 0x00000000ec200000| Complete 
| 195|0x00000000ec300000, 0x00000000ec400000, 0x00000000ec400000|100%| E|CS|TAMS 0x00000000ec300000, 0x00000000ec300000| Complete 
| 196|0x00000000ec400000, 0x00000000ec500000, 0x00000000ec500000|100%| E|CS|TAMS 0x00000000ec400000, 0x00000000ec400000| Complete 
| 197|0x00000000ec500000, 0x00000000ec600000, 0x00000000ec600000|100%| E|CS|TAMS 0x00000000ec500000, 0x00000000ec500000| Complete 
| 198|0x00000000ec600000, 0x00000000ec700000, 0x00000000ec700000|100%| E|CS|TAMS 0x00000000ec600000, 0x00000000ec600000| Complete 
| 199|0x00000000ec700000, 0x00000000ec800000, 0x00000000ec800000|100%| E|CS|TAMS 0x00000000ec700000, 0x00000000ec700000| Complete 
| 200|0x00000000ec800000, 0x00000000ec900000, 0x00000000ec900000|100%| E|CS|TAMS 0x00000000ec800000, 0x00000000ec800000| Complete 
| 201|0x00000000ec900000, 0x00000000eca00000, 0x00000000eca00000|100%| E|CS|TAMS 0x00000000ec900000, 0x00000000ec900000| Complete 
| 202|0x00000000eca00000, 0x00000000ecb00000, 0x00000000ecb00000|100%| E|CS|TAMS 0x00000000eca00000, 0x00000000eca00000| Complete 
| 203|0x00000000ecb00000, 0x00000000ecc00000, 0x00000000ecc00000|100%| E|CS|TAMS 0x00000000ecb00000, 0x00000000ecb00000| Complete 
| 204|0x00000000ecc00000, 0x00000000ecd00000, 0x00000000ecd00000|100%| E|CS|TAMS 0x00000000ecc00000, 0x00000000ecc00000| Complete 
| 205|0x00000000ecd00000, 0x00000000ece00000, 0x00000000ece00000|100%| E|CS|TAMS 0x00000000ecd00000, 0x00000000ecd00000| Complete 
| 206|0x00000000ece00000, 0x00000000ecf00000, 0x00000000ecf00000|100%| E|CS|TAMS 0x00000000ece00000, 0x00000000ece00000| Complete 
| 207|0x00000000ecf00000, 0x00000000ed000000, 0x00000000ed000000|100%| E|CS|TAMS 0x00000000ecf00000, 0x00000000ecf00000| Complete 
| 208|0x00000000ed000000, 0x00000000ed100000, 0x00000000ed100000|100%| E|CS|TAMS 0x00000000ed000000, 0x00000000ed000000| Complete 
| 209|0x00000000ed100000, 0x00000000ed200000, 0x00000000ed200000|100%| E|CS|TAMS 0x00000000ed100000, 0x00000000ed100000| Complete 
| 210|0x00000000ed200000, 0x00000000ed300000, 0x00000000ed300000|100%| E|CS|TAMS 0x00000000ed200000, 0x00000000ed200000| Complete 
| 211|0x00000000ed300000, 0x00000000ed400000, 0x00000000ed400000|100%| E|CS|TAMS 0x00000000ed300000, 0x00000000ed300000| Complete 
| 212|0x00000000ed400000, 0x00000000ed500000, 0x00000000ed500000|100%| E|CS|TAMS 0x00000000ed400000, 0x00000000ed400000| Complete 
| 213|0x00000000ed500000, 0x00000000ed600000, 0x00000000ed600000|100%| E|CS|TAMS 0x00000000ed500000, 0x00000000ed500000| Complete 
| 214|0x00000000ed600000, 0x00000000ed700000, 0x00000000ed700000|100%| E|CS|TAMS 0x00000000ed600000, 0x00000000ed600000| Complete 
| 215|0x00000000ed700000, 0x00000000ed800000, 0x00000000ed800000|100%| E|CS|TAMS 0x00000000ed700000, 0x00000000ed700000| Complete 
| 216|0x00000000ed800000, 0x00000000ed900000, 0x00000000ed900000|100%| E|CS|TAMS 0x00000000ed800000, 0x00000000ed800000| Complete 
| 217|0x00000000ed900000, 0x00000000eda00000, 0x00000000eda00000|100%| E|CS|TAMS 0x00000000ed900000, 0x00000000ed900000| Complete 
| 218|0x00000000eda00000, 0x00000000edb00000, 0x00000000edb00000|100%| E|CS|TAMS 0x00000000eda00000, 0x00000000eda00000| Complete 
| 219|0x00000000edb00000, 0x00000000edc00000, 0x00000000edc00000|100%| E|CS|TAMS 0x00000000edb00000, 0x00000000edb00000| Complete 
| 220|0x00000000edc00000, 0x00000000edd00000, 0x00000000edd00000|100%| E|CS|TAMS 0x00000000edc00000, 0x00000000edc00000| Complete 
| 221|0x00000000edd00000, 0x00000000ede00000, 0x00000000ede00000|100%| E|CS|TAMS 0x00000000edd00000, 0x00000000edd00000| Complete 
| 222|0x00000000ede00000, 0x00000000edf00000, 0x00000000edf00000|100%| E|CS|TAMS 0x00000000ede00000, 0x00000000ede00000| Complete 
| 223|0x00000000edf00000, 0x00000000ee000000, 0x00000000ee000000|100%| E|CS|TAMS 0x00000000edf00000, 0x00000000edf00000| Complete 
| 224|0x00000000ee000000, 0x00000000ee100000, 0x00000000ee100000|100%| E|CS|TAMS 0x00000000ee000000, 0x00000000ee000000| Complete 
| 225|0x00000000ee100000, 0x00000000ee200000, 0x00000000ee200000|100%| E|CS|TAMS 0x00000000ee100000, 0x00000000ee100000| Complete 
| 226|0x00000000ee200000, 0x00000000ee300000, 0x00000000ee300000|100%| E|CS|TAMS 0x00000000ee200000, 0x00000000ee200000| Complete 
| 227|0x00000000ee300000, 0x00000000ee400000, 0x00000000ee400000|100%| E|CS|TAMS 0x00000000ee300000, 0x00000000ee300000| Complete 
| 228|0x00000000ee400000, 0x00000000ee500000, 0x00000000ee500000|100%| E|CS|TAMS 0x00000000ee400000, 0x00000000ee400000| Complete 
| 229|0x00000000ee500000, 0x00000000ee600000, 0x00000000ee600000|100%| E|CS|TAMS 0x00000000ee500000, 0x00000000ee500000| Complete 
| 230|0x00000000ee600000, 0x00000000ee700000, 0x00000000ee700000|100%| E|CS|TAMS 0x00000000ee600000, 0x00000000ee600000| Complete 
| 231|0x00000000ee700000, 0x00000000ee800000, 0x00000000ee800000|100%| E|CS|TAMS 0x00000000ee700000, 0x00000000ee700000| Complete 
| 232|0x00000000ee800000, 0x00000000ee900000, 0x00000000ee900000|100%| E|CS|TAMS 0x00000000ee800000, 0x00000000ee800000| Complete 
| 233|0x00000000ee900000, 0x00000000eea00000, 0x00000000eea00000|100%| E|CS|TAMS 0x00000000ee900000, 0x00000000ee900000| Complete 
| 234|0x00000000eea00000, 0x00000000eeb00000, 0x00000000eeb00000|100%| E|CS|TAMS 0x00000000eea00000, 0x00000000eea00000| Complete 
| 235|0x00000000eeb00000, 0x00000000eec00000, 0x00000000eec00000|100%| E|CS|TAMS 0x00000000eeb00000, 0x00000000eeb00000| Complete 
| 236|0x00000000eec00000, 0x00000000eed00000, 0x00000000eed00000|100%| E|CS|TAMS 0x00000000eec00000, 0x00000000eec00000| Complete 
| 237|0x00000000eed00000, 0x00000000eee00000, 0x00000000eee00000|100%| E|CS|TAMS 0x00000000eed00000, 0x00000000eed00000| Complete 
| 238|0x00000000eee00000, 0x00000000eef00000, 0x00000000eef00000|100%| E|CS|TAMS 0x00000000eee00000, 0x00000000eee00000| Complete 
| 239|0x00000000eef00000, 0x00000000ef000000, 0x00000000ef000000|100%| E|CS|TAMS 0x00000000eef00000, 0x00000000eef00000| Complete 
| 240|0x00000000ef000000, 0x00000000ef100000, 0x00000000ef100000|100%| E|CS|TAMS 0x00000000ef000000, 0x00000000ef000000| Complete 
| 241|0x00000000ef100000, 0x00000000ef200000, 0x00000000ef200000|100%| E|CS|TAMS 0x00000000ef100000, 0x00000000ef100000| Complete 
| 242|0x00000000ef200000, 0x00000000ef300000, 0x00000000ef300000|100%| E|CS|TAMS 0x00000000ef200000, 0x00000000ef200000| Complete 
| 243|0x00000000ef300000, 0x00000000ef400000, 0x00000000ef400000|100%| E|CS|TAMS 0x00000000ef300000, 0x00000000ef300000| Complete 
| 244|0x00000000ef400000, 0x00000000ef500000, 0x00000000ef500000|100%| E|CS|TAMS 0x00000000ef400000, 0x00000000ef400000| Complete 
| 245|0x00000000ef500000, 0x00000000ef600000, 0x00000000ef600000|100%| E|CS|TAMS 0x00000000ef500000, 0x00000000ef500000| Complete 
| 246|0x00000000ef600000, 0x00000000ef700000, 0x00000000ef700000|100%| E|CS|TAMS 0x00000000ef600000, 0x00000000ef600000| Complete 
| 247|0x00000000ef700000, 0x00000000ef800000, 0x00000000ef800000|100%| E|CS|TAMS 0x00000000ef700000, 0x00000000ef700000| Complete 
| 248|0x00000000ef800000, 0x00000000ef900000, 0x00000000ef900000|100%| E|CS|TAMS 0x00000000ef800000, 0x00000000ef800000| Complete 
| 249|0x00000000ef900000, 0x00000000efa00000, 0x00000000efa00000|100%| E|CS|TAMS 0x00000000ef900000, 0x00000000ef900000| Complete 
| 250|0x00000000efa00000, 0x00000000efb00000, 0x00000000efb00000|100%| E|CS|TAMS 0x00000000efa00000, 0x00000000efa00000| Complete 
| 251|0x00000000efb00000, 0x00000000efb70a88, 0x00000000efc00000| 44%| S|CS|TAMS 0x00000000efb00000, 0x00000000efb00000| Complete 
| 252|0x00000000efc00000, 0x00000000efd00000, 0x00000000efd00000|100%| E|CS|TAMS 0x00000000efc00000, 0x00000000efc00000| Complete 
| 253|0x00000000efd00000, 0x00000000efe00000, 0x00000000efe00000|100%| E|CS|TAMS 0x00000000efd00000, 0x00000000efd00000| Complete 
| 254|0x00000000efe00000, 0x00000000eff00000, 0x00000000eff00000|100%| E|CS|TAMS 0x00000000efe00000, 0x00000000efe00000| Complete 
| 255|0x00000000eff00000, 0x00000000f0000000, 0x00000000f0000000|100%| E|CS|TAMS 0x00000000eff00000, 0x00000000eff00000| Complete 

Card table byte_map: [0x00000205b03b0000,0x00000205b04b0000] _byte_map_base: 0x00000205afcb0000

Marking Bits (Prev, Next): (CMBitMap*) 0x00000205991faea0, (CMBitMap*) 0x00000205991faee0
 Prev Bits: [0x00000205b05b0000, 0x00000205b0db0000)
 Next Bits: [0x00000205b0db0000, 0x00000205b15b0000)

Polling page: 0x00000205971c0000

Metaspace:

Usage:
  Non-class:     38.18 MB used.
      Class:      6.27 MB used.
       Both:     44.45 MB used.

Virtual space:
  Non-class space:       40.00 MB reserved,      38.50 MB ( 96%) committed,  5 nodes.
      Class space:      208.00 MB reserved,       6.56 MB (  3%) committed,  1 nodes.
             Both:      248.00 MB reserved,      45.06 MB ( 18%) committed. 

Chunk freelists:
   Non-Class:  1.38 MB
       Class:  1.38 MB
        Both:  2.76 MB

MaxMetaspaceSize: 256.00 MB
CompressedClassSpaceSize: 208.00 MB
Initial GC threshold: 21.00 MB
Current GC threshold: 59.50 MB
CDS: on
MetaspaceReclaimPolicy: balanced
 - commit_granule_bytes: 65536.
 - commit_granule_words: 8192.
 - virtual_space_node_default_size: 1048576.
 - enlarge_chunks_in_place: 1.
 - new_chunks_are_fully_committed: 0.
 - uncommit_free_chunks: 1.
 - use_allocation_guard: 0.
 - handle_deallocations: 1.


Internal statistics:

num_allocs_failed_limit: 9.
num_arena_births: 616.
num_arena_deaths: 0.
num_vsnodes_births: 6.
num_vsnodes_deaths: 0.
num_space_committed: 721.
num_space_uncommitted: 0.
num_chunks_returned_to_freelist: 9.
num_chunks_taken_from_freelist: 2389.
num_chunk_merges: 9.
num_chunk_splits: 1534.
num_chunks_enlarged: 992.
num_purges: 0.
num_inconsistent_stats: 0.

CodeHeap 'non-profiled nmethods': size=119168Kb used=3110Kb max_used=3153Kb free=116058Kb
 bounds [0x00000205a85d0000, 0x00000205a88f0000, 0x00000205afa30000]
CodeHeap 'profiled nmethods': size=119104Kb used=11053Kb max_used=11489Kb free=108050Kb
 bounds [0x00000205a1180000, 0x00000205a1cc0000, 0x00000205a85d0000]
CodeHeap 'non-nmethods': size=7488Kb used=4015Kb max_used=4126Kb free=3472Kb
 bounds [0x00000205a0a30000, 0x00000205a0e60000, 0x00000205a1180000]
 total_blobs=6356 nmethods=5514 adapters=750
 compilation: enabled
              stopped_count=0, restarted_count=0
 full_count=0

Compilation events (20 events):
Event: 3.651 Thread 0x00000205b50e1020 6263       3       org.gradle.internal.instantiation.generator.AbstractClassGenerator::assembleProperties (239 bytes)
Event: 3.653 Thread 0x00000205b50e1020 nmethod 6263 0x00000205a11f4810 code [0x00000205a11f4ce0, 0x00000205a11f7838]
Event: 3.653 Thread 0x00000205b50e1020 6264       3       java.lang.reflect.Proxy$ProxyBuilder::addElementType (19 bytes)
Event: 3.653 Thread 0x00000205b45364a0 6265       3       java.lang.reflect.Proxy$ProxyBuilder::getElementType (19 bytes)
Event: 3.653 Thread 0x00000205b45364a0 nmethod 6265 0x00000205a11a3010 code [0x00000205a11a31e0, 0x00000205a11a3498]
Event: 3.653 Thread 0x00000205b50e1020 nmethod 6264 0x00000205a12f9310 code [0x00000205a12f9500, 0x00000205a12f9aa8]
Event: 3.653 Thread 0x00000205b8a8a1b0 nmethod 6257 0x00000205a8841090 code [0x00000205a8841220, 0x00000205a8841618]
Event: 3.653 Thread 0x00000205b8a8a1b0 6262       4       sun.reflect.generics.parser.SignatureParser::parsePackageNameAndSimpleClassTypeSignature (119 bytes)
Event: 3.683 Thread 0x00000205b50e7f70 6269       3       java.util.HashMap$TreeNode::find (172 bytes)
Event: 3.683 Thread 0x00000205b50e7f70 nmethod 6269 0x00000205a12c4690 code [0x00000205a12c48c0, 0x00000205a12c5338]
Event: 3.687 Thread 0x00000205b50e7f70 6270       1       org.gradle.internal.instantiation.generator.AbstractClassGenerator::getRoleHandler (5 bytes)
Event: 3.687 Thread 0x00000205b50e7f70 nmethod 6270 0x00000205a8840a90 code [0x00000205a8840c20, 0x00000205a8840cf8]
Event: 3.687 Thread 0x00000205b50e1020 6271       3       org.gradle.internal.service.DefaultServiceRegistry::get (10 bytes)
Event: 3.688 Thread 0x00000205b50e1020 nmethod 6271 0x00000205a142dd10 code [0x00000205a142dee0, 0x00000205a142e2c8]
Event: 3.690 Thread 0x00000205b5d7ae70 6272       3       java.lang.invoke.MethodHandleImpl$IntrinsicMethodHandle::<init> (25 bytes)
Event: 3.691 Thread 0x00000205b50e1020 6273       3       org.gradle.api.internal.project.taskfactory.DefaultTaskClassInfoStore::createTaskAction (215 bytes)
Event: 3.691 Thread 0x00000205b5d7ae70 nmethod 6272 0x00000205a12c3c90 code [0x00000205a12c3e60, 0x00000205a12c44b8]
Event: 3.693 Thread 0x00000205b50e1020 nmethod 6273 0x00000205a125ae90 code [0x00000205a125b480, 0x00000205a125ed38]
Event: 3.698 Thread 0x00000205b50e7f70 6275   !   3       com.sun.beans.finder.InstanceFinder::instantiate (41 bytes)
Event: 3.699 Thread 0x00000205b50e7f70 nmethod 6275 0x00000205a12c2610 code [0x00000205a12c28c0, 0x00000205a12c3648]

GC Heap History (12 events):
Event: 0.337 GC heap before
{Heap before GC invocations=0 (full 0):
 garbage-first heap   total 262144K, used 28672K [0x00000000e0000000, 0x0000000100000000)
  region size 1024K, 23 young (23552K), 0 survivors (0K)
 Metaspace       used 3027K, committed 3200K, reserved 221184K
  class space    used 381K, committed 448K, reserved 212992K
}
Event: 0.340 GC heap after
{Heap after GC invocations=1 (full 0):
 garbage-first heap   total 262144K, used 9432K [0x00000000e0000000, 0x0000000100000000)
  region size 1024K, 3 young (3072K), 3 survivors (3072K)
 Metaspace       used 3027K, committed 3200K, reserved 221184K
  class space    used 381K, committed 448K, reserved 212992K
}
Event: 0.565 GC heap before
{Heap before GC invocations=1 (full 0):
 garbage-first heap   total 262144K, used 39128K [0x00000000e0000000, 0x0000000100000000)
  region size 1024K, 31 young (31744K), 3 survivors (3072K)
 Metaspace       used 3950K, committed 4160K, reserved 221184K
  class space    used 476K, committed 576K, reserved 212992K
}
Event: 0.566 GC heap after
{Heap after GC invocations=2 (full 0):
 garbage-first heap   total 262144K, used 12703K [0x00000000e0000000, 0x0000000100000000)
  region size 1024K, 4 young (4096K), 4 survivors (4096K)
 Metaspace       used 3950K, committed 4160K, reserved 221184K
  class space    used 476K, committed 576K, reserved 212992K
}
Event: 1.749 GC heap before
{Heap before GC invocations=2 (full 0):
 garbage-first heap   total 262144K, used 115103K [0x00000000e0000000, 0x0000000100000000)
  region size 1024K, 105 young (107520K), 4 survivors (4096K)
 Metaspace       used 21258K, committed 21504K, reserved 237568K
  class space    used 3160K, committed 3264K, reserved 212992K
}
Event: 1.753 GC heap after
{Heap after GC invocations=3 (full 0):
 garbage-first heap   total 262144K, used 20574K [0x00000000e0000000, 0x0000000100000000)
  region size 1024K, 12 young (12288K), 12 survivors (12288K)
 Metaspace       used 21258K, committed 21504K, reserved 237568K
  class space    used 3160K, committed 3264K, reserved 212992K
}
Event: 2.666 GC heap before
{Heap before GC invocations=4 (full 0):
 garbage-first heap   total 262144K, used 134238K [0x00000000e0000000, 0x0000000100000000)
  region size 1024K, 121 young (123904K), 12 survivors (12288K)
 Metaspace       used 35721K, committed 36096K, reserved 245760K
  class space    used 4901K, committed 5120K, reserved 212992K
}
Event: 2.673 GC heap after
{Heap after GC invocations=5 (full 0):
 garbage-first heap   total 262144K, used 32276K [0x00000000e0000000, 0x0000000100000000)
  region size 1024K, 12 young (12288K), 12 survivors (12288K)
 Metaspace       used 35721K, committed 36096K, reserved 245760K
  class space    used 4901K, committed 5120K, reserved 212992K
}
Event: 2.682 GC heap before
{Heap before GC invocations=5 (full 0):
 garbage-first heap   total 262144K, used 32276K [0x00000000e0000000, 0x0000000100000000)
  region size 1024K, 13 young (13312K), 12 survivors (12288K)
 Metaspace       used 35878K, committed 36224K, reserved 245760K
  class space    used 4929K, committed 5120K, reserved 212992K
}
Event: 2.687 GC heap after
{Heap after GC invocations=6 (full 0):
 garbage-first heap   total 262144K, used 32665K [0x00000000e0000000, 0x0000000100000000)
  region size 1024K, 2 young (2048K), 2 survivors (2048K)
 Metaspace       used 35878K, committed 36224K, reserved 245760K
  class space    used 4929K, committed 5120K, reserved 212992K
}
Event: 2.699 GC heap before
{Heap before GC invocations=6 (full 0):
 garbage-first heap   total 262144K, used 33689K [0x00000000e0000000, 0x0000000100000000)
  region size 1024K, 4 young (4096K), 2 survivors (2048K)
 Metaspace       used 36040K, committed 36416K, reserved 245760K
  class space    used 4959K, committed 5184K, reserved 212992K
}
Event: 2.700 GC heap after
{Heap after GC invocations=7 (full 0):
 garbage-first heap   total 262144K, used 31415K [0x00000000e0000000, 0x0000000100000000)
  region size 1024K, 1 young (1024K), 1 survivors (1024K)
 Metaspace       used 36040K, committed 36416K, reserved 245760K
  class space    used 4959K, committed 5184K, reserved 212992K
}

Deoptimization events (20 events):
Event: 3.649 Thread 0x00000205b797a3c0 DEOPT PACKING pc=0x00000205a85f06e0 sp=0x00000066ca6f2630
Event: 3.649 Thread 0x00000205b797a3c0 DEOPT UNPACKING pc=0x00000205a0a823a3 sp=0x00000066ca6f2560 mode 2
Event: 3.649 Thread 0x00000205b797a3c0 Uncommon trap: trap_request=0xffffff45 fr.pc=0x00000205a88baa84 relative=0x00000000000002e4
Event: 3.649 Thread 0x00000205b797a3c0 Uncommon trap: reason=unstable_if action=reinterpret pc=0x00000205a88baa84 method=java.util.HashMap.getNode(Ljava/lang/Object;)Ljava/util/HashMap$Node; @ 85 c2
Event: 3.649 Thread 0x00000205b797a3c0 DEOPT PACKING pc=0x00000205a88baa84 sp=0x00000066ca6f2660
Event: 3.649 Thread 0x00000205b797a3c0 DEOPT UNPACKING pc=0x00000205a0a823a3 sp=0x00000066ca6f2580 mode 2
Event: 3.649 Thread 0x00000205b797a3c0 Uncommon trap: trap_request=0xffffff45 fr.pc=0x00000205a87736c0 relative=0x00000000000006e0
Event: 3.649 Thread 0x00000205b797a3c0 Uncommon trap: reason=unstable_if action=reinterpret pc=0x00000205a87736c0 method=java.util.HashMap.putVal(ILjava/lang/Object;Ljava/lang/Object;ZZ)Ljava/lang/Object; @ 109 c2
Event: 3.650 Thread 0x00000205b797a3c0 DEOPT PACKING pc=0x00000205a87736c0 sp=0x00000066ca6f25a0
Event: 3.650 Thread 0x00000205b797a3c0 DEOPT UNPACKING pc=0x00000205a0a823a3 sp=0x00000066ca6f2558 mode 2
Event: 3.650 Thread 0x00000205b797a3c0 Uncommon trap: trap_request=0xffffff45 fr.pc=0x00000205a87adaec relative=0x000000000000024c
Event: 3.650 Thread 0x00000205b797a3c0 Uncommon trap: reason=unstable_if action=reinterpret pc=0x00000205a87adaec method=java.util.HashMap.getNode(Ljava/lang/Object;)Ljava/util/HashMap$Node; @ 85 c2
Event: 3.650 Thread 0x00000205b797a3c0 DEOPT PACKING pc=0x00000205a87adaec sp=0x00000066ca6f2600
Event: 3.650 Thread 0x00000205b797a3c0 DEOPT UNPACKING pc=0x00000205a0a823a3 sp=0x00000066ca6f2580 mode 2
Event: 3.650 Thread 0x00000205b797a3c0 Uncommon trap: trap_request=0xffffff45 fr.pc=0x00000205a864e48c relative=0x0000000000000a2c
Event: 3.650 Thread 0x00000205b797a3c0 Uncommon trap: reason=unstable_if action=reinterpret pc=0x00000205a864e48c method=java.util.HashMap.resize()[Ljava/util/HashMap$Node; @ 203 c2
Event: 3.650 Thread 0x00000205b797a3c0 DEOPT PACKING pc=0x00000205a864e48c sp=0x00000066ca6f24f0
Event: 3.650 Thread 0x00000205b797a3c0 DEOPT UNPACKING pc=0x00000205a0a823a3 sp=0x00000066ca6f2498 mode 2
Event: 3.696 Thread 0x00000205b797a3c0 DEOPT PACKING pc=0x00000205a11806f1 sp=0x00000066ca6f39b0
Event: 3.696 Thread 0x00000205b797a3c0 DEOPT UNPACKING pc=0x00000205a0a82b43 sp=0x00000066ca6f2e10 mode 0

Classes unloaded (0 events):
No events

Classes redefined (0 events):
No events

Internal exceptions (20 events):
Event: 3.589 Thread 0x00000205b797a3c0 Exception <a 'java/lang/ClassNotFoundException'{0x00000000e7ca6f70}: java/util/CalendarBeanInfo> (0x00000000e7ca6f70) 
thrown [t:\workspace\open\src\hotspot\share\classfile\systemDictionary.cpp, line 256]
Event: 3.590 Thread 0x00000205b797a3c0 Exception <a 'java/lang/ClassNotFoundException'{0x00000000e7cb17d8}: java/util/CalendarCustomizer> (0x00000000e7cb17d8) 
thrown [t:\workspace\open\src\hotspot\share\classfile\systemDictionary.cpp, line 256]
Event: 3.592 Thread 0x00000205b797a3c0 Exception <a 'java/lang/ClassNotFoundException'{0x00000000e7b03bc8}: java/util/GregorianCalendarBeanInfo> (0x00000000e7b03bc8) 
thrown [t:\workspace\open\src\hotspot\share\classfile\systemDictionary.cpp, line 256]
Event: 3.592 Thread 0x00000205b797a3c0 Exception <a 'java/lang/ClassNotFoundException'{0x00000000e7b0e4c0}: java/util/GregorianCalendarCustomizer> (0x00000000e7b0e4c0) 
thrown [t:\workspace\open\src\hotspot\share\classfile\systemDictionary.cpp, line 256]
Event: 3.596 Thread 0x00000205b797a3c0 Exception <a 'java/lang/ClassNotFoundException'{0x00000000e7b86c38}: org/gradle/api/publish/internal/DefaultPublishingExtension_DecoratedBeanInfo> (0x00000000e7b86c38) 
thrown [t:\workspace\open\src\hotspot\share\classfile\systemDictionary.cpp, line 256]
Event: 3.597 Thread 0x00000205b797a3c0 Exception <a 'java/lang/ClassNotFoundException'{0x00000000e7ba1280}: org/gradle/api/publish/internal/DefaultPublishingExtensionBeanInfo> (0x00000000e7ba1280) 
thrown [t:\workspace\open\src\hotspot\share\classfile\systemDictionary.cpp, line 256]
Event: 3.597 Thread 0x00000205b797a3c0 Exception <a 'java/lang/ClassNotFoundException'{0x00000000e7bbb8c8}: org/gradle/api/publish/internal/DefaultPublishingExtensionCustomizer> (0x00000000e7bbb8c8) 
thrown [t:\workspace\open\src\hotspot\share\classfile\systemDictionary.cpp, line 256]
Event: 3.598 Thread 0x00000205b797a3c0 Exception <a 'java/lang/ClassNotFoundException'{0x00000000e7bdbed8}: org/gradle/api/publish/internal/DefaultPublishingExtension_DecoratedCustomizer> (0x00000000e7bdbed8) 
thrown [t:\workspace\open\src\hotspot\share\classfile\systemDictionary.cpp, line 256]
Event: 3.604 Thread 0x00000205b797a3c0 Exception <a 'java/lang/ClassNotFoundException'{0x00000000e78a6660}: org/gradle/api/publish/internal/DefaultPublicationContainer_DecoratedBeanInfo> (0x00000000e78a6660) 
thrown [t:\workspace\open\src\hotspot\share\classfile\systemDictionary.cpp, line 256]
Event: 3.605 Thread 0x00000205b797a3c0 Exception <a 'java/lang/ClassNotFoundException'{0x00000000e78c0ce0}: org/gradle/api/publish/internal/DefaultPublicationContainerBeanInfo> (0x00000000e78c0ce0) 
thrown [t:\workspace\open\src\hotspot\share\classfile\systemDictionary.cpp, line 256]
Event: 3.605 Thread 0x00000205b797a3c0 Exception <a 'java/lang/ClassNotFoundException'{0x00000000e78d87d0}: org/gradle/api/internal/DefaultPolymorphicDomainObjectContainerBeanInfo> (0x00000000e78d87d0) 
thrown [t:\workspace\open\src\hotspot\share\classfile\systemDictionary.cpp, line 256]
Event: 3.606 Thread 0x00000205b797a3c0 Exception <a 'java/lang/ClassNotFoundException'{0x00000000e78f02c8}: org/gradle/api/internal/AbstractPolymorphicDomainObjectContainerBeanInfo> (0x00000000e78f02c8) 
thrown [t:\workspace\open\src\hotspot\share\classfile\systemDictionary.cpp, line 256]
Event: 3.607 Thread 0x00000205b797a3c0 Exception <a 'java/lang/ClassNotFoundException'{0x00000000e77082a8}: org/gradle/api/internal/AbstractPolymorphicDomainObjectContainerCustomizer> (0x00000000e77082a8) 
thrown [t:\workspace\open\src\hotspot\share\classfile\systemDictionary.cpp, line 256]
Event: 3.608 Thread 0x00000205b797a3c0 Exception <a 'java/lang/ClassNotFoundException'{0x00000000e77335d8}: org/gradle/api/internal/DefaultPolymorphicDomainObjectContainerCustomizer> (0x00000000e77335d8) 
thrown [t:\workspace\open\src\hotspot\share\classfile\systemDictionary.cpp, line 256]
Event: 3.609 Thread 0x00000205b797a3c0 Exception <a 'java/lang/ClassNotFoundException'{0x00000000e7761ae8}: org/gradle/api/publish/internal/DefaultPublicationContainerCustomizer> (0x00000000e7761ae8) 
thrown [t:\workspace\open\src\hotspot\share\classfile\systemDictionary.cpp, line 256]
Event: 3.610 Thread 0x00000205b797a3c0 Exception <a 'java/lang/ClassNotFoundException'{0x00000000e7788338}: org/gradle/api/publish/internal/DefaultPublicationContainer_DecoratedCustomizer> (0x00000000e7788338) 
thrown [t:\workspace\open\src\hotspot\share\classfile\systemDictionary.cpp, line 256]
Event: 3.674 Thread 0x00000205b797a3c0 Exception <a 'java/lang/NoSuchMethodError'{0x00000000e7049e20}: 'java.lang.Object java.lang.invoke.DirectMethodHandle$Holder.newInvokeSpecial(java.lang.Object, java.lang.Object, int)'> (0x00000000e7049e20) 
thrown [t:\workspace\open\src\hotspot\share\interpreter\linkResolver.cpp, line 766]
Event: 3.697 Thread 0x00000205b797a3c0 Exception <a 'java/lang/ClassNotFoundException'{0x00000000e6d595f8}: org/gradle/api/publish/maven/internal/publication/DefaultMavenPublication_DecoratedBeanInfo> (0x00000000e6d595f8) 
thrown [t:\workspace\open\src\hotspot\share\classfile\systemDictionary.cpp, line 256]
Event: 3.698 Thread 0x00000205b797a3c0 Exception <a 'java/lang/ClassNotFoundException'{0x00000000e6d75f50}: org/gradle/api/publish/maven/internal/publication/DefaultMavenPublicationBeanInfo> (0x00000000e6d75f50) 
thrown [t:\workspace\open\src\hotspot\share\classfile\systemDictionary.cpp, line 256]
Event: 3.699 Thread 0x00000205b797a3c0 Exception <a 'java/lang/ClassNotFoundException'{0x00000000e6d92348}: org/gradle/api/publish/maven/internal/publication/DefaultMavenPublicationCustomizer> (0x00000000e6d92348) 
thrown [t:\workspace\open\src\hotspot\share\classfile\systemDictionary.cpp, line 256]

VM Operations (20 events):
Event: 2.715 Executing VM operation: G1Concurrent
Event: 2.715 Executing VM operation: G1Concurrent done
Event: 2.954 Executing VM operation: ICBufferFull
Event: 2.954 Executing VM operation: ICBufferFull done
Event: 3.050 Executing VM operation: ICBufferFull
Event: 3.050 Executing VM operation: ICBufferFull done
Event: 3.084 Executing VM operation: HandshakeAllThreads
Event: 3.084 Executing VM operation: HandshakeAllThreads done
Event: 3.089 Executing VM operation: HandshakeAllThreads
Event: 3.090 Executing VM operation: HandshakeAllThreads done
Event: 3.096 Executing VM operation: HandshakeAllThreads
Event: 3.096 Executing VM operation: HandshakeAllThreads done
Event: 3.105 Executing VM operation: ICBufferFull
Event: 3.105 Executing VM operation: ICBufferFull done
Event: 3.310 Executing VM operation: ICBufferFull
Event: 3.310 Executing VM operation: ICBufferFull done
Event: 3.361 Executing VM operation: HandshakeAllThreads
Event: 3.361 Executing VM operation: HandshakeAllThreads done
Event: 3.608 Executing VM operation: ICBufferFull
Event: 3.608 Executing VM operation: ICBufferFull done

Events (20 events):
Event: 3.589 loading class java/util/CalendarBeanInfo
Event: 3.589 loading class java/util/CalendarBeanInfo done
Event: 3.589 loading class java/util/CalendarCustomizer
Event: 3.589 loading class java/util/CalendarCustomizer done
Event: 3.589 loading class java/util/CalendarCustomizer
Event: 3.590 loading class java/util/CalendarCustomizer done
Event: 3.591 loading class jdk/internal/reflect/UnsafeQualifiedStaticIntegerFieldAccessorImpl
Event: 3.591 loading class jdk/internal/reflect/UnsafeQualifiedStaticIntegerFieldAccessorImpl done
Event: 3.592 loading class java/util/GregorianCalendarBeanInfo
Event: 3.592 loading class java/util/GregorianCalendarBeanInfo done
Event: 3.592 loading class java/util/GregorianCalendarBeanInfo
Event: 3.592 loading class java/util/GregorianCalendarBeanInfo done
Event: 3.592 loading class java/util/GregorianCalendarCustomizer
Event: 3.592 loading class java/util/GregorianCalendarCustomizer done
Event: 3.592 loading class java/util/GregorianCalendarCustomizer
Event: 3.592 loading class java/util/GregorianCalendarCustomizer done
Event: 3.593 loading class sun/util/calendar/JulianCalendar
Event: 3.593 loading class sun/util/calendar/JulianCalendar done
Event: 3.593 loading class sun/util/calendar/Era
Event: 3.593 loading class sun/util/calendar/Era done


Dynamic libraries:
0x00007ff686810000 - 0x00007ff686820000 	C:\Program Files\Java\jdk-17.0.2\bin\java.exe
0x00007ff8ee250000 - 0x00007ff8ee448000 	C:\Windows\SYSTEM32\ntdll.dll
0x00007ff8edd00000 - 0x00007ff8eddbd000 	C:\Windows\System32\KERNEL32.DLL
0x00007ff8ebcb0000 - 0x00007ff8ebf82000 	C:\Windows\System32\KERNELBASE.dll
0x00007ff8eba70000 - 0x00007ff8ebb70000 	C:\Windows\System32\ucrtbase.dll
0x00007ff8cf850000 - 0x00007ff8cf868000 	C:\Program Files\Java\jdk-17.0.2\bin\jli.dll
0x00007ff8d5a00000 - 0x00007ff8d5a1a000 	C:\Program Files\Java\jdk-17.0.2\bin\VCRUNTIME140.dll
0x00007ff8ed490000 - 0x00007ff8ed53e000 	C:\Windows\System32\ADVAPI32.dll
0x00007ff8ec310000 - 0x00007ff8ec3ae000 	C:\Windows\System32\msvcrt.dll
0x00007ff8edac0000 - 0x00007ff8edb5c000 	C:\Windows\System32\sechost.dll
0x00007ff8ed360000 - 0x00007ff8ed485000 	C:\Windows\System32\RPCRT4.dll
0x00007ff8edb60000 - 0x00007ff8edcfd000 	C:\Windows\System32\USER32.dll
0x00007ff8eb9f0000 - 0x00007ff8eba12000 	C:\Windows\System32\win32u.dll
0x00007ff8d5ad0000 - 0x00007ff8d5d6a000 	C:\Windows\WinSxS\amd64_microsoft.windows.common-controls_6595b64144ccf1df_6.0.19041.1110_none_60b5254171f9507e\COMCTL32.dll
0x00007ff8ee1e0000 - 0x00007ff8ee20b000 	C:\Windows\System32\GDI32.dll
0x00007ff8ec1a0000 - 0x00007ff8ec2af000 	C:\Windows\System32\gdi32full.dll
0x00007ff8ebc10000 - 0x00007ff8ebcad000 	C:\Windows\System32\msvcp_win.dll
0x00007ff8e1970000 - 0x00007ff8e197a000 	C:\Windows\SYSTEM32\VERSION.dll
0x00007ff8eddc0000 - 0x00007ff8eddf0000 	C:\Windows\System32\IMM32.DLL
0x00007ff8dcc80000 - 0x00007ff8dcc8c000 	C:\Program Files\Java\jdk-17.0.2\bin\vcruntime140_1.dll
0x00007ff8b4ae0000 - 0x00007ff8b4b6d000 	C:\Program Files\Java\jdk-17.0.2\bin\msvcp140.dll
0x00007ff88ffe0000 - 0x00007ff890ba1000 	C:\Program Files\Java\jdk-17.0.2\bin\server\jvm.dll
0x00007ff8ed2e0000 - 0x00007ff8ed2e8000 	C:\Windows\System32\PSAPI.DLL
0x00007ff8d4630000 - 0x00007ff8d4657000 	C:\Windows\SYSTEM32\WINMM.dll
0x00007ff8d14f0000 - 0x00007ff8d14f9000 	C:\Windows\SYSTEM32\WSOCK32.dll
0x00007ff8edfe0000 - 0x00007ff8ee04b000 	C:\Windows\System32\WS2_32.dll
0x00007ff8ea1b0000 - 0x00007ff8ea1c2000 	C:\Windows\SYSTEM32\kernel.appcore.dll
0x00007ff8d5eb0000 - 0x00007ff8d5eba000 	C:\Program Files\Java\jdk-17.0.2\bin\jimage.dll
0x00007ff8e9ec0000 - 0x00007ff8ea0a4000 	C:\Windows\SYSTEM32\DBGHELP.DLL
0x00007ff8df330000 - 0x00007ff8df35c000 	C:\Windows\SYSTEM32\dbgcore.DLL
0x00007ff8eb960000 - 0x00007ff8eb9e2000 	C:\Windows\System32\bcryptPrimitives.dll
0x00007ff8c68b0000 - 0x00007ff8c68d5000 	C:\Program Files\Java\jdk-17.0.2\bin\java.dll
0x00007ff8b3820000 - 0x00007ff8b38f6000 	C:\Program Files\Java\jdk-17.0.2\bin\jsvml.dll
0x00007ff8ec3b0000 - 0x00007ff8ecaf3000 	C:\Windows\System32\SHELL32.dll
0x00007ff8e9660000 - 0x00007ff8e9df1000 	C:\Windows\SYSTEM32\windows.storage.dll
0x00007ff8ed540000 - 0x00007ff8ed894000 	C:\Windows\System32\combase.dll
0x00007ff8eb3c0000 - 0x00007ff8eb3f0000 	C:\Windows\SYSTEM32\Wldp.dll
0x00007ff8ecf70000 - 0x00007ff8ed01d000 	C:\Windows\System32\SHCORE.dll
0x00007ff8ed300000 - 0x00007ff8ed355000 	C:\Windows\System32\shlwapi.dll
0x00007ff8eb8a0000 - 0x00007ff8eb8bf000 	C:\Windows\SYSTEM32\profapi.dll
0x00007ff8cf6d0000 - 0x00007ff8cf6e9000 	C:\Program Files\Java\jdk-17.0.2\bin\net.dll
0x00007ff8e3190000 - 0x00007ff8e329d000 	C:\Windows\SYSTEM32\WINHTTP.dll
0x00007ff8eb120000 - 0x00007ff8eb18a000 	C:\Windows\system32\mswsock.dll
0x00007ff8c8680000 - 0x00007ff8c8696000 	C:\Program Files\Java\jdk-17.0.2\bin\nio.dll
0x00007ff8c6890000 - 0x00007ff8c68a8000 	C:\Program Files\Java\jdk-17.0.2\bin\zip.dll
0x00007ff8c6590000 - 0x00007ff8c65a0000 	C:\Program Files\Java\jdk-17.0.2\bin\verify.dll
0x00007ff8d9830000 - 0x00007ff8d9857000 	C:\Users\Asus\.gradle\native\e1d6ef7f7dcc3fd88c89a11ec53ec762bb8ba0a96d01ffa2cd45eb1d1d8dd5c5\windows-amd64\native-platform.dll
0x00007ff8bfbd0000 - 0x00007ff8bfd14000 	C:\Users\Asus\.gradle\native\0d407fdbe67a94daf76414ababcb853783967236a71b16ec16e742cd7a986fd3\windows-amd64\native-platform-file-events.dll
0x00007ff8dcdb0000 - 0x00007ff8dcdb9000 	C:\Program Files\Java\jdk-17.0.2\bin\management.dll
0x00007ff8dccf0000 - 0x00007ff8dccfb000 	C:\Program Files\Java\jdk-17.0.2\bin\management_ext.dll
0x00007ff8eb310000 - 0x00007ff8eb328000 	C:\Windows\SYSTEM32\CRYPTSP.dll
0x00007ff8ea9d0000 - 0x00007ff8eaa04000 	C:\Windows\system32\rsaenh.dll
0x00007ff8ebb70000 - 0x00007ff8ebb97000 	C:\Windows\System32\bcrypt.dll
0x00007ff8eb860000 - 0x00007ff8eb88e000 	C:\Windows\SYSTEM32\USERENV.dll
0x00007ff8eb330000 - 0x00007ff8eb33c000 	C:\Windows\SYSTEM32\CRYPTBASE.dll
0x00007ff8eadc0000 - 0x00007ff8eadfb000 	C:\Windows\SYSTEM32\IPHLPAPI.DLL
0x00007ff8ed2f0000 - 0x00007ff8ed2f8000 	C:\Windows\System32\NSI.dll
0x00007ff8e0dc0000 - 0x00007ff8e0dd7000 	C:\Windows\SYSTEM32\dhcpcsvc6.DLL
0x00007ff8e0da0000 - 0x00007ff8e0dbd000 	C:\Windows\SYSTEM32\dhcpcsvc.DLL
0x00007ff8eae10000 - 0x00007ff8eaeda000 	C:\Windows\SYSTEM32\DNSAPI.dll
0x00007ff8d0db0000 - 0x00007ff8d0dbe000 	C:\Program Files\Java\jdk-17.0.2\bin\sunmscapi.dll
0x00007ff8ec040000 - 0x00007ff8ec196000 	C:\Windows\System32\CRYPT32.dll
0x00007ff8eb430000 - 0x00007ff8eb457000 	C:\Windows\SYSTEM32\ncrypt.dll
0x00007ff8eb3f0000 - 0x00007ff8eb42b000 	C:\Windows\SYSTEM32\NTASN1.dll
0x00007ff8d5ec0000 - 0x00007ff8d5ec7000 	C:\Windows\system32\wshunix.dll

dbghelp: loaded successfully - version: 4.0.5 - missing functions: none
symbol engine: initialized successfully - sym options: 0x614 - pdb path: .;C:\Program Files\Java\jdk-17.0.2\bin;C:\Windows\SYSTEM32;C:\Windows\WinSxS\amd64_microsoft.windows.common-controls_6595b64144ccf1df_6.0.19041.1110_none_60b5254171f9507e;C:\Program Files\Java\jdk-17.0.2\bin\server;C:\Users\Asus\.gradle\native\e1d6ef7f7dcc3fd88c89a11ec53ec762bb8ba0a96d01ffa2cd45eb1d1d8dd5c5\windows-amd64;C:\Users\Asus\.gradle\native\0d407fdbe67a94daf76414ababcb853783967236a71b16ec16e742cd7a986fd3\windows-amd64

VM Arguments:
jvm_args: --add-opens=java.base/java.util=ALL-UNNAMED --add-opens=java.base/java.lang=ALL-UNNAMED --add-opens=java.base/java.lang.invoke=ALL-UNNAMED --add-opens=java.base/java.util=ALL-UNNAMED --add-opens=java.prefs/java.util.prefs=ALL-UNNAMED --add-opens=java.prefs/java.util.prefs=ALL-UNNAMED --add-opens=java.base/java.nio.charset=ALL-UNNAMED --add-opens=java.base/java.net=ALL-UNNAMED --add-opens=java.base/java.util.concurrent.atomic=ALL-UNNAMED -XX:MaxMetaspaceSize=256m -XX:+HeapDumpOnOutOfMemoryError -Xms256m -Xmx512m -Dfile.encoding=UTF-8 -Duser.country=US -Duser.language=en -Duser.variant 
java_command: org.gradle.launcher.daemon.bootstrap.GradleDaemon 7.5.1
java_class_path (initial): C:\Users\Asus\.gradle\wrapper\dists\gradle-7.5.1-bin\7jzzequgds1hbszbhq3npc5ng\gradle-7.5.1\lib\gradle-launcher-7.5.1.jar
Launcher Type: SUN_STANDARD

[Global flags]
     intx CICompilerCount                          = 12                                        {product} {ergonomic}
   size_t CompressedClassSpaceSize                 = 218103808                                 {product} {ergonomic}
     uint ConcGCThreads                            = 3                                         {product} {ergonomic}
     uint G1ConcRefinementThreads                  = 13                                        {product} {ergonomic}
   size_t G1HeapRegionSize                         = 1048576                                   {product} {ergonomic}
    uintx GCDrainStackTargetSize                   = 64                                        {product} {ergonomic}
     bool HeapDumpOnOutOfMemoryError               = true                                   {manageable} {command line}
   size_t InitialHeapSize                          = 268435456                                 {product} {command line}
   size_t MarkStackSize                            = 4194304                                   {product} {ergonomic}
   size_t MaxHeapSize                              = 536870912                                 {product} {command line}
   size_t MaxMetaspaceSize                         = 268435456                                 {product} {command line}
   size_t MaxNewSize                               = 321912832                                 {product} {ergonomic}
   size_t MinHeapDeltaBytes                        = 1048576                                   {product} {ergonomic}
   size_t MinHeapSize                              = 268435456                                 {product} {command line}
    uintx NonNMethodCodeHeapSize                   = 7602480                                {pd product} {ergonomic}
    uintx NonProfiledCodeHeapSize                  = 122027880                              {pd product} {ergonomic}
    uintx ProfiledCodeHeapSize                     = 122027880                              {pd product} {ergonomic}
    uintx ReservedCodeCacheSize                    = 251658240                              {pd product} {ergonomic}
     bool SegmentedCodeCache                       = true                                      {product} {ergonomic}
   size_t SoftMaxHeapSize                          = 536870912                              {manageable} {ergonomic}
     bool UseCompressedClassPointers               = true                           {product lp64_product} {ergonomic}
     bool UseCompressedOops                        = true                           {product lp64_product} {ergonomic}
     bool UseG1GC                                  = true                                      {product} {ergonomic}
     bool UseLargePagesIndividualAllocation        = false                                  {pd product} {ergonomic}

Logging:
Log output configuration:
 #0: stdout all=warning uptime,level,tags
 #1: stderr all=off uptime,level,tags

Environment Variables:
PATH=C:\Program Files\Eclipse Adoptium\jdk-17.0.4.101-hotspot\bin;C:\Program Files\Eclipse Adoptium\jdk-8.0.345.1-hotspot\bin;C:\Program Files\Common Files\Oracle\Java\javapath;C:\Program Files (x86)\Common Files\Oracle\Java\javapath;C:\Windows\system32;C:\Windows;C:\Windows\System32\Wbem;C:\Windows\System32\WindowsPowerShell\v1.0\;C:\Windows\System32\OpenSSH\;C:\Program Files (x86)\NVIDIA Corporation\PhysX\Common;C:\Program Files\NVIDIA Corporation\NVIDIA NvDLISR;D:\Software\MatLab\runtime\win64;D:\Software\MatLab\bin;D:\Software\MatLab\polyspace\bin;D:\Software\WorldPainter;C:\Program Files\Common Files\Autodesk Shared\;C:\Program Files\Microsoft SQL Server\120\Tools\Binn\;D:\Software\Putty\;C:\Program Files\nodejs\;C:\Program Files (x86)\Microsoft SQL Server\150\DTS\Binn\;C:\Program Files\Azure Data Studio\bin;C:\ffmpeg;C:\Program Files\Git\cmd;C:\apache-maven-3.6.3\bin;C:\Program Files\WireGuard\;C:\Users\Asus\AppData\Local\Programs\Python\Python39\Scripts\;C:\Users\Asus\AppData\Local\Programs\Python\Python39\;C:\Users\Asus\AppData\Local\Microsoft\WindowsApps;C:\Users\Asus\AppData\Local\atom\bin;C:\Users\Asus\AppData\Roaming\npm;D:\Software\Microsoft VS Code\bin;C:\Program Files\Azure Data Studio\bin;D:\Software\IntelliJ IDEA 2021.3.2\bin;;C:\Users\Asus\AppData\Local\GitHubDesktop\bin;D:\Software\IntelliJ IDEA Community Edition 2022.1.3\bin;
USERNAME=Asus
OS=Windows_NT
PROCESSOR_IDENTIFIER=Intel64 Family 6 Model 165 Stepping 2, GenuineIntel



---------------  S Y S T E M  ---------------

OS:
 Windows 10 , 64 bit Build 19041 (10.0.19041.1889)
OS uptime: 0 days 5:01 hours

CPU: total 16 (initial active 16) (8 cores per cpu, 2 threads per core) family 6 model 165 stepping 2 microcode 0xc8, cx8, cmov, fxsr, ht, mmx, 3dnowpref, sse, sse2, sse3, ssse3, sse4.1, sse4.2, popcnt, lzcnt, tsc, tscinvbit, avx, avx2, aes, erms, clmul, bmi1, bmi2, adx, fma, vzeroupper, clflush, clflushopt

Memory: 4k page, system-wide physical 16168M (1408M free)
TotalPageFile size 21917M (AvailPageFile size 16M)
current process WorkingSet (physical memory assigned to process): 403M, peak: 411M
current process commit charge ("private bytes"): 529M, peak: 540M

vm_info: Java HotSpot(TM) 64-Bit Server VM (17.0.2+8-LTS-86) for windows-amd64 JRE (17.0.2+8-LTS-86), built on Dec  7 2021 21:51:03 by "mach5one" with MS VC++ 16.8 / 16.9 (VS2019)

END.
