#
# There is insufficient memory for the Java Runtime Environment to continue.
# Native memory allocation (malloc) failed to allocate 1146896 bytes for Chunk::new
# Possible reasons:
#   The system is out of physical RAM or swap space
#   The process is running with CompressedOops enabled, and the Java Heap may be blocking the growth of the native heap
# Possible solutions:
#   Reduce memory load on the system
#   Increase physical memory or swap space
#   Check if swap backing store is full
#   Decrease Java heap size (-Xmx/-Xms)
#   Decrease number of Java threads
#   Decrease Java thread stack sizes (-Xss)
#   Set larger code cache with -XX:ReservedCodeCacheSize=
#   JVM is running with Unscaled Compressed Oops mode in which the Java heap is
#     placed in the first 4GB address space. The Java Heap base address is the
#     maximum limit for the native heap growth. Please use -XX:HeapBaseMinAddress
#     to set the Java Heap base and to place the Java Heap above 4GB virtual address.
# This output file may be truncated or incomplete.
#
#  Out of Memory Error (arena.cpp:189), pid=20788, tid=15436
#
# JRE version: Java(TM) SE Runtime Environment (17.0.2+8) (build 17.0.2+8-LTS-86)
# Java VM: Java HotSpot(TM) 64-Bit Server VM (17.0.2+8-LTS-86, mixed mode, sharing, tiered, compressed oops, compressed class ptrs, g1 gc, windows-amd64)
# No core dump will be written. Minidumps are not enabled by default on client versions of Windows
#

---------------  S U M M A R Y ------------

Command Line: --add-opens=java.base/java.util=ALL-UNNAMED --add-opens=java.base/java.lang=ALL-UNNAMED --add-opens=java.base/java.lang.invoke=ALL-UNNAMED --add-opens=java.base/java.util=ALL-UNNAMED --add-opens=java.prefs/java.util.prefs=ALL-UNNAMED --add-opens=java.prefs/java.util.prefs=ALL-UNNAMED --add-opens=java.base/java.nio.charset=ALL-UNNAMED --add-opens=java.base/java.net=ALL-UNNAMED --add-opens=java.base/java.util.concurrent.atomic=ALL-UNNAMED -XX:MaxMetaspaceSize=256m -XX:+HeapDumpOnOutOfMemoryError -Xms256m -Xmx512m -Dfile.encoding=UTF-8 -Duser.country=US -Duser.language=en -Duser.variant org.gradle.launcher.daemon.bootstrap.GradleDaemon 7.5.1

Host: Intel(R) Core(TM) i7-10875H CPU @ 2.30GHz, 16 cores, 15G,  Windows 10 , 64 bit Build 19041 (10.0.19041.1889)
Time: Sat Oct 29 16:51:06 2022 W. Central Africa Standard Time elapsed time: 3.807488 seconds (0d 0h 0m 3s)

---------------  T H R E A D  ---------------

Current thread (0x0000019b7d399a40):  JavaThread "C2 CompilerThread2" daemon [_thread_in_native, id=15436, stack(0x000000120f700000,0x000000120f800000)]


Current CompileTask:
C2:   3807 6294   !   4       com.sun.beans.TypeResolver::resolve (261 bytes)

Stack: [0x000000120f700000,0x000000120f800000]
Native frames: (J=compiled Java code, j=interpreted, Vv=VM code, C=native code)
V  [jvm.dll+0x670baa]
V  [jvm.dll+0x7cfcb4]
V  [jvm.dll+0x7d145e]
V  [jvm.dll+0x7d1ac3]
V  [jvm.dll+0x242bc5]
V  [jvm.dll+0xaa57b]
V  [jvm.dll+0xaab0c]
V  [jvm.dll+0x2a991f]
V  [jvm.dll+0x5792d9]
V  [jvm.dll+0x21de3d]
V  [jvm.dll+0x217884]
V  [jvm.dll+0x214fab]
V  [jvm.dll+0x1a1bbd]
V  [jvm.dll+0x224908]
V  [jvm.dll+0x222a6c]
V  [jvm.dll+0x7859bb]
V  [jvm.dll+0x77ff7a]
V  [jvm.dll+0x66fa35]
C  [ucrtbase.dll+0x21bb2]
C  [KERNEL32.DLL+0x17034]
C  [ntdll.dll+0x526a1]


---------------  P R O C E S S  ---------------

Threads class SMR info:
_java_thread_list=0x0000019b0fc33f80, length=116, elements={
0x0000019b6e3e1540, 0x0000019b7c69e7e0, 0x0000019b7c69fab0, 0x0000019b7c6b73e0,
0x0000019b7c6b9db0, 0x0000019b7c6ba670, 0x0000019b7c6baf30, 0x0000019b7c6bf0d0,
0x0000019b7c6c7a90, 0x0000019b7c6c9790, 0x0000019b7d1239c0, 0x0000019b7d123ed0,
0x0000019b7d176680, 0x0000019b7d1779a0, 0x0000019b7d1d1ca0, 0x0000019b7d399a40,
0x0000019b7e37c560, 0x0000019b7efe9050, 0x0000019b7f07f930, 0x0000019b7f651d50,
0x0000019b7f4656c0, 0x0000019b7ef80420, 0x0000019b7f6b4d60, 0x0000019b7f6b5bd0,
0x0000019b7f6b43c0, 0x0000019b7f6b5230, 0x0000019b7f6b4890, 0x0000019b7f6b5700,
0x0000019b0f109dd0, 0x0000019b0f10bf80, 0x0000019b0f10bab0, 0x0000019b0f107750,
0x0000019b0f10ead0, 0x0000019b0f107280, 0x0000019b0f10a770, 0x0000019b0f10c450,
0x0000019b0f10dc60, 0x0000019b0f10e130, 0x0000019b0f10b5e0, 0x0000019b0f10e600,
0x0000019b7fb29e20, 0x0000019b7fb27ab0, 0x0000019b0f108f60, 0x0000019b0f10c920,
0x0000019b0f10cdf0, 0x0000019b0f10b110, 0x0000019b0f109900, 0x0000019b11c29d50,
0x0000019b11c2a220, 0x0000019b11c2c8a0, 0x0000019b12debaa0, 0x0000019b12deb100,
0x0000019b12dec440, 0x0000019b12deb5d0, 0x0000019b12debf70, 0x0000019b12deac30,
0x0000019b12893a10, 0x0000019b12893ee0, 0x0000019b12893070, 0x0000019b12896090,
0x0000019b12896560, 0x0000019b12894d50, 0x0000019b128943b0, 0x0000019b11828570,
0x0000019b11828a40, 0x0000019b12f01310, 0x0000019b12f00e40, 0x0000019b12f017e0,
0x0000019b12efffd0, 0x0000019b12f00970, 0x0000019b12f004a0, 0x0000019b132b0920,
0x0000019b132b0450, 0x0000019b132b0df0, 0x0000019b132af5e0, 0x0000019b132afab0,
0x0000019b132aff80, 0x0000019b117bffd0, 0x0000019b117c0e40, 0x0000019b117c2650,
0x0000019b117c1310, 0x0000019b117c0970, 0x0000019b117c1cb0, 0x0000019b117c17e0,
0x0000019b117c2ff0, 0x0000019b117c3990, 0x0000019b117c04a0, 0x0000019b117c34c0,
0x0000019b117c2180, 0x0000019b117c2b20, 0x0000019b146574d0, 0x0000019b1465a9c0,
0x0000019b14659b50, 0x0000019b146579a0, 0x0000019b14658340, 0x0000019b1465a020,
0x0000019b14658ce0, 0x0000019b1465ae90, 0x0000019b14657e70, 0x0000019b14658810,
0x0000019b146591b0, 0x0000019b1465a4f0, 0x0000019b14659680, 0x0000019b131506a0,
0x0000019b1314e020, 0x0000019b1314e4f0, 0x0000019b131501d0, 0x0000019b12d3c790,
0x0000019b12d3c2c0, 0x0000019b12d3d600, 0x0000019b12d3cc60, 0x0000019b12d3d130,
0x0000019b12d3dad0, 0x0000019b0f1fc990, 0x0000019b131519e0, 0x0000019b7fb27090
}

Java Threads: ( => current thread )
  0x0000019b6e3e1540 JavaThread "main" [_thread_blocked, id=24688, stack(0x000000120e100000,0x000000120e200000)]
  0x0000019b7c69e7e0 JavaThread "Reference Handler" daemon [_thread_blocked, id=25100, stack(0x000000120e800000,0x000000120e900000)]
  0x0000019b7c69fab0 JavaThread "Finalizer" daemon [_thread_blocked, id=12936, stack(0x000000120e900000,0x000000120ea00000)]
  0x0000019b7c6b73e0 JavaThread "Signal Dispatcher" daemon [_thread_blocked, id=11164, stack(0x000000120ea00000,0x000000120eb00000)]
  0x0000019b7c6b9db0 JavaThread "Attach Listener" daemon [_thread_blocked, id=23744, stack(0x000000120eb00000,0x000000120ec00000)]
  0x0000019b7c6ba670 JavaThread "Service Thread" daemon [_thread_blocked, id=12792, stack(0x000000120ec00000,0x000000120ed00000)]
  0x0000019b7c6baf30 JavaThread "Monitor Deflation Thread" daemon [_thread_blocked, id=2032, stack(0x000000120ed00000,0x000000120ee00000)]
  0x0000019b7c6bf0d0 JavaThread "C2 CompilerThread0" daemon [_thread_in_native, id=24476, stack(0x000000120ee00000,0x000000120ef00000)]
  0x0000019b7c6c7a90 JavaThread "C1 CompilerThread0" daemon [_thread_blocked, id=23072, stack(0x000000120ef00000,0x000000120f000000)]
  0x0000019b7c6c9790 JavaThread "Sweeper thread" daemon [_thread_blocked, id=23632, stack(0x000000120f000000,0x000000120f100000)]
  0x0000019b7d1239c0 JavaThread "C1 CompilerThread1" daemon [_thread_blocked, id=6008, stack(0x000000120f100000,0x000000120f200000)]
  0x0000019b7d123ed0 JavaThread "C1 CompilerThread2" daemon [_thread_blocked, id=15088, stack(0x000000120f200000,0x000000120f300000)]
  0x0000019b7d176680 JavaThread "Common-Cleaner" daemon [_thread_blocked, id=16200, stack(0x000000120f300000,0x000000120f400000)]
  0x0000019b7d1779a0 JavaThread "Notification Thread" daemon [_thread_blocked, id=8960, stack(0x000000120f400000,0x000000120f500000)]
  0x0000019b7d1d1ca0 JavaThread "C2 CompilerThread1" daemon [_thread_in_native, id=9296, stack(0x000000120f600000,0x000000120f700000)]
=>0x0000019b7d399a40 JavaThread "C2 CompilerThread2" daemon [_thread_in_native, id=15436, stack(0x000000120f700000,0x000000120f800000)]
  0x0000019b7e37c560 JavaThread "C1 CompilerThread3" daemon [_thread_blocked, id=24680, stack(0x000000120ff00000,0x0000001210000000)]
  0x0000019b7efe9050 JavaThread "Daemon health stats" [_thread_blocked, id=4296, stack(0x0000001210000000,0x0000001210100000)]
  0x0000019b7f07f930 JavaThread "Incoming local TCP Connector on port 59462" [_thread_in_native, id=20508, stack(0x0000001210100000,0x0000001210200000)]
  0x0000019b7f651d50 JavaThread "Daemon periodic checks" [_thread_blocked, id=12840, stack(0x0000001210200000,0x0000001210300000)]
  0x0000019b7f4656c0 JavaThread "Daemon" [_thread_blocked, id=11960, stack(0x0000001210300000,0x0000001210400000)]
  0x0000019b7ef80420 JavaThread "Handler for socket connection from /127.0.0.1:59462 to /127.0.0.1:59463" [_thread_in_native, id=17348, stack(0x0000001210400000,0x0000001210500000)]
  0x0000019b7f6b4d60 JavaThread "Cancel handler" [_thread_blocked, id=23532, stack(0x0000001210500000,0x0000001210600000)]
  0x0000019b7f6b5bd0 JavaThread "Daemon worker" [_thread_in_vm, id=20952, stack(0x0000001210600000,0x0000001210700000)]
  0x0000019b7f6b43c0 JavaThread "Asynchronous log dispatcher for DefaultDaemonConnection: socket connection from /127.0.0.1:59462 to /127.0.0.1:59463" [_thread_blocked, id=11376, stack(0x0000001210700000,0x0000001210800000)]
  0x0000019b7f6b5230 JavaThread "Stdin handler" [_thread_blocked, id=15456, stack(0x0000001210800000,0x0000001210900000)]
  0x0000019b7f6b4890 JavaThread "Daemon client event forwarder" [_thread_blocked, id=16492, stack(0x0000001210900000,0x0000001210a00000)]
  0x0000019b7f6b5700 JavaThread "Cache worker for journal cache (C:\Users\Asus\.gradle\caches\journal-1)" [_thread_blocked, id=11972, stack(0x0000001210a00000,0x0000001210b00000)]
  0x0000019b0f109dd0 JavaThread "File lock request listener" [_thread_in_native, id=16348, stack(0x0000001210b00000,0x0000001210c00000)]
  0x0000019b0f10bf80 JavaThread "Cache worker for file hash cache (C:\Users\Asus\.gradle\caches\7.5.1\fileHashes)" [_thread_blocked, id=25020, stack(0x000000120f800000,0x000000120f900000)]
  0x0000019b0f10bab0 JavaThread "File watcher server" daemon [_thread_in_native, id=25380, stack(0x0000001210c00000,0x0000001210d00000)]
  0x0000019b0f107750 JavaThread "File watcher consumer" daemon [_thread_blocked, id=22960, stack(0x0000001210d00000,0x0000001210e00000)]
  0x0000019b0f10ead0 JavaThread "Cache worker for checksums cache (D:\Documents\Programming Projects\Java Projects\BedWars\.gradle\7.5.1\checksums)" [_thread_blocked, id=1128, stack(0x000000120f900000,0x000000120fa00000)]
  0x0000019b0f107280 JavaThread "Cache worker for cache directory md-rule (C:\Users\Asus\.gradle\caches\7.5.1\md-rule)" [_thread_blocked, id=4784, stack(0x0000001210e00000,0x0000001210f00000)]
  0x0000019b0f10a770 JavaThread "Cache worker for file content cache (C:\Users\Asus\.gradle\caches\7.5.1\fileContent)" [_thread_blocked, id=2808, stack(0x0000001210f00000,0x0000001211000000)]
  0x0000019b0f10c450 JavaThread "Cache worker for file hash cache (D:\Documents\Programming Projects\Java Projects\BedWars\.gradle\7.5.1\fileHashes)" [_thread_blocked, id=10776, stack(0x0000001211000000,0x0000001211100000)]
  0x0000019b0f10dc60 JavaThread "Cache worker for cache directory md-supplier (C:\Users\Asus\.gradle\caches\7.5.1\md-supplier)" [_thread_blocked, id=7452, stack(0x0000001211100000,0x0000001211200000)]
  0x0000019b0f10e130 JavaThread "Cache worker for execution history cache (C:\Users\Asus\.gradle\caches\7.5.1\executionHistory)" [_thread_blocked, id=22316, stack(0x0000001211b00000,0x0000001211c00000)]
  0x0000019b0f10b5e0 JavaThread "jar transforms" [_thread_blocked, id=23324, stack(0x0000001211c00000,0x0000001211d00000)]
  0x0000019b0f10e600 JavaThread "jar transforms Thread 2" [_thread_blocked, id=548, stack(0x0000001211d00000,0x0000001211e00000)]
  0x0000019b7fb29e20 JavaThread "C2 CompilerThread3" daemon [_thread_in_native, id=24508, stack(0x0000001211e00000,0x0000001211f00000)]
  0x0000019b7fb27ab0 JavaThread "C2 CompilerThread4" daemon [_thread_in_native, id=3060, stack(0x0000001211f00000,0x0000001212000000)]
  0x0000019b0f108f60 JavaThread "jar transforms Thread 3" [_thread_blocked, id=6268, stack(0x0000001212000000,0x0000001212100000)]
  0x0000019b0f10c920 JavaThread "jar transforms Thread 4" [_thread_blocked, id=23716, stack(0x0000001212100000,0x0000001212200000)]
  0x0000019b0f10cdf0 JavaThread "jar transforms Thread 5" [_thread_blocked, id=2688, stack(0x0000001212200000,0x0000001212300000)]
  0x0000019b0f10b110 JavaThread "jar transforms Thread 6" [_thread_blocked, id=21660, stack(0x0000001212300000,0x0000001212400000)]
  0x0000019b0f109900 JavaThread "jar transforms Thread 7" [_thread_blocked, id=12332, stack(0x0000001212400000,0x0000001212500000)]
  0x0000019b11c29d50 JavaThread "jar transforms Thread 8" [_thread_blocked, id=24552, stack(0x0000001212500000,0x0000001212600000)]
  0x0000019b11c2a220 JavaThread "Cache worker for dependencies-accessors (D:\Documents\Programming Projects\Java Projects\BedWars\.gradle\7.5.1\dependencies-accessors)" [_thread_blocked, id=24660, stack(0x0000001212600000,0x0000001212700000)]
  0x0000019b11c2c8a0 JavaThread "jar transforms Thread 9" [_thread_blocked, id=7624, stack(0x0000001212700000,0x0000001212800000)]
  0x0000019b12debaa0 JavaThread "Cache worker for Build Output Cleanup Cache (D:\Documents\Programming Projects\Java Projects\BedWars\.gradle\buildOutputCleanup)" [_thread_blocked, id=22280, stack(0x0000001212800000,0x0000001212900000)]
  0x0000019b12deb100 JavaThread "Unconstrained build operations" [_thread_blocked, id=24956, stack(0x0000001212900000,0x0000001212a00000)]
  0x0000019b12dec440 JavaThread "Unconstrained build operations Thread 2" [_thread_blocked, id=11136, stack(0x0000001212a00000,0x0000001212b00000)]
  0x0000019b12deb5d0 JavaThread "Unconstrained build operations Thread 3" [_thread_blocked, id=22852, stack(0x0000001212b00000,0x0000001212c00000)]
  0x0000019b12debf70 JavaThread "Unconstrained build operations Thread 4" [_thread_blocked, id=3876, stack(0x0000001212c00000,0x0000001212d00000)]
  0x0000019b12deac30 JavaThread "Unconstrained build operations Thread 5" [_thread_blocked, id=12140, stack(0x0000001212d00000,0x0000001212e00000)]
  0x0000019b12893a10 JavaThread "Unconstrained build operations Thread 6" [_thread_blocked, id=24836, stack(0x0000001212e00000,0x0000001212f00000)]
  0x0000019b12893ee0 JavaThread "Unconstrained build operations Thread 7" [_thread_blocked, id=3516, stack(0x0000001212f00000,0x0000001213000000)]
  0x0000019b12893070 JavaThread "Unconstrained build operations Thread 8" [_thread_blocked, id=13416, stack(0x0000001213000000,0x0000001213100000)]
  0x0000019b12896090 JavaThread "Unconstrained build operations Thread 9" [_thread_blocked, id=19300, stack(0x0000001213100000,0x0000001213200000)]
  0x0000019b12896560 JavaThread "Unconstrained build operations Thread 10" [_thread_blocked, id=18332, stack(0x0000001213200000,0x0000001213300000)]
  0x0000019b12894d50 JavaThread "Unconstrained build operations Thread 11" [_thread_blocked, id=21468, stack(0x0000001213300000,0x0000001213400000)]
  0x0000019b128943b0 JavaThread "Unconstrained build operations Thread 12" [_thread_blocked, id=12044, stack(0x0000001213400000,0x0000001213500000)]
  0x0000019b11828570 JavaThread "Unconstrained build operations Thread 13" [_thread_blocked, id=7016, stack(0x0000001213500000,0x0000001213600000)]
  0x0000019b11828a40 JavaThread "Unconstrained build operations Thread 14" [_thread_blocked, id=12212, stack(0x0000001213600000,0x0000001213700000)]
  0x0000019b12f01310 JavaThread "Unconstrained build operations Thread 15" [_thread_blocked, id=23840, stack(0x0000001213700000,0x0000001213800000)]
  0x0000019b12f00e40 JavaThread "Unconstrained build operations Thread 16" [_thread_blocked, id=11584, stack(0x0000001213800000,0x0000001213900000)]
  0x0000019b12f017e0 JavaThread "Unconstrained build operations Thread 17" [_thread_blocked, id=2884, stack(0x0000001213900000,0x0000001213a00000)]
  0x0000019b12efffd0 JavaThread "Unconstrained build operations Thread 18" [_thread_blocked, id=20528, stack(0x0000001213a00000,0x0000001213b00000)]
  0x0000019b12f00970 JavaThread "Unconstrained build operations Thread 19" [_thread_blocked, id=18784, stack(0x0000001213b00000,0x0000001213c00000)]
  0x0000019b12f004a0 JavaThread "Unconstrained build operations Thread 20" [_thread_blocked, id=19092, stack(0x0000001213c00000,0x0000001213d00000)]
  0x0000019b132b0920 JavaThread "Unconstrained build operations Thread 21" [_thread_blocked, id=11364, stack(0x0000001213d00000,0x0000001213e00000)]
  0x0000019b132b0450 JavaThread "Unconstrained build operations Thread 22" [_thread_blocked, id=23792, stack(0x0000001213e00000,0x0000001213f00000)]
  0x0000019b132b0df0 JavaThread "Unconstrained build operations Thread 23" [_thread_blocked, id=23876, stack(0x0000001213f00000,0x0000001214000000)]
  0x0000019b132af5e0 JavaThread "Unconstrained build operations Thread 24" [_thread_blocked, id=16124, stack(0x0000001214000000,0x0000001214100000)]
  0x0000019b132afab0 JavaThread "Unconstrained build operations Thread 25" [_thread_blocked, id=17276, stack(0x0000001214100000,0x0000001214200000)]
  0x0000019b132aff80 JavaThread "Unconstrained build operations Thread 26" [_thread_blocked, id=8956, stack(0x0000001214200000,0x0000001214300000)]
  0x0000019b117bffd0 JavaThread "Unconstrained build operations Thread 27" [_thread_blocked, id=11052, stack(0x0000001214300000,0x0000001214400000)]
  0x0000019b117c0e40 JavaThread "Unconstrained build operations Thread 28" [_thread_blocked, id=23600, stack(0x0000001214400000,0x0000001214500000)]
  0x0000019b117c2650 JavaThread "Unconstrained build operations Thread 29" [_thread_blocked, id=24928, stack(0x0000001214500000,0x0000001214600000)]
  0x0000019b117c1310 JavaThread "Unconstrained build operations Thread 30" [_thread_blocked, id=10916, stack(0x0000001214600000,0x0000001214700000)]
  0x0000019b117c0970 JavaThread "Unconstrained build operations Thread 31" [_thread_blocked, id=14188, stack(0x0000001214700000,0x0000001214800000)]
  0x0000019b117c1cb0 JavaThread "Unconstrained build operations Thread 32" [_thread_blocked, id=19088, stack(0x0000001214800000,0x0000001214900000)]
  0x0000019b117c17e0 JavaThread "Unconstrained build operations Thread 33" [_thread_blocked, id=18928, stack(0x0000001214900000,0x0000001214a00000)]
  0x0000019b117c2ff0 JavaThread "Unconstrained build operations Thread 34" [_thread_blocked, id=2820, stack(0x0000001214a00000,0x0000001214b00000)]
  0x0000019b117c3990 JavaThread "Unconstrained build operations Thread 35" [_thread_blocked, id=15176, stack(0x0000001214b00000,0x0000001214c00000)]
  0x0000019b117c04a0 JavaThread "Unconstrained build operations Thread 36" [_thread_blocked, id=10620, stack(0x0000001214c00000,0x0000001214d00000)]
  0x0000019b117c34c0 JavaThread "Unconstrained build operations Thread 37" [_thread_blocked, id=6160, stack(0x0000001214d00000,0x0000001214e00000)]
  0x0000019b117c2180 JavaThread "Unconstrained build operations Thread 38" [_thread_blocked, id=20876, stack(0x0000001214e00000,0x0000001214f00000)]
  0x0000019b117c2b20 JavaThread "Unconstrained build operations Thread 39" [_thread_blocked, id=9572, stack(0x0000001214f00000,0x0000001215000000)]
  0x0000019b146574d0 JavaThread "Unconstrained build operations Thread 40" [_thread_blocked, id=19756, stack(0x0000001215000000,0x0000001215100000)]
  0x0000019b1465a9c0 JavaThread "Unconstrained build operations Thread 41" [_thread_blocked, id=23316, stack(0x0000001215100000,0x0000001215200000)]
  0x0000019b14659b50 JavaThread "Unconstrained build operations Thread 42" [_thread_blocked, id=6992, stack(0x0000001215200000,0x0000001215300000)]
  0x0000019b146579a0 JavaThread "Unconstrained build operations Thread 43" [_thread_blocked, id=664, stack(0x0000001215300000,0x0000001215400000)]
  0x0000019b14658340 JavaThread "Unconstrained build operations Thread 44" [_thread_blocked, id=16164, stack(0x0000001215400000,0x0000001215500000)]
  0x0000019b1465a020 JavaThread "Unconstrained build operations Thread 45" [_thread_blocked, id=7224, stack(0x0000001215500000,0x0000001215600000)]
  0x0000019b14658ce0 JavaThread "Unconstrained build operations Thread 46" [_thread_blocked, id=21232, stack(0x0000001215600000,0x0000001215700000)]
  0x0000019b1465ae90 JavaThread "Unconstrained build operations Thread 47" [_thread_blocked, id=24436, stack(0x0000001215700000,0x0000001215800000)]
  0x0000019b14657e70 JavaThread "Unconstrained build operations Thread 48" [_thread_blocked, id=16768, stack(0x0000001215800000,0x0000001215900000)]
  0x0000019b14658810 JavaThread "Unconstrained build operations Thread 49" [_thread_blocked, id=1352, stack(0x0000001215900000,0x0000001215a00000)]
  0x0000019b146591b0 JavaThread "Unconstrained build operations Thread 50" [_thread_blocked, id=23648, stack(0x0000001215a00000,0x0000001215b00000)]
  0x0000019b1465a4f0 JavaThread "Unconstrained build operations Thread 51" [_thread_blocked, id=5596, stack(0x0000001215b00000,0x0000001215c00000)]
  0x0000019b14659680 JavaThread "Unconstrained build operations Thread 52" [_thread_blocked, id=2412, stack(0x0000001215c00000,0x0000001215d00000)]
  0x0000019b131506a0 JavaThread "Unconstrained build operations Thread 53" [_thread_blocked, id=11820, stack(0x0000001215d00000,0x0000001215e00000)]
  0x0000019b1314e020 JavaThread "Unconstrained build operations Thread 54" [_thread_blocked, id=17208, stack(0x0000001215e00000,0x0000001215f00000)]
  0x0000019b1314e4f0 JavaThread "Unconstrained build operations Thread 55" [_thread_blocked, id=23824, stack(0x0000001215f00000,0x0000001216000000)]
  0x0000019b131501d0 JavaThread "Unconstrained build operations Thread 56" [_thread_blocked, id=3616, stack(0x0000001216000000,0x0000001216100000)]
  0x0000019b12d3c790 JavaThread "jar transforms Thread 10" [_thread_blocked, id=25024, stack(0x0000001216100000,0x0000001216200000)]
  0x0000019b12d3c2c0 JavaThread "jar transforms Thread 11" [_thread_blocked, id=2676, stack(0x0000001216200000,0x0000001216300000)]
  0x0000019b12d3d600 JavaThread "jar transforms Thread 12" [_thread_blocked, id=21036, stack(0x0000001216300000,0x0000001216400000)]
  0x0000019b12d3cc60 JavaThread "jar transforms Thread 13" [_thread_blocked, id=21456, stack(0x0000001216400000,0x0000001216500000)]
  0x0000019b12d3d130 JavaThread "jar transforms Thread 14" [_thread_blocked, id=3480, stack(0x0000001216500000,0x0000001216600000)]
  0x0000019b12d3dad0 JavaThread "jar transforms Thread 15" [_thread_blocked, id=10112, stack(0x0000001216600000,0x0000001216700000)]
  0x0000019b0f1fc990 JavaThread "jar transforms Thread 16" [_thread_blocked, id=20924, stack(0x0000001216700000,0x0000001216800000)]
  0x0000019b131519e0 JavaThread "Memory manager" [_thread_blocked, id=24920, stack(0x0000001216800000,0x0000001216900000)]
  0x0000019b7fb27090 JavaThread "C2 CompilerThread5" daemon [_thread_in_native, id=19212, stack(0x0000001217000000,0x0000001217100000)]

Other Threads:
  0x0000019b7c698e30 VMThread "VM Thread" [stack: 0x000000120e700000,0x000000120e800000] [id=4604]
  0x0000019b7d17d580 WatcherThread [stack: 0x000000120f500000,0x000000120f600000] [id=19296]
  0x0000019b6e40ba40 GCTaskThread "GC Thread#0" [stack: 0x000000120e200000,0x000000120e300000] [id=5436]
  0x0000019b7e396b40 GCTaskThread "GC Thread#1" [stack: 0x000000120fa00000,0x000000120fb00000] [id=9092]
  0x0000019b7e216880 GCTaskThread "GC Thread#2" [stack: 0x000000120fb00000,0x000000120fc00000] [id=25224]
  0x0000019b7e3961a0 GCTaskThread "GC Thread#3" [stack: 0x000000120fc00000,0x000000120fd00000] [id=13352]
  0x0000019b7e396450 GCTaskThread "GC Thread#4" [stack: 0x000000120fd00000,0x000000120fe00000] [id=23712]
  0x0000019b7e83db70 GCTaskThread "GC Thread#5" [stack: 0x000000120fe00000,0x000000120ff00000] [id=22924]
  0x0000019b7f1b2600 GCTaskThread "GC Thread#6" [stack: 0x0000001211200000,0x0000001211300000] [id=10892]
  0x0000019b7f1b1890 GCTaskThread "GC Thread#7" [stack: 0x0000001211300000,0x0000001211400000] [id=8276]
  0x0000019b7f1b15e0 GCTaskThread "GC Thread#8" [stack: 0x0000001211400000,0x0000001211500000] [id=24180]
  0x0000019b7f1b3b80 GCTaskThread "GC Thread#9" [stack: 0x0000001211500000,0x0000001211600000] [id=25032]
  0x0000019b7f1b1b40 GCTaskThread "GC Thread#10" [stack: 0x0000001211600000,0x0000001211700000] [id=1536]
  0x0000019b7f1b1df0 GCTaskThread "GC Thread#11" [stack: 0x0000001211700000,0x0000001211800000] [id=6288]
  0x0000019b7f1b0870 GCTaskThread "GC Thread#12" [stack: 0x0000001211800000,0x0000001211900000] [id=11592]
  0x0000019b6e411740 ConcurrentGCThread "G1 Main Marker" [stack: 0x000000120e300000,0x000000120e400000] [id=7932]
  0x0000019b6e4126a0 ConcurrentGCThread "G1 Conc#0" [stack: 0x000000120e400000,0x000000120e500000] [id=24708]
  0x0000019b7f1b1080 ConcurrentGCThread "G1 Conc#1" [stack: 0x0000001211900000,0x0000001211a00000] [id=21912]
  0x0000019b7f1b0310 ConcurrentGCThread "G1 Conc#2" [stack: 0x0000001211a00000,0x0000001211b00000] [id=20792]
  0x0000019b6e4be880 ConcurrentGCThread "G1 Refine#0" [stack: 0x000000120e500000,0x000000120e600000] [id=4000]
  0x0000019b11735640 ConcurrentGCThread "G1 Refine#1" [stack: 0x0000001216900000,0x0000001216a00000] [id=20416]
  0x0000019b11735ee0 ConcurrentGCThread "G1 Refine#2" [stack: 0x0000001216a00000,0x0000001216b00000] [id=21152]
  0x0000019b117364a0 ConcurrentGCThread "G1 Refine#3" [stack: 0x0000001216b00000,0x0000001216c00000] [id=6452]
  0x0000019b147bf0b0 ConcurrentGCThread "G1 Refine#4" [stack: 0x0000001216c00000,0x0000001216d00000] [id=3800]
  0x0000019b147bd9b0 ConcurrentGCThread "G1 Refine#5" [stack: 0x0000001216d00000,0x0000001216e00000] [id=22844]
  0x0000019b147bdc90 ConcurrentGCThread "G1 Refine#6" [stack: 0x0000001216e00000,0x0000001216f00000] [id=16476]
  0x0000019b147bd3f0 ConcurrentGCThread "G1 Refine#7" [stack: 0x0000001216f00000,0x0000001217000000] [id=22600]
  0x0000019b7c55a210 ConcurrentGCThread "G1 Service" [stack: 0x000000120e600000,0x000000120e700000] [id=17400]

Threads with active compile tasks:
C2 CompilerThread0     3822 6176 %     4       groovy.lang.MetaClassImpl::inheritInterfaceNewMetaMethods @ 100 (195 bytes)
C2 CompilerThread1     3822 6255       4       java.lang.Class::annotationData (44 bytes)
C2 CompilerThread2     3822 6294   !   4       com.sun.beans.TypeResolver::resolve (261 bytes)
C2 CompilerThread3     3822 6253       4       sun.reflect.generics.parser.SignatureParser::parsePackageNameAndSimpleClassTypeSignature (119 bytes)
C2 CompilerThread4     3822 6191       4       com.sun.beans.TypeResolver::resolve (37 bytes)
C2 CompilerThread5     3822 6296       4       groovy.lang.MetaClassImpl::addToAllMethodsIfPublic (22 bytes)

VM state: not at safepoint (normal execution)

VM Mutex/Monitor currently owned by a thread: None

Heap address: 0x00000000e0000000, size: 512 MB, Compressed Oops mode: 32-bit

CDS archive(s) mapped at: [0x0000000800000000-0x0000000800bc0000-0x0000000800bc0000), size 12320768, SharedBaseAddress: 0x0000000800000000, ArchiveRelocationMode: 0.
Compressed class space mapped at: 0x0000000800c00000-0x000000080dc00000, reserved size: 218103808
Narrow klass base: 0x0000000800000000, Narrow klass shift: 0, Narrow klass range: 0x100000000

GC Precious Log:
 CPUs: 16 total, 16 available
 Memory: 16168M
 Large Page Support: Disabled
 NUMA Support: Disabled
 Compressed Oops: Enabled (32-bit)
 Heap Region Size: 1M
 Heap Min Capacity: 256M
 Heap Initial Capacity: 256M
 Heap Max Capacity: 512M
 Pre-touch: Disabled
 Parallel Workers: 13
 Concurrent Workers: 3
 Concurrent Refinement Workers: 13
 Periodic GC: Disabled

Heap:
 garbage-first heap   total 262144K, used 75578K [0x00000000e0000000, 0x0000000100000000)
  region size 1024K, 47 young (48128K), 20 survivors (20480K)
 Metaspace       used 46062K, committed 46784K, reserved 253952K
  class space    used 6517K, committed 6848K, reserved 212992K

Heap Regions: E=young(eden), S=young(survivor), O=old, HS=humongous(starts), HC=humongous(continues), CS=collection set, F=free, OA=open archive, CA=closed archive, TAMS=top-at-mark-start (previous, next)
|   0|0x00000000e0000000, 0x00000000e0100000, 0x00000000e0100000|100%|HS|  |TAMS 0x00000000e0000000, 0x00000000e0000000| Complete 
|   1|0x00000000e0100000, 0x00000000e0200000, 0x00000000e0200000|100%| O|  |TAMS 0x00000000e0200000, 0x00000000e0100000| Untracked 
|   2|0x00000000e0200000, 0x00000000e0300000, 0x00000000e0300000|100%| O|  |TAMS 0x00000000e0300000, 0x00000000e0200000| Untracked 
|   3|0x00000000e0300000, 0x00000000e0400000, 0x00000000e0400000|100%|HS|  |TAMS 0x00000000e0400000, 0x00000000e0300000| Complete 
|   4|0x00000000e0400000, 0x00000000e0500000, 0x00000000e0500000|100%|HC|  |TAMS 0x00000000e0500000, 0x00000000e0400000| Complete 
|   5|0x00000000e0500000, 0x00000000e0600000, 0x00000000e0600000|100%|HC|  |TAMS 0x00000000e0600000, 0x00000000e0500000| Complete 
|   6|0x00000000e0600000, 0x00000000e0700000, 0x00000000e0700000|100%| O|  |TAMS 0x00000000e0700000, 0x00000000e0600000| Untracked 
|   7|0x00000000e0700000, 0x00000000e0800000, 0x00000000e0800000|100%| O|  |TAMS 0x00000000e0800000, 0x00000000e0700000| Untracked 
|   8|0x00000000e0800000, 0x00000000e0900000, 0x00000000e0900000|100%| O|  |TAMS 0x00000000e0900000, 0x00000000e0800000| Untracked 
|   9|0x00000000e0900000, 0x00000000e0a00000, 0x00000000e0a00000|100%| O|  |TAMS 0x00000000e0a00000, 0x00000000e0900000| Untracked 
|  10|0x00000000e0a00000, 0x00000000e0b00000, 0x00000000e0b00000|100%| O|  |TAMS 0x00000000e0a2f200, 0x00000000e0a00000| Untracked 
|  11|0x00000000e0b00000, 0x00000000e0c00000, 0x00000000e0c00000|100%|HS|  |TAMS 0x00000000e0b00000, 0x00000000e0b00000| Complete 
|  12|0x00000000e0c00000, 0x00000000e0d00000, 0x00000000e0d00000|100%|HC|  |TAMS 0x00000000e0c00000, 0x00000000e0c00000| Complete 
|  13|0x00000000e0d00000, 0x00000000e0e00000, 0x00000000e0e00000|100%|HC|  |TAMS 0x00000000e0d00000, 0x00000000e0d00000| Complete 
|  14|0x00000000e0e00000, 0x00000000e0f00000, 0x00000000e0f00000|100%| O|  |TAMS 0x00000000e0e00000, 0x00000000e0e00000| Untracked 
|  15|0x00000000e0f00000, 0x00000000e1000000, 0x00000000e1000000|100%| O|  |TAMS 0x00000000e0f00000, 0x00000000e0f00000| Untracked 
|  16|0x00000000e1000000, 0x00000000e1100000, 0x00000000e1100000|100%| O|  |TAMS 0x00000000e1000000, 0x00000000e1000000| Untracked 
|  17|0x00000000e1100000, 0x00000000e1200000, 0x00000000e1200000|100%| O|  |TAMS 0x00000000e1100000, 0x00000000e1100000| Untracked 
|  18|0x00000000e1200000, 0x00000000e1300000, 0x00000000e1300000|100%| O|  |TAMS 0x00000000e1200000, 0x00000000e1200000| Untracked 
|  19|0x00000000e1300000, 0x00000000e1400000, 0x00000000e1400000|100%| O|  |TAMS 0x00000000e1300000, 0x00000000e1300000| Untracked 
|  20|0x00000000e1400000, 0x00000000e1500000, 0x00000000e1500000|100%| O|  |TAMS 0x00000000e1400000, 0x00000000e1400000| Untracked 
|  21|0x00000000e1500000, 0x00000000e1600000, 0x00000000e1600000|100%| O|  |TAMS 0x00000000e1500000, 0x00000000e1500000| Untracked 
|  22|0x00000000e1600000, 0x00000000e1700000, 0x00000000e1700000|100%| O|  |TAMS 0x00000000e1600000, 0x00000000e1600000| Untracked 
|  23|0x00000000e1700000, 0x00000000e1800000, 0x00000000e1800000|100%| O|  |TAMS 0x00000000e1700000, 0x00000000e1700000| Untracked 
|  24|0x00000000e1800000, 0x00000000e1900000, 0x00000000e1900000|100%| O|  |TAMS 0x00000000e1800000, 0x00000000e1800000| Untracked 
|  25|0x00000000e1900000, 0x00000000e1a00000, 0x00000000e1a00000|100%| O|  |TAMS 0x00000000e1900000, 0x00000000e1900000| Untracked 
|  26|0x00000000e1a00000, 0x00000000e1b00000, 0x00000000e1b00000|100%| O|  |TAMS 0x00000000e1a00000, 0x00000000e1a00000| Untracked 
|  27|0x00000000e1b00000, 0x00000000e1bcea00, 0x00000000e1c00000| 80%| O|  |TAMS 0x00000000e1b00000, 0x00000000e1b00000| Untracked 
|  28|0x00000000e1c00000, 0x00000000e1c00000, 0x00000000e1d00000|  0%| F|  |TAMS 0x00000000e1c00000, 0x00000000e1c00000| Untracked 
|  29|0x00000000e1d00000, 0x00000000e1d00000, 0x00000000e1e00000|  0%| F|  |TAMS 0x00000000e1d00000, 0x00000000e1d00000| Untracked 
|  30|0x00000000e1e00000, 0x00000000e1e00000, 0x00000000e1f00000|  0%| F|  |TAMS 0x00000000e1e00000, 0x00000000e1e00000| Untracked 
|  31|0x00000000e1f00000, 0x00000000e1f00000, 0x00000000e2000000|  0%| F|  |TAMS 0x00000000e1f00000, 0x00000000e1f00000| Untracked 
|  32|0x00000000e2000000, 0x00000000e2000000, 0x00000000e2100000|  0%| F|  |TAMS 0x00000000e2000000, 0x00000000e2000000| Untracked 
|  33|0x00000000e2100000, 0x00000000e2100000, 0x00000000e2200000|  0%| F|  |TAMS 0x00000000e2100000, 0x00000000e2100000| Untracked 
|  34|0x00000000e2200000, 0x00000000e2200000, 0x00000000e2300000|  0%| F|  |TAMS 0x00000000e2200000, 0x00000000e2200000| Untracked 
|  35|0x00000000e2300000, 0x00000000e2300000, 0x00000000e2400000|  0%| F|  |TAMS 0x00000000e2300000, 0x00000000e2300000| Untracked 
|  36|0x00000000e2400000, 0x00000000e2400000, 0x00000000e2500000|  0%| F|  |TAMS 0x00000000e2400000, 0x00000000e2400000| Untracked 
|  37|0x00000000e2500000, 0x00000000e2500000, 0x00000000e2600000|  0%| F|  |TAMS 0x00000000e2500000, 0x00000000e2500000| Untracked 
|  38|0x00000000e2600000, 0x00000000e2600000, 0x00000000e2700000|  0%| F|  |TAMS 0x00000000e2600000, 0x00000000e2600000| Untracked 
|  39|0x00000000e2700000, 0x00000000e2700000, 0x00000000e2800000|  0%| F|  |TAMS 0x00000000e2700000, 0x00000000e2700000| Untracked 
|  40|0x00000000e2800000, 0x00000000e2800000, 0x00000000e2900000|  0%| F|  |TAMS 0x00000000e2800000, 0x00000000e2800000| Untracked 
|  41|0x00000000e2900000, 0x00000000e2900000, 0x00000000e2a00000|  0%| F|  |TAMS 0x00000000e2900000, 0x00000000e2900000| Untracked 
|  42|0x00000000e2a00000, 0x00000000e2a00000, 0x00000000e2b00000|  0%| F|  |TAMS 0x00000000e2a00000, 0x00000000e2a00000| Untracked 
|  43|0x00000000e2b00000, 0x00000000e2b00000, 0x00000000e2c00000|  0%| F|  |TAMS 0x00000000e2b00000, 0x00000000e2b00000| Untracked 
|  44|0x00000000e2c00000, 0x00000000e2c00000, 0x00000000e2d00000|  0%| F|  |TAMS 0x00000000e2c00000, 0x00000000e2c00000| Untracked 
|  45|0x00000000e2d00000, 0x00000000e2d00000, 0x00000000e2e00000|  0%| F|  |TAMS 0x00000000e2d00000, 0x00000000e2d00000| Untracked 
|  46|0x00000000e2e00000, 0x00000000e2e00000, 0x00000000e2f00000|  0%| F|  |TAMS 0x00000000e2e00000, 0x00000000e2e00000| Untracked 
|  47|0x00000000e2f00000, 0x00000000e2f00000, 0x00000000e3000000|  0%| F|  |TAMS 0x00000000e2f00000, 0x00000000e2f00000| Untracked 
|  48|0x00000000e3000000, 0x00000000e3000000, 0x00000000e3100000|  0%| F|  |TAMS 0x00000000e3000000, 0x00000000e3000000| Untracked 
|  49|0x00000000e3100000, 0x00000000e3100000, 0x00000000e3200000|  0%| F|  |TAMS 0x00000000e3100000, 0x00000000e3100000| Untracked 
|  50|0x00000000e3200000, 0x00000000e3200000, 0x00000000e3300000|  0%| F|  |TAMS 0x00000000e3200000, 0x00000000e3200000| Untracked 
|  51|0x00000000e3300000, 0x00000000e3300000, 0x00000000e3400000|  0%| F|  |TAMS 0x00000000e3300000, 0x00000000e3300000| Untracked 
|  52|0x00000000e3400000, 0x00000000e3400000, 0x00000000e3500000|  0%| F|  |TAMS 0x00000000e3400000, 0x00000000e3400000| Untracked 
|  53|0x00000000e3500000, 0x00000000e3500000, 0x00000000e3600000|  0%| F|  |TAMS 0x00000000e3500000, 0x00000000e3500000| Untracked 
|  54|0x00000000e3600000, 0x00000000e3600000, 0x00000000e3700000|  0%| F|  |TAMS 0x00000000e3600000, 0x00000000e3600000| Untracked 
|  55|0x00000000e3700000, 0x00000000e3700000, 0x00000000e3800000|  0%| F|  |TAMS 0x00000000e3700000, 0x00000000e3700000| Untracked 
|  56|0x00000000e3800000, 0x00000000e3800000, 0x00000000e3900000|  0%| F|  |TAMS 0x00000000e3800000, 0x00000000e3800000| Untracked 
|  57|0x00000000e3900000, 0x00000000e3900000, 0x00000000e3a00000|  0%| F|  |TAMS 0x00000000e3900000, 0x00000000e3900000| Untracked 
|  58|0x00000000e3a00000, 0x00000000e3a00000, 0x00000000e3b00000|  0%| F|  |TAMS 0x00000000e3a00000, 0x00000000e3a00000| Untracked 
|  59|0x00000000e3b00000, 0x00000000e3b00000, 0x00000000e3c00000|  0%| F|  |TAMS 0x00000000e3b00000, 0x00000000e3b00000| Untracked 
|  60|0x00000000e3c00000, 0x00000000e3c00000, 0x00000000e3d00000|  0%| F|  |TAMS 0x00000000e3c00000, 0x00000000e3c00000| Untracked 
|  61|0x00000000e3d00000, 0x00000000e3d00000, 0x00000000e3e00000|  0%| F|  |TAMS 0x00000000e3d00000, 0x00000000e3d00000| Untracked 
|  62|0x00000000e3e00000, 0x00000000e3e00000, 0x00000000e3f00000|  0%| F|  |TAMS 0x00000000e3e00000, 0x00000000e3e00000| Untracked 
|  63|0x00000000e3f00000, 0x00000000e3f00000, 0x00000000e4000000|  0%| F|  |TAMS 0x00000000e3f00000, 0x00000000e3f00000| Untracked 
|  64|0x00000000e4000000, 0x00000000e4000000, 0x00000000e4100000|  0%| F|  |TAMS 0x00000000e4000000, 0x00000000e4000000| Untracked 
|  65|0x00000000e4100000, 0x00000000e4100000, 0x00000000e4200000|  0%| F|  |TAMS 0x00000000e4100000, 0x00000000e4100000| Untracked 
|  66|0x00000000e4200000, 0x00000000e4200000, 0x00000000e4300000|  0%| F|  |TAMS 0x00000000e4200000, 0x00000000e4200000| Untracked 
|  67|0x00000000e4300000, 0x00000000e4300000, 0x00000000e4400000|  0%| F|  |TAMS 0x00000000e4300000, 0x00000000e4300000| Untracked 
|  68|0x00000000e4400000, 0x00000000e4400000, 0x00000000e4500000|  0%| F|  |TAMS 0x00000000e4400000, 0x00000000e4400000| Untracked 
|  69|0x00000000e4500000, 0x00000000e4500000, 0x00000000e4600000|  0%| F|  |TAMS 0x00000000e4500000, 0x00000000e4500000| Untracked 
|  70|0x00000000e4600000, 0x00000000e4600000, 0x00000000e4700000|  0%| F|  |TAMS 0x00000000e4600000, 0x00000000e4600000| Untracked 
|  71|0x00000000e4700000, 0x00000000e4700000, 0x00000000e4800000|  0%| F|  |TAMS 0x00000000e4700000, 0x00000000e4700000| Untracked 
|  72|0x00000000e4800000, 0x00000000e4800000, 0x00000000e4900000|  0%| F|  |TAMS 0x00000000e4800000, 0x00000000e4800000| Untracked 
|  73|0x00000000e4900000, 0x00000000e4900000, 0x00000000e4a00000|  0%| F|  |TAMS 0x00000000e4900000, 0x00000000e4900000| Untracked 
|  74|0x00000000e4a00000, 0x00000000e4a00000, 0x00000000e4b00000|  0%| F|  |TAMS 0x00000000e4a00000, 0x00000000e4a00000| Untracked 
|  75|0x00000000e4b00000, 0x00000000e4b00000, 0x00000000e4c00000|  0%| F|  |TAMS 0x00000000e4b00000, 0x00000000e4b00000| Untracked 
|  76|0x00000000e4c00000, 0x00000000e4c00000, 0x00000000e4d00000|  0%| F|  |TAMS 0x00000000e4c00000, 0x00000000e4c00000| Untracked 
|  77|0x00000000e4d00000, 0x00000000e4d00000, 0x00000000e4e00000|  0%| F|  |TAMS 0x00000000e4d00000, 0x00000000e4d00000| Untracked 
|  78|0x00000000e4e00000, 0x00000000e4e00000, 0x00000000e4f00000|  0%| F|  |TAMS 0x00000000e4e00000, 0x00000000e4e00000| Untracked 
|  79|0x00000000e4f00000, 0x00000000e4f00000, 0x00000000e5000000|  0%| F|  |TAMS 0x00000000e4f00000, 0x00000000e4f00000| Untracked 
|  80|0x00000000e5000000, 0x00000000e5000000, 0x00000000e5100000|  0%| F|  |TAMS 0x00000000e5000000, 0x00000000e5000000| Untracked 
|  81|0x00000000e5100000, 0x00000000e5100000, 0x00000000e5200000|  0%| F|  |TAMS 0x00000000e5100000, 0x00000000e5100000| Untracked 
|  82|0x00000000e5200000, 0x00000000e5200000, 0x00000000e5300000|  0%| F|  |TAMS 0x00000000e5200000, 0x00000000e5200000| Untracked 
|  83|0x00000000e5300000, 0x00000000e5400000, 0x00000000e5400000|100%| S|CS|TAMS 0x00000000e5300000, 0x00000000e5300000| Complete 
|  84|0x00000000e5400000, 0x00000000e5500000, 0x00000000e5500000|100%| S|CS|TAMS 0x00000000e5400000, 0x00000000e5400000| Complete 
|  85|0x00000000e5500000, 0x00000000e5600000, 0x00000000e5600000|100%| S|CS|TAMS 0x00000000e5500000, 0x00000000e5500000| Complete 
|  86|0x00000000e5600000, 0x00000000e5700000, 0x00000000e5700000|100%| S|CS|TAMS 0x00000000e5600000, 0x00000000e5600000| Complete 
|  87|0x00000000e5700000, 0x00000000e5800000, 0x00000000e5800000|100%| S|CS|TAMS 0x00000000e5700000, 0x00000000e5700000| Complete 
|  88|0x00000000e5800000, 0x00000000e5900000, 0x00000000e5900000|100%| S|CS|TAMS 0x00000000e5800000, 0x00000000e5800000| Complete 
|  89|0x00000000e5900000, 0x00000000e5a00000, 0x00000000e5a00000|100%| S|CS|TAMS 0x00000000e5900000, 0x00000000e5900000| Complete 
|  90|0x00000000e5a00000, 0x00000000e5b00000, 0x00000000e5b00000|100%| S|CS|TAMS 0x00000000e5a00000, 0x00000000e5a00000| Complete 
|  91|0x00000000e5b00000, 0x00000000e5c00000, 0x00000000e5c00000|100%| S|CS|TAMS 0x00000000e5b00000, 0x00000000e5b00000| Complete 
|  92|0x00000000e5c00000, 0x00000000e5d00000, 0x00000000e5d00000|100%| S|CS|TAMS 0x00000000e5c00000, 0x00000000e5c00000| Complete 
|  93|0x00000000e5d00000, 0x00000000e5e00000, 0x00000000e5e00000|100%| S|CS|TAMS 0x00000000e5d00000, 0x00000000e5d00000| Complete 
|  94|0x00000000e5e00000, 0x00000000e5f00000, 0x00000000e5f00000|100%| S|CS|TAMS 0x00000000e5e00000, 0x00000000e5e00000| Complete 
|  95|0x00000000e5f00000, 0x00000000e6000000, 0x00000000e6000000|100%| S|CS|TAMS 0x00000000e5f00000, 0x00000000e5f00000| Complete 
|  96|0x00000000e6000000, 0x00000000e6100000, 0x00000000e6100000|100%| S|CS|TAMS 0x00000000e6000000, 0x00000000e6000000| Complete 
|  97|0x00000000e6100000, 0x00000000e6200000, 0x00000000e6200000|100%| S|CS|TAMS 0x00000000e6100000, 0x00000000e6100000| Complete 
|  98|0x00000000e6200000, 0x00000000e6300000, 0x00000000e6300000|100%| S|CS|TAMS 0x00000000e6200000, 0x00000000e6200000| Complete 
|  99|0x00000000e6300000, 0x00000000e6400000, 0x00000000e6400000|100%| S|CS|TAMS 0x00000000e6300000, 0x00000000e6300000| Complete 
| 100|0x00000000e6400000, 0x00000000e6500000, 0x00000000e6500000|100%| S|CS|TAMS 0x00000000e6400000, 0x00000000e6400000| Complete 
| 101|0x00000000e6500000, 0x00000000e6600000, 0x00000000e6600000|100%| S|CS|TAMS 0x00000000e6500000, 0x00000000e6500000| Complete 
| 102|0x00000000e6600000, 0x00000000e6700000, 0x00000000e6700000|100%| S|CS|TAMS 0x00000000e6600000, 0x00000000e6600000| Complete 
| 103|0x00000000e6700000, 0x00000000e6700000, 0x00000000e6800000|  0%| F|  |TAMS 0x00000000e6700000, 0x00000000e6700000| Untracked 
| 104|0x00000000e6800000, 0x00000000e6800000, 0x00000000e6900000|  0%| F|  |TAMS 0x00000000e6800000, 0x00000000e6800000| Untracked 
| 105|0x00000000e6900000, 0x00000000e6900000, 0x00000000e6a00000|  0%| F|  |TAMS 0x00000000e6900000, 0x00000000e6900000| Untracked 
| 106|0x00000000e6a00000, 0x00000000e6a00000, 0x00000000e6b00000|  0%| F|  |TAMS 0x00000000e6a00000, 0x00000000e6a00000| Untracked 
| 107|0x00000000e6b00000, 0x00000000e6b00000, 0x00000000e6c00000|  0%| F|  |TAMS 0x00000000e6b00000, 0x00000000e6b00000| Untracked 
| 108|0x00000000e6c00000, 0x00000000e6c00000, 0x00000000e6d00000|  0%| F|  |TAMS 0x00000000e6c00000, 0x00000000e6c00000| Untracked 
| 109|0x00000000e6d00000, 0x00000000e6d00000, 0x00000000e6e00000|  0%| F|  |TAMS 0x00000000e6d00000, 0x00000000e6d00000| Untracked 
| 110|0x00000000e6e00000, 0x00000000e6e00000, 0x00000000e6f00000|  0%| F|  |TAMS 0x00000000e6e00000, 0x00000000e6e00000| Untracked 
| 111|0x00000000e6f00000, 0x00000000e6f00000, 0x00000000e7000000|  0%| F|  |TAMS 0x00000000e6f00000, 0x00000000e6f00000| Untracked 
| 112|0x00000000e7000000, 0x00000000e7000000, 0x00000000e7100000|  0%| F|  |TAMS 0x00000000e7000000, 0x00000000e7000000| Untracked 
| 113|0x00000000e7100000, 0x00000000e7100000, 0x00000000e7200000|  0%| F|  |TAMS 0x00000000e7100000, 0x00000000e7100000| Untracked 
| 114|0x00000000e7200000, 0x00000000e7200000, 0x00000000e7300000|  0%| F|  |TAMS 0x00000000e7200000, 0x00000000e7200000| Untracked 
| 115|0x00000000e7300000, 0x00000000e7300000, 0x00000000e7400000|  0%| F|  |TAMS 0x00000000e7300000, 0x00000000e7300000| Untracked 
| 116|0x00000000e7400000, 0x00000000e7400000, 0x00000000e7500000|  0%| F|  |TAMS 0x00000000e7400000, 0x00000000e7400000| Untracked 
| 117|0x00000000e7500000, 0x00000000e7500000, 0x00000000e7600000|  0%| F|  |TAMS 0x00000000e7500000, 0x00000000e7500000| Untracked 
| 118|0x00000000e7600000, 0x00000000e7600000, 0x00000000e7700000|  0%| F|  |TAMS 0x00000000e7600000, 0x00000000e7600000| Untracked 
| 119|0x00000000e7700000, 0x00000000e7700000, 0x00000000e7800000|  0%| F|  |TAMS 0x00000000e7700000, 0x00000000e7700000| Untracked 
| 120|0x00000000e7800000, 0x00000000e7800000, 0x00000000e7900000|  0%| F|  |TAMS 0x00000000e7800000, 0x00000000e7800000| Untracked 
| 121|0x00000000e7900000, 0x00000000e7900000, 0x00000000e7a00000|  0%| F|  |TAMS 0x00000000e7900000, 0x00000000e7900000| Untracked 
| 122|0x00000000e7a00000, 0x00000000e7a00000, 0x00000000e7b00000|  0%| F|  |TAMS 0x00000000e7a00000, 0x00000000e7a00000| Untracked 
| 123|0x00000000e7b00000, 0x00000000e7b00000, 0x00000000e7c00000|  0%| F|  |TAMS 0x00000000e7b00000, 0x00000000e7b00000| Untracked 
| 124|0x00000000e7c00000, 0x00000000e7c00000, 0x00000000e7d00000|  0%| F|  |TAMS 0x00000000e7c00000, 0x00000000e7c00000| Untracked 
| 125|0x00000000e7d00000, 0x00000000e7d00000, 0x00000000e7e00000|  0%| F|  |TAMS 0x00000000e7d00000, 0x00000000e7d00000| Untracked 
| 126|0x00000000e7e00000, 0x00000000e7e00000, 0x00000000e7f00000|  0%| F|  |TAMS 0x00000000e7e00000, 0x00000000e7e00000| Untracked 
| 127|0x00000000e7f00000, 0x00000000e7f00000, 0x00000000e8000000|  0%| F|  |TAMS 0x00000000e7f00000, 0x00000000e7f00000| Untracked 
| 128|0x00000000e8000000, 0x00000000e8000000, 0x00000000e8100000|  0%| F|  |TAMS 0x00000000e8000000, 0x00000000e8000000| Untracked 
| 129|0x00000000e8100000, 0x00000000e8100000, 0x00000000e8200000|  0%| F|  |TAMS 0x00000000e8100000, 0x00000000e8100000| Untracked 
| 130|0x00000000e8200000, 0x00000000e8200000, 0x00000000e8300000|  0%| F|  |TAMS 0x00000000e8200000, 0x00000000e8200000| Untracked 
| 131|0x00000000e8300000, 0x00000000e8300000, 0x00000000e8400000|  0%| F|  |TAMS 0x00000000e8300000, 0x00000000e8300000| Untracked 
| 132|0x00000000e8400000, 0x00000000e8400000, 0x00000000e8500000|  0%| F|  |TAMS 0x00000000e8400000, 0x00000000e8400000| Untracked 
| 133|0x00000000e8500000, 0x00000000e8500000, 0x00000000e8600000|  0%| F|  |TAMS 0x00000000e8500000, 0x00000000e8500000| Untracked 
| 134|0x00000000e8600000, 0x00000000e8600000, 0x00000000e8700000|  0%| F|  |TAMS 0x00000000e8600000, 0x00000000e8600000| Untracked 
| 135|0x00000000e8700000, 0x00000000e8700000, 0x00000000e8800000|  0%| F|  |TAMS 0x00000000e8700000, 0x00000000e8700000| Untracked 
| 136|0x00000000e8800000, 0x00000000e8800000, 0x00000000e8900000|  0%| F|  |TAMS 0x00000000e8800000, 0x00000000e8800000| Untracked 
| 137|0x00000000e8900000, 0x00000000e8900000, 0x00000000e8a00000|  0%| F|  |TAMS 0x00000000e8900000, 0x00000000e8900000| Untracked 
| 138|0x00000000e8a00000, 0x00000000e8a00000, 0x00000000e8b00000|  0%| F|  |TAMS 0x00000000e8a00000, 0x00000000e8a00000| Untracked 
| 139|0x00000000e8b00000, 0x00000000e8b00000, 0x00000000e8c00000|  0%| F|  |TAMS 0x00000000e8b00000, 0x00000000e8b00000| Untracked 
| 140|0x00000000e8c00000, 0x00000000e8c00000, 0x00000000e8d00000|  0%| F|  |TAMS 0x00000000e8c00000, 0x00000000e8c00000| Untracked 
| 141|0x00000000e8d00000, 0x00000000e8d00000, 0x00000000e8e00000|  0%| F|  |TAMS 0x00000000e8d00000, 0x00000000e8d00000| Untracked 
| 142|0x00000000e8e00000, 0x00000000e8e00000, 0x00000000e8f00000|  0%| F|  |TAMS 0x00000000e8e00000, 0x00000000e8e00000| Untracked 
| 143|0x00000000e8f00000, 0x00000000e8f00000, 0x00000000e9000000|  0%| F|  |TAMS 0x00000000e8f00000, 0x00000000e8f00000| Untracked 
| 144|0x00000000e9000000, 0x00000000e9000000, 0x00000000e9100000|  0%| F|  |TAMS 0x00000000e9000000, 0x00000000e9000000| Untracked 
| 145|0x00000000e9100000, 0x00000000e9100000, 0x00000000e9200000|  0%| F|  |TAMS 0x00000000e9100000, 0x00000000e9100000| Untracked 
| 146|0x00000000e9200000, 0x00000000e9200000, 0x00000000e9300000|  0%| F|  |TAMS 0x00000000e9200000, 0x00000000e9200000| Untracked 
| 147|0x00000000e9300000, 0x00000000e9300000, 0x00000000e9400000|  0%| F|  |TAMS 0x00000000e9300000, 0x00000000e9300000| Untracked 
| 148|0x00000000e9400000, 0x00000000e9400000, 0x00000000e9500000|  0%| F|  |TAMS 0x00000000e9400000, 0x00000000e9400000| Untracked 
| 149|0x00000000e9500000, 0x00000000e9500000, 0x00000000e9600000|  0%| F|  |TAMS 0x00000000e9500000, 0x00000000e9500000| Untracked 
| 150|0x00000000e9600000, 0x00000000e9600000, 0x00000000e9700000|  0%| F|  |TAMS 0x00000000e9600000, 0x00000000e9600000| Untracked 
| 151|0x00000000e9700000, 0x00000000e9700000, 0x00000000e9800000|  0%| F|  |TAMS 0x00000000e9700000, 0x00000000e9700000| Untracked 
| 152|0x00000000e9800000, 0x00000000e9800000, 0x00000000e9900000|  0%| F|  |TAMS 0x00000000e9800000, 0x00000000e9800000| Untracked 
| 153|0x00000000e9900000, 0x00000000e9900000, 0x00000000e9a00000|  0%| F|  |TAMS 0x00000000e9900000, 0x00000000e9900000| Untracked 
| 154|0x00000000e9a00000, 0x00000000e9a00000, 0x00000000e9b00000|  0%| F|  |TAMS 0x00000000e9a00000, 0x00000000e9a00000| Untracked 
| 155|0x00000000e9b00000, 0x00000000e9b00000, 0x00000000e9c00000|  0%| F|  |TAMS 0x00000000e9b00000, 0x00000000e9b00000| Untracked 
| 156|0x00000000e9c00000, 0x00000000e9c00000, 0x00000000e9d00000|  0%| F|  |TAMS 0x00000000e9c00000, 0x00000000e9c00000| Untracked 
| 157|0x00000000e9d00000, 0x00000000e9d00000, 0x00000000e9e00000|  0%| F|  |TAMS 0x00000000e9d00000, 0x00000000e9d00000| Untracked 
| 158|0x00000000e9e00000, 0x00000000e9e00000, 0x00000000e9f00000|  0%| F|  |TAMS 0x00000000e9e00000, 0x00000000e9e00000| Untracked 
| 159|0x00000000e9f00000, 0x00000000e9f00000, 0x00000000ea000000|  0%| F|  |TAMS 0x00000000e9f00000, 0x00000000e9f00000| Untracked 
| 160|0x00000000ea000000, 0x00000000ea000000, 0x00000000ea100000|  0%| F|  |TAMS 0x00000000ea000000, 0x00000000ea000000| Untracked 
| 161|0x00000000ea100000, 0x00000000ea100000, 0x00000000ea200000|  0%| F|  |TAMS 0x00000000ea100000, 0x00000000ea100000| Untracked 
| 162|0x00000000ea200000, 0x00000000ea200000, 0x00000000ea300000|  0%| F|  |TAMS 0x00000000ea200000, 0x00000000ea200000| Untracked 
| 163|0x00000000ea300000, 0x00000000ea300000, 0x00000000ea400000|  0%| F|  |TAMS 0x00000000ea300000, 0x00000000ea300000| Untracked 
| 164|0x00000000ea400000, 0x00000000ea400000, 0x00000000ea500000|  0%| F|  |TAMS 0x00000000ea400000, 0x00000000ea400000| Untracked 
| 165|0x00000000ea500000, 0x00000000ea500000, 0x00000000ea600000|  0%| F|  |TAMS 0x00000000ea500000, 0x00000000ea500000| Untracked 
| 166|0x00000000ea600000, 0x00000000ea600000, 0x00000000ea700000|  0%| F|  |TAMS 0x00000000ea600000, 0x00000000ea600000| Untracked 
| 167|0x00000000ea700000, 0x00000000ea700000, 0x00000000ea800000|  0%| F|  |TAMS 0x00000000ea700000, 0x00000000ea700000| Untracked 
| 168|0x00000000ea800000, 0x00000000ea800000, 0x00000000ea900000|  0%| F|  |TAMS 0x00000000ea800000, 0x00000000ea800000| Untracked 
| 169|0x00000000ea900000, 0x00000000ea900000, 0x00000000eaa00000|  0%| F|  |TAMS 0x00000000ea900000, 0x00000000ea900000| Untracked 
| 170|0x00000000eaa00000, 0x00000000eaa00000, 0x00000000eab00000|  0%| F|  |TAMS 0x00000000eaa00000, 0x00000000eaa00000| Untracked 
| 171|0x00000000eab00000, 0x00000000eab00000, 0x00000000eac00000|  0%| F|  |TAMS 0x00000000eab00000, 0x00000000eab00000| Untracked 
| 172|0x00000000eac00000, 0x00000000eac00000, 0x00000000ead00000|  0%| F|  |TAMS 0x00000000eac00000, 0x00000000eac00000| Untracked 
| 173|0x00000000ead00000, 0x00000000ead00000, 0x00000000eae00000|  0%| F|  |TAMS 0x00000000ead00000, 0x00000000ead00000| Untracked 
| 174|0x00000000eae00000, 0x00000000eae00000, 0x00000000eaf00000|  0%| F|  |TAMS 0x00000000eae00000, 0x00000000eae00000| Untracked 
| 175|0x00000000eaf00000, 0x00000000eaf00000, 0x00000000eb000000|  0%| F|  |TAMS 0x00000000eaf00000, 0x00000000eaf00000| Untracked 
| 176|0x00000000eb000000, 0x00000000eb000000, 0x00000000eb100000|  0%| F|  |TAMS 0x00000000eb000000, 0x00000000eb000000| Untracked 
| 177|0x00000000eb100000, 0x00000000eb100000, 0x00000000eb200000|  0%| F|  |TAMS 0x00000000eb100000, 0x00000000eb100000| Untracked 
| 178|0x00000000eb200000, 0x00000000eb200000, 0x00000000eb300000|  0%| F|  |TAMS 0x00000000eb200000, 0x00000000eb200000| Untracked 
| 179|0x00000000eb300000, 0x00000000eb300000, 0x00000000eb400000|  0%| F|  |TAMS 0x00000000eb300000, 0x00000000eb300000| Untracked 
| 180|0x00000000eb400000, 0x00000000eb400000, 0x00000000eb500000|  0%| F|  |TAMS 0x00000000eb400000, 0x00000000eb400000| Untracked 
| 181|0x00000000eb500000, 0x00000000eb500000, 0x00000000eb600000|  0%| F|  |TAMS 0x00000000eb500000, 0x00000000eb500000| Untracked 
| 182|0x00000000eb600000, 0x00000000eb600000, 0x00000000eb700000|  0%| F|  |TAMS 0x00000000eb600000, 0x00000000eb600000| Untracked 
| 183|0x00000000eb700000, 0x00000000eb700000, 0x00000000eb800000|  0%| F|  |TAMS 0x00000000eb700000, 0x00000000eb700000| Untracked 
| 184|0x00000000eb800000, 0x00000000eb800000, 0x00000000eb900000|  0%| F|  |TAMS 0x00000000eb800000, 0x00000000eb800000| Untracked 
| 185|0x00000000eb900000, 0x00000000eb900000, 0x00000000eba00000|  0%| F|  |TAMS 0x00000000eb900000, 0x00000000eb900000| Untracked 
| 186|0x00000000eba00000, 0x00000000eba00000, 0x00000000ebb00000|  0%| F|  |TAMS 0x00000000eba00000, 0x00000000eba00000| Untracked 
| 187|0x00000000ebb00000, 0x00000000ebb00000, 0x00000000ebc00000|  0%| F|  |TAMS 0x00000000ebb00000, 0x00000000ebb00000| Untracked 
| 188|0x00000000ebc00000, 0x00000000ebc00000, 0x00000000ebd00000|  0%| F|  |TAMS 0x00000000ebc00000, 0x00000000ebc00000| Untracked 
| 189|0x00000000ebd00000, 0x00000000ebd00000, 0x00000000ebe00000|  0%| F|  |TAMS 0x00000000ebd00000, 0x00000000ebd00000| Untracked 
| 190|0x00000000ebe00000, 0x00000000ebe00000, 0x00000000ebf00000|  0%| F|  |TAMS 0x00000000ebe00000, 0x00000000ebe00000| Untracked 
| 191|0x00000000ebf00000, 0x00000000ebf00000, 0x00000000ec000000|  0%| F|  |TAMS 0x00000000ebf00000, 0x00000000ebf00000| Untracked 
| 192|0x00000000ec000000, 0x00000000ec000000, 0x00000000ec100000|  0%| F|  |TAMS 0x00000000ec000000, 0x00000000ec000000| Untracked 
| 193|0x00000000ec100000, 0x00000000ec100000, 0x00000000ec200000|  0%| F|  |TAMS 0x00000000ec100000, 0x00000000ec100000| Untracked 
| 194|0x00000000ec200000, 0x00000000ec200000, 0x00000000ec300000|  0%| F|  |TAMS 0x00000000ec200000, 0x00000000ec200000| Untracked 
| 195|0x00000000ec300000, 0x00000000ec300000, 0x00000000ec400000|  0%| F|  |TAMS 0x00000000ec300000, 0x00000000ec300000| Untracked 
| 196|0x00000000ec400000, 0x00000000ec400000, 0x00000000ec500000|  0%| F|  |TAMS 0x00000000ec400000, 0x00000000ec400000| Untracked 
| 197|0x00000000ec500000, 0x00000000ec500000, 0x00000000ec600000|  0%| F|  |TAMS 0x00000000ec500000, 0x00000000ec500000| Untracked 
| 198|0x00000000ec600000, 0x00000000ec600000, 0x00000000ec700000|  0%| F|  |TAMS 0x00000000ec600000, 0x00000000ec600000| Untracked 
| 199|0x00000000ec700000, 0x00000000ec700000, 0x00000000ec800000|  0%| F|  |TAMS 0x00000000ec700000, 0x00000000ec700000| Untracked 
| 200|0x00000000ec800000, 0x00000000ec800000, 0x00000000ec900000|  0%| F|  |TAMS 0x00000000ec800000, 0x00000000ec800000| Untracked 
| 201|0x00000000ec900000, 0x00000000ec900000, 0x00000000eca00000|  0%| F|  |TAMS 0x00000000ec900000, 0x00000000ec900000| Untracked 
| 202|0x00000000eca00000, 0x00000000eca00000, 0x00000000ecb00000|  0%| F|  |TAMS 0x00000000eca00000, 0x00000000eca00000| Untracked 
| 203|0x00000000ecb00000, 0x00000000ecb00000, 0x00000000ecc00000|  0%| F|  |TAMS 0x00000000ecb00000, 0x00000000ecb00000| Untracked 
| 204|0x00000000ecc00000, 0x00000000ecc00000, 0x00000000ecd00000|  0%| F|  |TAMS 0x00000000ecc00000, 0x00000000ecc00000| Untracked 
| 205|0x00000000ecd00000, 0x00000000ecd00000, 0x00000000ece00000|  0%| F|  |TAMS 0x00000000ecd00000, 0x00000000ecd00000| Untracked 
| 206|0x00000000ece00000, 0x00000000ece00000, 0x00000000ecf00000|  0%| F|  |TAMS 0x00000000ece00000, 0x00000000ece00000| Untracked 
| 207|0x00000000ecf00000, 0x00000000ecf00000, 0x00000000ed000000|  0%| F|  |TAMS 0x00000000ecf00000, 0x00000000ecf00000| Untracked 
| 208|0x00000000ed000000, 0x00000000ed000000, 0x00000000ed100000|  0%| F|  |TAMS 0x00000000ed000000, 0x00000000ed000000| Untracked 
| 209|0x00000000ed100000, 0x00000000ed100000, 0x00000000ed200000|  0%| F|  |TAMS 0x00000000ed100000, 0x00000000ed100000| Untracked 
| 210|0x00000000ed200000, 0x00000000ed200000, 0x00000000ed300000|  0%| F|  |TAMS 0x00000000ed200000, 0x00000000ed200000| Untracked 
| 211|0x00000000ed300000, 0x00000000ed300000, 0x00000000ed400000|  0%| F|  |TAMS 0x00000000ed300000, 0x00000000ed300000| Untracked 
| 212|0x00000000ed400000, 0x00000000ed400000, 0x00000000ed500000|  0%| F|  |TAMS 0x00000000ed400000, 0x00000000ed400000| Untracked 
| 213|0x00000000ed500000, 0x00000000ed500000, 0x00000000ed600000|  0%| F|  |TAMS 0x00000000ed500000, 0x00000000ed500000| Untracked 
| 214|0x00000000ed600000, 0x00000000ed600000, 0x00000000ed700000|  0%| F|  |TAMS 0x00000000ed600000, 0x00000000ed600000| Untracked 
| 215|0x00000000ed700000, 0x00000000ed700000, 0x00000000ed800000|  0%| F|  |TAMS 0x00000000ed700000, 0x00000000ed700000| Untracked 
| 216|0x00000000ed800000, 0x00000000ed800000, 0x00000000ed900000|  0%| F|  |TAMS 0x00000000ed800000, 0x00000000ed800000| Untracked 
| 217|0x00000000ed900000, 0x00000000ed900000, 0x00000000eda00000|  0%| F|  |TAMS 0x00000000ed900000, 0x00000000ed900000| Untracked 
| 218|0x00000000eda00000, 0x00000000eda00000, 0x00000000edb00000|  0%| F|  |TAMS 0x00000000eda00000, 0x00000000eda00000| Untracked 
| 219|0x00000000edb00000, 0x00000000edb00000, 0x00000000edc00000|  0%| F|  |TAMS 0x00000000edb00000, 0x00000000edb00000| Untracked 
| 220|0x00000000edc00000, 0x00000000edc00000, 0x00000000edd00000|  0%| F|  |TAMS 0x00000000edc00000, 0x00000000edc00000| Untracked 
| 221|0x00000000edd00000, 0x00000000edd00000, 0x00000000ede00000|  0%| F|  |TAMS 0x00000000edd00000, 0x00000000edd00000| Untracked 
| 222|0x00000000ede00000, 0x00000000ede00000, 0x00000000edf00000|  0%| F|  |TAMS 0x00000000ede00000, 0x00000000ede00000| Untracked 
| 223|0x00000000edf00000, 0x00000000edf00000, 0x00000000ee000000|  0%| F|  |TAMS 0x00000000edf00000, 0x00000000edf00000| Untracked 
| 224|0x00000000ee000000, 0x00000000ee000000, 0x00000000ee100000|  0%| F|  |TAMS 0x00000000ee000000, 0x00000000ee000000| Untracked 
| 225|0x00000000ee100000, 0x00000000ee100000, 0x00000000ee200000|  0%| F|  |TAMS 0x00000000ee100000, 0x00000000ee100000| Untracked 
| 226|0x00000000ee200000, 0x00000000ee200000, 0x00000000ee300000|  0%| F|  |TAMS 0x00000000ee200000, 0x00000000ee200000| Untracked 
| 227|0x00000000ee300000, 0x00000000ee300000, 0x00000000ee400000|  0%| F|  |TAMS 0x00000000ee300000, 0x00000000ee300000| Untracked 
| 228|0x00000000ee400000, 0x00000000ee400000, 0x00000000ee500000|  0%| F|  |TAMS 0x00000000ee400000, 0x00000000ee400000| Untracked 
| 229|0x00000000ee500000, 0x00000000ee600000, 0x00000000ee600000|100%| E|  |TAMS 0x00000000ee500000, 0x00000000ee500000| Complete 
| 230|0x00000000ee600000, 0x00000000ee700000, 0x00000000ee700000|100%| E|CS|TAMS 0x00000000ee600000, 0x00000000ee600000| Complete 
| 231|0x00000000ee700000, 0x00000000ee800000, 0x00000000ee800000|100%| E|CS|TAMS 0x00000000ee700000, 0x00000000ee700000| Complete 
| 232|0x00000000ee800000, 0x00000000ee900000, 0x00000000ee900000|100%| E|CS|TAMS 0x00000000ee800000, 0x00000000ee800000| Complete 
| 233|0x00000000ee900000, 0x00000000eea00000, 0x00000000eea00000|100%| E|CS|TAMS 0x00000000ee900000, 0x00000000ee900000| Complete 
| 234|0x00000000eea00000, 0x00000000eeb00000, 0x00000000eeb00000|100%| E|CS|TAMS 0x00000000eea00000, 0x00000000eea00000| Complete 
| 235|0x00000000eeb00000, 0x00000000eec00000, 0x00000000eec00000|100%| E|CS|TAMS 0x00000000eeb00000, 0x00000000eeb00000| Complete 
| 236|0x00000000eec00000, 0x00000000eed00000, 0x00000000eed00000|100%| E|CS|TAMS 0x00000000eec00000, 0x00000000eec00000| Complete 
| 237|0x00000000eed00000, 0x00000000eee00000, 0x00000000eee00000|100%| E|CS|TAMS 0x00000000eed00000, 0x00000000eed00000| Complete 
| 238|0x00000000eee00000, 0x00000000eef00000, 0x00000000eef00000|100%| E|CS|TAMS 0x00000000eee00000, 0x00000000eee00000| Complete 
| 239|0x00000000eef00000, 0x00000000ef000000, 0x00000000ef000000|100%| E|CS|TAMS 0x00000000eef00000, 0x00000000eef00000| Complete 
| 240|0x00000000ef000000, 0x00000000ef100000, 0x00000000ef100000|100%| E|CS|TAMS 0x00000000ef000000, 0x00000000ef000000| Complete 
| 241|0x00000000ef100000, 0x00000000ef200000, 0x00000000ef200000|100%| E|CS|TAMS 0x00000000ef100000, 0x00000000ef100000| Complete 
| 242|0x00000000ef200000, 0x00000000ef300000, 0x00000000ef300000|100%| E|CS|TAMS 0x00000000ef200000, 0x00000000ef200000| Complete 
| 243|0x00000000ef300000, 0x00000000ef400000, 0x00000000ef400000|100%| E|CS|TAMS 0x00000000ef300000, 0x00000000ef300000| Complete 
| 244|0x00000000ef400000, 0x00000000ef500000, 0x00000000ef500000|100%| E|CS|TAMS 0x00000000ef400000, 0x00000000ef400000| Complete 
| 245|0x00000000ef500000, 0x00000000ef600000, 0x00000000ef600000|100%| E|CS|TAMS 0x00000000ef500000, 0x00000000ef500000| Complete 
| 246|0x00000000ef600000, 0x00000000ef700000, 0x00000000ef700000|100%| E|CS|TAMS 0x00000000ef600000, 0x00000000ef600000| Complete 
| 247|0x00000000ef700000, 0x00000000ef800000, 0x00000000ef800000|100%| E|CS|TAMS 0x00000000ef700000, 0x00000000ef700000| Complete 
| 248|0x00000000ef800000, 0x00000000ef900000, 0x00000000ef900000|100%| E|CS|TAMS 0x00000000ef800000, 0x00000000ef800000| Complete 
| 249|0x00000000ef900000, 0x00000000efa00000, 0x00000000efa00000|100%| E|CS|TAMS 0x00000000ef900000, 0x00000000ef900000| Complete 
| 250|0x00000000efa00000, 0x00000000efb00000, 0x00000000efb00000|100%| E|CS|TAMS 0x00000000efa00000, 0x00000000efa00000| Complete 
| 251|0x00000000efb00000, 0x00000000efc00000, 0x00000000efc00000|100%| E|CS|TAMS 0x00000000efb00000, 0x00000000efb00000| Complete 
| 252|0x00000000efc00000, 0x00000000efd00000, 0x00000000efd00000|100%| E|CS|TAMS 0x00000000efc00000, 0x00000000efc00000| Complete 
| 253|0x00000000efd00000, 0x00000000efe00000, 0x00000000efe00000|100%| E|CS|TAMS 0x00000000efd00000, 0x00000000efd00000| Complete 
| 254|0x00000000efe00000, 0x00000000eff00000, 0x00000000eff00000|100%| E|CS|TAMS 0x00000000efe00000, 0x00000000efe00000| Complete 
| 255|0x00000000eff00000, 0x00000000f0000000, 0x00000000f0000000|100%| E|CS|TAMS 0x00000000eff00000, 0x00000000eff00000| Complete 

Card table byte_map: [0x0000019b784e0000,0x0000019b785e0000] _byte_map_base: 0x0000019b77de0000

Marking Bits (Prev, Next): (CMBitMap*) 0x0000019b6e40ce10, (CMBitMap*) 0x0000019b6e40ce50
 Prev Bits: [0x0000019b786e0000, 0x0000019b78ee0000)
 Next Bits: [0x0000019b78ee0000, 0x0000019b796e0000)

Polling page: 0x0000019b6e4c0000

Metaspace:

Usage:
  Non-class:     38.63 MB used.
      Class:      6.37 MB used.
       Both:     45.00 MB used.

Virtual space:
  Non-class space:       40.00 MB reserved,      39.00 MB ( 98%) committed,  5 nodes.
      Class space:      208.00 MB reserved,       6.69 MB (  3%) committed,  1 nodes.
             Both:      248.00 MB reserved,      45.69 MB ( 18%) committed. 

Chunk freelists:
   Non-Class:  932.00 KB
       Class:  1.27 MB
        Both:  2.18 MB

MaxMetaspaceSize: 256.00 MB
CompressedClassSpaceSize: 208.00 MB
Initial GC threshold: 21.00 MB
Current GC threshold: 58.88 MB
CDS: on
MetaspaceReclaimPolicy: balanced
 - commit_granule_bytes: 65536.
 - commit_granule_words: 8192.
 - virtual_space_node_default_size: 1048576.
 - enlarge_chunks_in_place: 1.
 - new_chunks_are_fully_committed: 0.
 - uncommit_free_chunks: 1.
 - use_allocation_guard: 0.
 - handle_deallocations: 1.


Internal statistics:

num_allocs_failed_limit: 6.
num_arena_births: 638.
num_arena_deaths: 0.
num_vsnodes_births: 6.
num_vsnodes_deaths: 0.
num_space_committed: 731.
num_space_uncommitted: 0.
num_chunks_returned_to_freelist: 6.
num_chunks_taken_from_freelist: 2459.
num_chunk_merges: 6.
num_chunk_splits: 1582.
num_chunks_enlarged: 988.
num_purges: 0.
num_inconsistent_stats: 0.

CodeHeap 'non-profiled nmethods': size=119168Kb used=3250Kb max_used=3250Kb free=115917Kb
 bounds [0x0000019b07ba0000, 0x0000019b07ef0000, 0x0000019b0f000000]
CodeHeap 'profiled nmethods': size=119104Kb used=11204Kb max_used=11650Kb free=107899Kb
 bounds [0x0000019b00750000, 0x0000019b012c0000, 0x0000019b07ba0000]
CodeHeap 'non-nmethods': size=7488Kb used=4019Kb max_used=4174Kb free=3468Kb
 bounds [0x0000019b00000000, 0x0000019b00420000, 0x0000019b00750000]
 total_blobs=6386 nmethods=5540 adapters=755
 compilation: enabled
              stopped_count=0, restarted_count=0
 full_count=0

Compilation events (20 events):
Event: 3.785 Thread 0x0000019b7d123ed0 nmethod 6326 0x0000019b00863f10 code [0x0000019b008640e0, 0x0000019b008644f8]
Event: 3.785 Thread 0x0000019b7d123ed0 6327       3       org.codehaus.groovy.runtime.metaclass.MetaMethodIndex::copyNonPrivateNonNewMetaMethods (24 bytes)
Event: 3.785 Thread 0x0000019b7d123ed0 nmethod 6327 0x0000019b00863a10 code [0x0000019b00863bc0, 0x0000019b00863de8]
Event: 3.786 Thread 0x0000019b7d123ed0 6328       3       jdk.internal.loader.URLClassPath$JarLoader::validIndex (94 bytes)
Event: 3.786 Thread 0x0000019b7d123ed0 nmethod 6328 0x0000019b00795910 code [0x0000019b00795c00, 0x0000019b00796b48]
Event: 3.794 Thread 0x0000019b7d123ed0 6335       3       org.gradle.internal.metaobject.DynamicInvokeResult::found (19 bytes)
Event: 3.795 Thread 0x0000019b7d123ed0 nmethod 6335 0x0000019b00863310 code [0x0000019b008634c0, 0x0000019b008637d8]
Event: 3.795 Thread 0x0000019b7d1239c0 6336       3       org.gradle.internal.metaobject.DynamicInvokeResult::notFound (4 bytes)
Event: 3.795 Thread 0x0000019b7d1239c0 nmethod 6336 0x0000019b0094ff90 code [0x0000019b00950120, 0x0000019b00950218]
Event: 3.795 Thread 0x0000019b7fb27090 6331       4       java.util.zip.ZipEntry::<init> (84 bytes)
Event: 3.796 Thread 0x0000019b7fb27090 nmethod 6331 0x0000019b07df7690 code [0x0000019b07df7800, 0x0000019b07df79d8]
Event: 3.796 Thread 0x0000019b7fb27090 6330       4       java.util.zip.ZipFile::getZipEntry (322 bytes)
Event: 3.799 Thread 0x0000019b7d123ed0 6337       3       java.util.Arrays::sort (37 bytes)
Event: 3.799 Thread 0x0000019b7d123ed0 nmethod 6337 0x0000019b00795490 code [0x0000019b00795640, 0x0000019b00795838]
Event: 3.799 Thread 0x0000019b7d123ed0 6338       3       groovy.lang.Closure::<init> (52 bytes)
Event: 3.800 Thread 0x0000019b7d123ed0 nmethod 6338 0x0000019b0094d090 code [0x0000019b0094d300, 0x0000019b0094e0d8]
Event: 3.800 Thread 0x0000019b7d123ed0 6339       3       org.gradle.internal.metaobject.DynamicInvokeResult::getValue (22 bytes)
Event: 3.801 Thread 0x0000019b7d123ed0 nmethod 6339 0x0000019b00794e90 code [0x0000019b00795040, 0x0000019b00795348]
Event: 3.801 Thread 0x0000019b7d1239c0 6340       3       java.security.ProtectionDomain$Key::<init> (5 bytes)
Event: 3.801 Thread 0x0000019b7d1239c0 nmethod 6340 0x0000019b00794b10 code [0x0000019b00794ca0, 0x0000019b00794df8]

GC Heap History (10 events):
Event: 0.337 GC heap before
{Heap before GC invocations=0 (full 0):
 garbage-first heap   total 262144K, used 28672K [0x00000000e0000000, 0x0000000100000000)
  region size 1024K, 23 young (23552K), 0 survivors (0K)
 Metaspace       used 3016K, committed 3200K, reserved 221184K
  class space    used 381K, committed 448K, reserved 212992K
}
Event: 0.340 GC heap after
{Heap after GC invocations=1 (full 0):
 garbage-first heap   total 262144K, used 9497K [0x00000000e0000000, 0x0000000100000000)
  region size 1024K, 3 young (3072K), 3 survivors (3072K)
 Metaspace       used 3016K, committed 3200K, reserved 221184K
  class space    used 381K, committed 448K, reserved 212992K
}
Event: 0.559 GC heap before
{Heap before GC invocations=1 (full 0):
 garbage-first heap   total 262144K, used 40217K [0x00000000e0000000, 0x0000000100000000)
  region size 1024K, 32 young (32768K), 3 survivors (3072K)
 Metaspace       used 3967K, committed 4160K, reserved 221184K
  class space    used 477K, committed 576K, reserved 212992K
}
Event: 0.561 GC heap after
{Heap after GC invocations=2 (full 0):
 garbage-first heap   total 262144K, used 13270K [0x00000000e0000000, 0x0000000100000000)
  region size 1024K, 4 young (4096K), 4 survivors (4096K)
 Metaspace       used 3967K, committed 4160K, reserved 221184K
  class space    used 477K, committed 576K, reserved 212992K
}
Event: 1.743 GC heap before
{Heap before GC invocations=2 (full 0):
 garbage-first heap   total 262144K, used 115670K [0x00000000e0000000, 0x0000000100000000)
  region size 1024K, 105 young (107520K), 4 survivors (4096K)
 Metaspace       used 21249K, committed 21504K, reserved 237568K
  class space    used 3160K, committed 3264K, reserved 212992K
}
Event: 1.746 GC heap after
{Heap after GC invocations=3 (full 0):
 garbage-first heap   total 262144K, used 20801K [0x00000000e0000000, 0x0000000100000000)
  region size 1024K, 12 young (12288K), 12 survivors (12288K)
 Metaspace       used 21249K, committed 21504K, reserved 237568K
  class space    used 3160K, committed 3264K, reserved 212992K
}
Event: 2.633 GC heap before
{Heap before GC invocations=4 (full 0):
 garbage-first heap   total 262144K, used 133441K [0x00000000e0000000, 0x0000000100000000)
  region size 1024K, 120 young (122880K), 12 survivors (12288K)
 Metaspace       used 35731K, committed 36096K, reserved 245760K
  class space    used 4904K, committed 5120K, reserved 212992K
}
Event: 2.640 GC heap after
{Heap after GC invocations=5 (full 0):
 garbage-first heap   total 262144K, used 31497K [0x00000000e0000000, 0x0000000100000000)
  region size 1024K, 17 young (17408K), 17 survivors (17408K)
 Metaspace       used 35731K, committed 36096K, reserved 245760K
  class space    used 4904K, committed 5120K, reserved 212992K
}
Event: 3.680 GC heap before
{Heap before GC invocations=6 (full 0):
 garbage-first heap   total 262144K, used 173833K [0x00000000e0000000, 0x0000000100000000)
  region size 1024K, 153 young (156672K), 17 survivors (17408K)
 Metaspace       used 45444K, committed 46144K, reserved 253952K
  class space    used 6410K, committed 6720K, reserved 212992K
}
Event: 3.692 GC heap after
{Heap after GC invocations=7 (full 0):
 garbage-first heap   total 262144K, used 48954K [0x00000000e0000000, 0x0000000100000000)
  region size 1024K, 20 young (20480K), 20 survivors (20480K)
 Metaspace       used 45444K, committed 46144K, reserved 253952K
  class space    used 6410K, committed 6720K, reserved 212992K
}

Deoptimization events (20 events):
Event: 3.637 Thread 0x0000019b7f6b5bd0 DEOPT PACKING pc=0x0000019b07c1e180 sp=0x00000012106f2340
Event: 3.637 Thread 0x0000019b7f6b5bd0 DEOPT UNPACKING pc=0x0000019b000523a3 sp=0x00000012106f22e8 mode 2
Event: 3.694 Thread 0x0000019b7f6b5bd0 DEOPT PACKING pc=0x0000019b01291771 sp=0x00000012106f3800
Event: 3.694 Thread 0x0000019b7f6b5bd0 DEOPT UNPACKING pc=0x0000019b00052b43 sp=0x00000012106f2c60 mode 0
Event: 3.720 Thread 0x0000019b7f6b5bd0 Uncommon trap: trap_request=0xffffff45 fr.pc=0x0000019b07dac4e4 relative=0x0000000000000644
Event: 3.720 Thread 0x0000019b7f6b5bd0 Uncommon trap: reason=unstable_if action=reinterpret pc=0x0000019b07dac4e4 method=groovy.lang.MetaClassImpl.filterPropertyMethod(Ljava/lang/Object;ZZ)Ljava/lang/Object; @ 60 c2
Event: 3.720 Thread 0x0000019b7f6b5bd0 DEOPT PACKING pc=0x0000019b07dac4e4 sp=0x00000012106f37d0
Event: 3.720 Thread 0x0000019b7f6b5bd0 DEOPT UNPACKING pc=0x0000019b000523a3 sp=0x00000012106f3730 mode 2
Event: 3.767 Thread 0x0000019b7f6b5bd0 Uncommon trap: trap_request=0xffffff45 fr.pc=0x0000019b07bf04f8 relative=0x0000000000000ff8
Event: 3.767 Thread 0x0000019b7f6b5bd0 Uncommon trap: reason=unstable_if action=reinterpret pc=0x0000019b07bf04f8 method=groovy.lang.MetaClassImpl.checkIfStdMethod(Lgroovy/lang/MetaMethod;)V @ 167 c2
Event: 3.767 Thread 0x0000019b7f6b5bd0 DEOPT PACKING pc=0x0000019b07bf04f8 sp=0x00000012106f1330
Event: 3.767 Thread 0x0000019b7f6b5bd0 DEOPT UNPACKING pc=0x0000019b000523a3 sp=0x00000012106f12a0 mode 2
Event: 3.770 Thread 0x0000019b7f6b5bd0 Uncommon trap: trap_request=0xffffff45 fr.pc=0x0000019b07e15a44 relative=0x0000000000000c84
Event: 3.770 Thread 0x0000019b7f6b5bd0 Uncommon trap: reason=unstable_if action=reinterpret pc=0x0000019b07e15a44 method=groovy.lang.MetaClassImpl.checkIfStdMethod(Lgroovy/lang/MetaMethod;)V @ 167 c2
Event: 3.770 Thread 0x0000019b7f6b5bd0 DEOPT PACKING pc=0x0000019b07e15a44 sp=0x00000012106f12d0
Event: 3.770 Thread 0x0000019b7f6b5bd0 DEOPT UNPACKING pc=0x0000019b000523a3 sp=0x00000012106f12a8 mode 2
Event: 3.796 Thread 0x0000019b7f6b5bd0 Uncommon trap: trap_request=0xffffff45 fr.pc=0x0000019b07eca44c relative=0x00000000000051ec
Event: 3.796 Thread 0x0000019b7f6b5bd0 Uncommon trap: reason=unstable_if action=reinterpret pc=0x0000019b07eca44c method=java.util.jar.JarFile.maybeInstantiateVerifier()V @ 4 c2
Event: 3.796 Thread 0x0000019b7f6b5bd0 DEOPT PACKING pc=0x0000019b07eca44c sp=0x00000012106f4050
Event: 3.796 Thread 0x0000019b7f6b5bd0 DEOPT UNPACKING pc=0x0000019b000523a3 sp=0x00000012106f3ca8 mode 2

Classes unloaded (0 events):
No events

Classes redefined (0 events):
No events

Internal exceptions (20 events):
Event: 3.747 Thread 0x0000019b7f6b5bd0 Exception <a 'java/lang/ClassNotFoundException'{0x00000000ef507ec0}: org/gradle/api/DefaultTaskCustomizer> (0x00000000ef507ec0) 
thrown [t:\workspace\open\src\hotspot\share\classfile\systemDictionary.cpp, line 256]
Event: 3.748 Thread 0x0000019b7f6b5bd0 Exception <a 'java/lang/ClassNotFoundException'{0x00000000ef578fd0}: org/gradle/api/DefaultTask_DecoratedCustomizer> (0x00000000ef578fd0) 
thrown [t:\workspace\open\src\hotspot\share\classfile\systemDictionary.cpp, line 256]
Event: 3.761 Thread 0x0000019b7f6b5bd0 Exception <a 'java/lang/ClassNotFoundException'{0x00000000ef32d9c0}: groovy/lang/GString$1BeanInfo> (0x00000000ef32d9c0) 
thrown [t:\workspace\open\src\hotspot\share\classfile\systemDictionary.cpp, line 256]
Event: 3.762 Thread 0x0000019b7f6b5bd0 Exception <a 'java/lang/ClassNotFoundException'{0x00000000ef359038}: groovy/lang/GStringBeanInfo> (0x00000000ef359038) 
thrown [t:\workspace\open\src\hotspot\share\classfile\systemDictionary.cpp, line 256]
Event: 3.762 Thread 0x0000019b7f6b5bd0 Exception <a 'java/lang/ClassNotFoundException'{0x00000000ef3848e0}: groovy/lang/GStringCustomizer> (0x00000000ef3848e0) 
thrown [t:\workspace\open\src\hotspot\share\classfile\systemDictionary.cpp, line 256]
Event: 3.763 Thread 0x0000019b7f6b5bd0 Exception <a 'java/lang/ClassNotFoundException'{0x00000000ef3ba400}: groovy/lang/GString$1Customizer> (0x00000000ef3ba400) 
thrown [t:\workspace\open\src\hotspot\share\classfile\systemDictionary.cpp, line 256]
Event: 3.764 Thread 0x0000019b7f6b5bd0 Exception <a 'java/lang/ClassNotFoundException'{0x00000000ef3d7ff0}: jdk/proxy2/$Proxy55BeanInfo> (0x00000000ef3d7ff0) 
thrown [t:\workspace\open\src\hotspot\share\classfile\systemDictionary.cpp, line 256]
Event: 3.764 Thread 0x0000019b7f6b5bd0 Exception <a 'java/lang/ClassNotFoundException'{0x00000000ef3e0e58}: java/lang/reflect/ProxyBeanInfo> (0x00000000ef3e0e58) 
thrown [t:\workspace\open\src\hotspot\share\classfile\systemDictionary.cpp, line 256]
Event: 3.765 Thread 0x0000019b7f6b5bd0 Exception <a 'java/lang/ClassNotFoundException'{0x00000000ef3e9cb8}: java/lang/reflect/ProxyCustomizer> (0x00000000ef3e9cb8) 
thrown [t:\workspace\open\src\hotspot\share\classfile\systemDictionary.cpp, line 256]
Event: 3.765 Thread 0x0000019b7f6b5bd0 Exception <a 'java/lang/ClassNotFoundException'{0x00000000ef3f8c50}: jdk/proxy2/$Proxy55Customizer> (0x00000000ef3f8c50) 
thrown [t:\workspace\open\src\hotspot\share\classfile\systemDictionary.cpp, line 256]
Event: 3.778 Thread 0x0000019b7f6b5bd0 Exception <a 'java/lang/ClassNotFoundException'{0x00000000ef137e10}: java/lang/IntegerBeanInfo> (0x00000000ef137e10) 
thrown [t:\workspace\open\src\hotspot\share\classfile\systemDictionary.cpp, line 256]
Event: 3.778 Thread 0x0000019b7f6b5bd0 Exception <a 'java/lang/ClassNotFoundException'{0x00000000ef141930}: java/lang/NumberBeanInfo> (0x00000000ef141930) 
thrown [t:\workspace\open\src\hotspot\share\classfile\systemDictionary.cpp, line 256]
Event: 3.779 Thread 0x0000019b7f6b5bd0 Exception <a 'java/lang/ClassNotFoundException'{0x00000000ef14b448}: java/lang/NumberCustomizer> (0x00000000ef14b448) 
thrown [t:\workspace\open\src\hotspot\share\classfile\systemDictionary.cpp, line 256]
Event: 3.779 Thread 0x0000019b7f6b5bd0 Exception <a 'java/lang/ClassNotFoundException'{0x00000000ef157a80}: java/lang/IntegerCustomizer> (0x00000000ef157a80) 
thrown [t:\workspace\open\src\hotspot\share\classfile\systemDictionary.cpp, line 256]
Event: 3.789 Thread 0x0000019b7f6b5bd0 Exception <a 'java/lang/ClassNotFoundException'{0x00000000eed60788}: org/codehaus/groovy/runtime/GStringImplBeanInfo> (0x00000000eed60788) 
thrown [t:\workspace\open\src\hotspot\share\classfile\systemDictionary.cpp, line 256]
Event: 3.791 Thread 0x0000019b7f6b5bd0 Exception <a 'java/lang/ClassNotFoundException'{0x00000000eea059f0}: org/codehaus/groovy/runtime/GStringImplCustomizer> (0x00000000eea059f0) 
thrown [t:\workspace\open\src\hotspot\share\classfile\systemDictionary.cpp, line 256]
Event: 3.798 Thread 0x0000019b7f6b5bd0 Exception <a 'java/lang/ClassNotFoundException'{0x00000000eea59528}: com/github/jengelman/gradle/plugins/shadow/ShadowPluginBeanInfo> (0x00000000eea59528) 
thrown [t:\workspace\open\src\hotspot\share\classfile\systemDictionary.cpp, line 256]
Event: 3.798 Thread 0x0000019b7f6b5bd0 Exception <a 'java/lang/ClassNotFoundException'{0x00000000eea662f8}: com/github/jengelman/gradle/plugins/shadow/ShadowPluginCustomizer> (0x00000000eea662f8) 
thrown [t:\workspace\open\src\hotspot\share\classfile\systemDictionary.cpp, line 256]
Event: 3.803 Thread 0x0000019b7f6b5bd0 Exception <a 'java/lang/ClassNotFoundException'{0x00000000eeabdf50}: com/github/jengelman/gradle/plugins/shadow/ShadowBasePluginBeanInfo> (0x00000000eeabdf50) 
thrown [t:\workspace\open\src\hotspot\share\classfile\systemDictionary.cpp, line 256]
Event: 3.804 Thread 0x0000019b7f6b5bd0 Exception <a 'java/lang/ClassNotFoundException'{0x00000000eeacbfd0}: com/github/jengelman/gradle/plugins/shadow/ShadowBasePluginCustomizer> (0x00000000eeacbfd0) 
thrown [t:\workspace\open\src\hotspot\share\classfile\systemDictionary.cpp, line 256]

VM Operations (20 events):
Event: 2.891 Executing VM operation: ICBufferFull
Event: 2.891 Executing VM operation: ICBufferFull done
Event: 3.005 Executing VM operation: ICBufferFull
Event: 3.005 Executing VM operation: ICBufferFull done
Event: 3.075 Executing VM operation: HandshakeAllThreads
Event: 3.075 Executing VM operation: HandshakeAllThreads done
Event: 3.076 Executing VM operation: ICBufferFull
Event: 3.076 Executing VM operation: ICBufferFull done
Event: 3.084 Executing VM operation: HandshakeAllThreads
Event: 3.084 Executing VM operation: HandshakeAllThreads done
Event: 3.089 Executing VM operation: HandshakeAllThreads
Event: 3.089 Executing VM operation: HandshakeAllThreads done
Event: 3.270 Executing VM operation: ICBufferFull
Event: 3.270 Executing VM operation: ICBufferFull done
Event: 3.317 Executing VM operation: HandshakeAllThreads
Event: 3.318 Executing VM operation: HandshakeAllThreads done
Event: 3.640 Executing VM operation: ICBufferFull
Event: 3.640 Executing VM operation: ICBufferFull done
Event: 3.680 Executing VM operation: G1CollectForAllocation
Event: 3.692 Executing VM operation: G1CollectForAllocation done

Events (20 events):
Event: 3.778 loading class java/lang/IntegerBeanInfo done
Event: 3.778 loading class java/lang/IntegerBeanInfo
Event: 3.778 loading class java/lang/IntegerBeanInfo done
Event: 3.778 loading class java/lang/NumberBeanInfo
Event: 3.778 loading class java/lang/NumberBeanInfo done
Event: 3.778 loading class java/lang/NumberBeanInfo
Event: 3.778 loading class java/lang/NumberBeanInfo done
Event: 3.778 loading class java/lang/NumberCustomizer
Event: 3.778 loading class java/lang/NumberCustomizer done
Event: 3.779 loading class java/lang/NumberCustomizer
Event: 3.779 loading class java/lang/NumberCustomizer done
Event: 3.779 loading class java/lang/IntegerCustomizer
Event: 3.779 loading class java/lang/IntegerCustomizer done
Event: 3.779 loading class java/lang/IntegerCustomizer
Event: 3.779 loading class java/lang/IntegerCustomizer done
Event: 3.779 loading class jdk/internal/ValueBased
Event: 3.779 loading class jdk/internal/ValueBased done
Event: 3.782 loading class java/util/Stack
Event: 3.783 loading class java/util/Stack done
Event: 3.795 Thread 0x0000019b7fb27090 Thread added: 0x0000019b7fb27090


Dynamic libraries:
0x00007ff686810000 - 0x00007ff686820000 	C:\Program Files\Java\jdk-17.0.2\bin\java.exe
0x00007ff8ee250000 - 0x00007ff8ee448000 	C:\Windows\SYSTEM32\ntdll.dll
0x00007ff8edd00000 - 0x00007ff8eddbd000 	C:\Windows\System32\KERNEL32.DLL
0x00007ff8ebcb0000 - 0x00007ff8ebf82000 	C:\Windows\System32\KERNELBASE.dll
0x00007ff8eba70000 - 0x00007ff8ebb70000 	C:\Windows\System32\ucrtbase.dll
0x00007ff8cf850000 - 0x00007ff8cf868000 	C:\Program Files\Java\jdk-17.0.2\bin\jli.dll
0x00007ff8d5a00000 - 0x00007ff8d5a1a000 	C:\Program Files\Java\jdk-17.0.2\bin\VCRUNTIME140.dll
0x00007ff8ed490000 - 0x00007ff8ed53e000 	C:\Windows\System32\ADVAPI32.dll
0x00007ff8ec310000 - 0x00007ff8ec3ae000 	C:\Windows\System32\msvcrt.dll
0x00007ff8edac0000 - 0x00007ff8edb5c000 	C:\Windows\System32\sechost.dll
0x00007ff8ed360000 - 0x00007ff8ed485000 	C:\Windows\System32\RPCRT4.dll
0x00007ff8edb60000 - 0x00007ff8edcfd000 	C:\Windows\System32\USER32.dll
0x00007ff8eb9f0000 - 0x00007ff8eba12000 	C:\Windows\System32\win32u.dll
0x00007ff8d5ad0000 - 0x00007ff8d5d6a000 	C:\Windows\WinSxS\amd64_microsoft.windows.common-controls_6595b64144ccf1df_6.0.19041.1110_none_60b5254171f9507e\COMCTL32.dll
0x00007ff8ee1e0000 - 0x00007ff8ee20b000 	C:\Windows\System32\GDI32.dll
0x00007ff8ec1a0000 - 0x00007ff8ec2af000 	C:\Windows\System32\gdi32full.dll
0x00007ff8ebc10000 - 0x00007ff8ebcad000 	C:\Windows\System32\msvcp_win.dll
0x00007ff8e1970000 - 0x00007ff8e197a000 	C:\Windows\SYSTEM32\VERSION.dll
0x00007ff8eddc0000 - 0x00007ff8eddf0000 	C:\Windows\System32\IMM32.DLL
0x00007ff8dcc80000 - 0x00007ff8dcc8c000 	C:\Program Files\Java\jdk-17.0.2\bin\vcruntime140_1.dll
0x00007ff8b4ae0000 - 0x00007ff8b4b6d000 	C:\Program Files\Java\jdk-17.0.2\bin\msvcp140.dll
0x00007ff88ffe0000 - 0x00007ff890ba1000 	C:\Program Files\Java\jdk-17.0.2\bin\server\jvm.dll
0x00007ff8ed2e0000 - 0x00007ff8ed2e8000 	C:\Windows\System32\PSAPI.DLL
0x00007ff8d14f0000 - 0x00007ff8d14f9000 	C:\Windows\SYSTEM32\WSOCK32.dll
0x00007ff8d4630000 - 0x00007ff8d4657000 	C:\Windows\SYSTEM32\WINMM.dll
0x00007ff8edfe0000 - 0x00007ff8ee04b000 	C:\Windows\System32\WS2_32.dll
0x00007ff8ea1b0000 - 0x00007ff8ea1c2000 	C:\Windows\SYSTEM32\kernel.appcore.dll
0x00007ff8d5eb0000 - 0x00007ff8d5eba000 	C:\Program Files\Java\jdk-17.0.2\bin\jimage.dll
0x00007ff8e9ec0000 - 0x00007ff8ea0a4000 	C:\Windows\SYSTEM32\DBGHELP.DLL
0x00007ff8df330000 - 0x00007ff8df35c000 	C:\Windows\SYSTEM32\dbgcore.DLL
0x00007ff8eb960000 - 0x00007ff8eb9e2000 	C:\Windows\System32\bcryptPrimitives.dll
0x00007ff8c68b0000 - 0x00007ff8c68d5000 	C:\Program Files\Java\jdk-17.0.2\bin\java.dll
0x00007ff8b3820000 - 0x00007ff8b38f6000 	C:\Program Files\Java\jdk-17.0.2\bin\jsvml.dll
0x00007ff8ec3b0000 - 0x00007ff8ecaf3000 	C:\Windows\System32\SHELL32.dll
0x00007ff8e9660000 - 0x00007ff8e9df1000 	C:\Windows\SYSTEM32\windows.storage.dll
0x00007ff8ed540000 - 0x00007ff8ed894000 	C:\Windows\System32\combase.dll
0x00007ff8eb3c0000 - 0x00007ff8eb3f0000 	C:\Windows\SYSTEM32\Wldp.dll
0x00007ff8ecf70000 - 0x00007ff8ed01d000 	C:\Windows\System32\SHCORE.dll
0x00007ff8ed300000 - 0x00007ff8ed355000 	C:\Windows\System32\shlwapi.dll
0x00007ff8eb8a0000 - 0x00007ff8eb8bf000 	C:\Windows\SYSTEM32\profapi.dll
0x00007ff8cf6d0000 - 0x00007ff8cf6e9000 	C:\Program Files\Java\jdk-17.0.2\bin\net.dll
0x00007ff8e3190000 - 0x00007ff8e329d000 	C:\Windows\SYSTEM32\WINHTTP.dll
0x00007ff8eb120000 - 0x00007ff8eb18a000 	C:\Windows\system32\mswsock.dll
0x00007ff8c8680000 - 0x00007ff8c8696000 	C:\Program Files\Java\jdk-17.0.2\bin\nio.dll
0x00007ff8c6890000 - 0x00007ff8c68a8000 	C:\Program Files\Java\jdk-17.0.2\bin\zip.dll
0x00007ff8c6590000 - 0x00007ff8c65a0000 	C:\Program Files\Java\jdk-17.0.2\bin\verify.dll
0x00007ff8d9830000 - 0x00007ff8d9857000 	C:\Users\Asus\.gradle\native\e1d6ef7f7dcc3fd88c89a11ec53ec762bb8ba0a96d01ffa2cd45eb1d1d8dd5c5\windows-amd64\native-platform.dll
0x00007ff8bfbd0000 - 0x00007ff8bfd14000 	C:\Users\Asus\.gradle\native\0d407fdbe67a94daf76414ababcb853783967236a71b16ec16e742cd7a986fd3\windows-amd64\native-platform-file-events.dll
0x00007ff8dd0e0000 - 0x00007ff8dd0e9000 	C:\Program Files\Java\jdk-17.0.2\bin\management.dll
0x00007ff8dcdb0000 - 0x00007ff8dcdbb000 	C:\Program Files\Java\jdk-17.0.2\bin\management_ext.dll
0x00007ff8eb310000 - 0x00007ff8eb328000 	C:\Windows\SYSTEM32\CRYPTSP.dll
0x00007ff8ea9d0000 - 0x00007ff8eaa04000 	C:\Windows\system32\rsaenh.dll
0x00007ff8ebb70000 - 0x00007ff8ebb97000 	C:\Windows\System32\bcrypt.dll
0x00007ff8eb860000 - 0x00007ff8eb88e000 	C:\Windows\SYSTEM32\USERENV.dll
0x00007ff8eb330000 - 0x00007ff8eb33c000 	C:\Windows\SYSTEM32\CRYPTBASE.dll
0x00007ff8eadc0000 - 0x00007ff8eadfb000 	C:\Windows\SYSTEM32\IPHLPAPI.DLL
0x00007ff8ed2f0000 - 0x00007ff8ed2f8000 	C:\Windows\System32\NSI.dll
0x00007ff8e0dc0000 - 0x00007ff8e0dd7000 	C:\Windows\SYSTEM32\dhcpcsvc6.DLL
0x00007ff8e0da0000 - 0x00007ff8e0dbd000 	C:\Windows\SYSTEM32\dhcpcsvc.DLL
0x00007ff8eae10000 - 0x00007ff8eaeda000 	C:\Windows\SYSTEM32\DNSAPI.dll
0x00007ff8dccf0000 - 0x00007ff8dccfe000 	C:\Program Files\Java\jdk-17.0.2\bin\sunmscapi.dll
0x00007ff8ec040000 - 0x00007ff8ec196000 	C:\Windows\System32\CRYPT32.dll
0x00007ff8eb430000 - 0x00007ff8eb457000 	C:\Windows\SYSTEM32\ncrypt.dll
0x00007ff8eb3f0000 - 0x00007ff8eb42b000 	C:\Windows\SYSTEM32\NTASN1.dll
0x00007ff8d5ec0000 - 0x00007ff8d5ec7000 	C:\Windows\system32\wshunix.dll

dbghelp: loaded successfully - version: 4.0.5 - missing functions: none
symbol engine: initialized successfully - sym options: 0x614 - pdb path: .;C:\Program Files\Java\jdk-17.0.2\bin;C:\Windows\SYSTEM32;C:\Windows\WinSxS\amd64_microsoft.windows.common-controls_6595b64144ccf1df_6.0.19041.1110_none_60b5254171f9507e;C:\Program Files\Java\jdk-17.0.2\bin\server;C:\Users\Asus\.gradle\native\e1d6ef7f7dcc3fd88c89a11ec53ec762bb8ba0a96d01ffa2cd45eb1d1d8dd5c5\windows-amd64;C:\Users\Asus\.gradle\native\0d407fdbe67a94daf76414ababcb853783967236a71b16ec16e742cd7a986fd3\windows-amd64

VM Arguments:
jvm_args: --add-opens=java.base/java.util=ALL-UNNAMED --add-opens=java.base/java.lang=ALL-UNNAMED --add-opens=java.base/java.lang.invoke=ALL-UNNAMED --add-opens=java.base/java.util=ALL-UNNAMED --add-opens=java.prefs/java.util.prefs=ALL-UNNAMED --add-opens=java.prefs/java.util.prefs=ALL-UNNAMED --add-opens=java.base/java.nio.charset=ALL-UNNAMED --add-opens=java.base/java.net=ALL-UNNAMED --add-opens=java.base/java.util.concurrent.atomic=ALL-UNNAMED -XX:MaxMetaspaceSize=256m -XX:+HeapDumpOnOutOfMemoryError -Xms256m -Xmx512m -Dfile.encoding=UTF-8 -Duser.country=US -Duser.language=en -Duser.variant 
java_command: org.gradle.launcher.daemon.bootstrap.GradleDaemon 7.5.1
java_class_path (initial): C:\Users\Asus\.gradle\wrapper\dists\gradle-7.5.1-bin\7jzzequgds1hbszbhq3npc5ng\gradle-7.5.1\lib\gradle-launcher-7.5.1.jar
Launcher Type: SUN_STANDARD

[Global flags]
     intx CICompilerCount                          = 12                                        {product} {ergonomic}
   size_t CompressedClassSpaceSize                 = 218103808                                 {product} {ergonomic}
     uint ConcGCThreads                            = 3                                         {product} {ergonomic}
     uint G1ConcRefinementThreads                  = 13                                        {product} {ergonomic}
   size_t G1HeapRegionSize                         = 1048576                                   {product} {ergonomic}
    uintx GCDrainStackTargetSize                   = 64                                        {product} {ergonomic}
     bool HeapDumpOnOutOfMemoryError               = true                                   {manageable} {command line}
   size_t InitialHeapSize                          = 268435456                                 {product} {command line}
   size_t MarkStackSize                            = 4194304                                   {product} {ergonomic}
   size_t MaxHeapSize                              = 536870912                                 {product} {command line}
   size_t MaxMetaspaceSize                         = 268435456                                 {product} {command line}
   size_t MaxNewSize                               = 321912832                                 {product} {ergonomic}
   size_t MinHeapDeltaBytes                        = 1048576                                   {product} {ergonomic}
   size_t MinHeapSize                              = 268435456                                 {product} {command line}
    uintx NonNMethodCodeHeapSize                   = 7602480                                {pd product} {ergonomic}
    uintx NonProfiledCodeHeapSize                  = 122027880                              {pd product} {ergonomic}
    uintx ProfiledCodeHeapSize                     = 122027880                              {pd product} {ergonomic}
    uintx ReservedCodeCacheSize                    = 251658240                              {pd product} {ergonomic}
     bool SegmentedCodeCache                       = true                                      {product} {ergonomic}
   size_t SoftMaxHeapSize                          = 536870912                              {manageable} {ergonomic}
     bool UseCompressedClassPointers               = true                           {product lp64_product} {ergonomic}
     bool UseCompressedOops                        = true                           {product lp64_product} {ergonomic}
     bool UseG1GC                                  = true                                      {product} {ergonomic}
     bool UseLargePagesIndividualAllocation        = false                                  {pd product} {ergonomic}

Logging:
Log output configuration:
 #0: stdout all=warning uptime,level,tags
 #1: stderr all=off uptime,level,tags

Environment Variables:
PATH=C:\Program Files\Eclipse Adoptium\jdk-17.0.4.101-hotspot\bin;C:\Program Files\Eclipse Adoptium\jdk-8.0.345.1-hotspot\bin;C:\Program Files\Common Files\Oracle\Java\javapath;C:\Program Files (x86)\Common Files\Oracle\Java\javapath;C:\Windows\system32;C:\Windows;C:\Windows\System32\Wbem;C:\Windows\System32\WindowsPowerShell\v1.0\;C:\Windows\System32\OpenSSH\;C:\Program Files (x86)\NVIDIA Corporation\PhysX\Common;C:\Program Files\NVIDIA Corporation\NVIDIA NvDLISR;D:\Software\MatLab\runtime\win64;D:\Software\MatLab\bin;D:\Software\MatLab\polyspace\bin;D:\Software\WorldPainter;C:\Program Files\Common Files\Autodesk Shared\;C:\Program Files\Microsoft SQL Server\120\Tools\Binn\;D:\Software\Putty\;C:\Program Files\nodejs\;C:\Program Files (x86)\Microsoft SQL Server\150\DTS\Binn\;C:\Program Files\Azure Data Studio\bin;C:\ffmpeg;C:\Program Files\Git\cmd;C:\apache-maven-3.6.3\bin;C:\Program Files\WireGuard\;C:\Users\Asus\AppData\Local\Programs\Python\Python39\Scripts\;C:\Users\Asus\AppData\Local\Programs\Python\Python39\;C:\Users\Asus\AppData\Local\Microsoft\WindowsApps;C:\Users\Asus\AppData\Local\atom\bin;C:\Users\Asus\AppData\Roaming\npm;D:\Software\Microsoft VS Code\bin;C:\Program Files\Azure Data Studio\bin;D:\Software\IntelliJ IDEA 2021.3.2\bin;;C:\Users\Asus\AppData\Local\GitHubDesktop\bin;D:\Software\IntelliJ IDEA Community Edition 2022.1.3\bin;
USERNAME=Asus
OS=Windows_NT
PROCESSOR_IDENTIFIER=Intel64 Family 6 Model 165 Stepping 2, GenuineIntel



---------------  S Y S T E M  ---------------

OS:
 Windows 10 , 64 bit Build 19041 (10.0.19041.1889)
OS uptime: 0 days 5:01 hours

CPU: total 16 (initial active 16) (8 cores per cpu, 2 threads per core) family 6 model 165 stepping 2 microcode 0xc8, cx8, cmov, fxsr, ht, mmx, 3dnowpref, sse, sse2, sse3, ssse3, sse4.1, sse4.2, popcnt, lzcnt, tsc, tscinvbit, avx, avx2, aes, erms, clmul, bmi1, bmi2, adx, fma, vzeroupper, clflush, clflushopt

Memory: 4k page, system-wide physical 16168M (1360M free)
TotalPageFile size 21917M (AvailPageFile size 16M)
current process WorkingSet (physical memory assigned to process): 442M, peak: 445M
current process commit charge ("private bytes"): 550M, peak: 555M

vm_info: Java HotSpot(TM) 64-Bit Server VM (17.0.2+8-LTS-86) for windows-amd64 JRE (17.0.2+8-LTS-86), built on Dec  7 2021 21:51:03 by "mach5one" with MS VC++ 16.8 / 16.9 (VS2019)

END.
