#
# There is insufficient memory for the Java Runtime Environment to continue.
# Native memory allocation (mmap) failed to map 266338304 bytes for G1 virtual space
# Possible reasons:
#   The system is out of physical RAM or swap space
#   The process is running with CompressedOops enabled, and the Java Heap may be blocking the growth of the native heap
# Possible solutions:
#   Reduce memory load on the system
#   Increase physical memory or swap space
#   Check if swap backing store is full
#   Decrease Java heap size (-Xmx/-Xms)
#   Decrease number of Java threads
#   Decrease Java thread stack sizes (-Xss)
#   Set larger code cache with -XX:ReservedCodeCacheSize=
#   JVM is running with Zero Based Compressed Oops mode in which the Java heap is
#     placed in the first 32GB address space. The Java Heap base address is the
#     maximum limit for the native heap growth. Please use -XX:HeapBaseMinAddress
#     to set the Java Heap base and to place the Java Heap above 32GB virtual address.
# This output file may be truncated or incomplete.
#
#  Out of Memory Error (os_windows.cpp:3532), pid=700, tid=9268
#
# JRE version:  (17.0.2+8) (build )
# Java VM: Java HotSpot(TM) 64-Bit Server VM (17.0.2+8-LTS-86, mixed mode, sharing, tiered, compressed oops, compressed class ptrs, g1 gc, windows-amd64)
# No core dump will be written. Minidumps are not enabled by default on client versions of Windows
#

---------------  S U M M A R Y ------------

Command Line: -Dfile.encoding=UTF-8 -Duser.country=US -Duser.language=en -Duser.variant lombok.launch.Main config D:\Documents\Programming Projects\Java Projects\BedWars\nms\src\generated\java

Host: Intel(R) Core(TM) i7-10875H CPU @ 2.30GHz, 16 cores, 15G,  Windows 10 , 64 bit Build 19041 (10.0.19041.1889)
Time: Sat Oct 29 15:41:56 2022 W. Central Africa Standard Time elapsed time: 0.008750 seconds (0d 0h 0m 0s)

---------------  T H R E A D  ---------------

Current thread (0x0000024c347ece80):  JavaThread "Unknown thread" [_thread_in_vm, id=9268, stack(0x000000bfce400000,0x000000bfce500000)]

Stack: [0x000000bfce400000,0x000000bfce500000]
Native frames: (J=compiled Java code, j=interpreted, Vv=VM code, C=native code)
V  [jvm.dll+0x670baa]
V  [jvm.dll+0x7cfcb4]
V  [jvm.dll+0x7d145e]
V  [jvm.dll+0x7d1ac3]
V  [jvm.dll+0x242bc5]
V  [jvm.dll+0x66dac9]
V  [jvm.dll+0x662412]
V  [jvm.dll+0x300c0b]
V  [jvm.dll+0x3081a6]
V  [jvm.dll+0x357d0e]
V  [jvm.dll+0x357f3f]
V  [jvm.dll+0x2d7ec8]
V  [jvm.dll+0x2d8e34]
V  [jvm.dll+0x7a18c1]
V  [jvm.dll+0x365a91]
V  [jvm.dll+0x780d2c]
V  [jvm.dll+0x3e845f]
V  [jvm.dll+0x3e9f01]
C  [jli.dll+0x527b]
C  [ucrtbase.dll+0x21bb2]
C  [KERNEL32.DLL+0x17034]
C  [ntdll.dll+0x526a1]


---------------  P R O C E S S  ---------------

Threads class SMR info:
_java_thread_list=0x00007ff857909858, length=0, elements={
}

Java Threads: ( => current thread )

Other Threads:
  0x0000024c3483bde0 GCTaskThread "GC Thread#0" [stack: 0x000000bfce500000,0x000000bfce600000] [id=7556]
  0x0000024c3484ddf0 ConcurrentGCThread "G1 Main Marker" [stack: 0x000000bfce600000,0x000000bfce700000] [id=21676]
  0x0000024c3484efa0 ConcurrentGCThread "G1 Conc#0" [stack: 0x000000bfce700000,0x000000bfce800000] [id=8608]

[error occurred during error reporting (printing all threads), id 0xc0000005, EXCEPTION_ACCESS_VIOLATION (0xc0000005) at pc=0x00007ff8571588a7]

VM state: not at safepoint (not fully initialized)

VM Mutex/Monitor currently owned by a thread:  ([mutex/lock_event])
[0x0000024c347e8e70] Heap_lock - owner thread: 0x0000024c347ece80

Heap address: 0x0000000703400000, size: 4044 MB, Compressed Oops mode: Zero based, Oop shift amount: 3

CDS archive(s) mapped at: [0x0000000000000000-0x0000000000000000-0x0000000000000000), size 0, SharedBaseAddress: 0x0000000800000000, ArchiveRelocationMode: 0.
Narrow klass base: 0x0000000000000000, Narrow klass shift: 0, Narrow klass range: 0x0

GC Precious Log:
<Empty>

Heap:
 garbage-first heap   total 0K, used 0K [0x0000000703400000, 0x0000000800000000)
  region size 2048K, 0 young (0K), 0 survivors (0K)

[error occurred during error reporting (printing heap information), id 0xc0000005, EXCEPTION_ACCESS_VIOLATION (0xc0000005) at pc=0x00007ff857539f19]

GC Heap History (0 events):
No events

Deoptimization events (0 events):
No events

Classes unloaded (0 events):
No events

Classes redefined (0 events):
No events

Internal exceptions (0 events):
No events

VM Operations (0 events):
No events

Events (1 events):
Event: 0.005 Loaded shared library C:\Program Files\Java\jdk-17.0.2\bin\java.dll


Dynamic libraries:
0x00007ff686810000 - 0x00007ff686820000 	C:\Program Files\Java\jdk-17.0.2\bin\java.exe
0x00007ff8ee250000 - 0x00007ff8ee448000 	C:\Windows\SYSTEM32\ntdll.dll
0x00007ff8edd00000 - 0x00007ff8eddbd000 	C:\Windows\System32\KERNEL32.DLL
0x00007ff8ebcb0000 - 0x00007ff8ebf82000 	C:\Windows\System32\KERNELBASE.dll
0x00007ff8eba70000 - 0x00007ff8ebb70000 	C:\Windows\System32\ucrtbase.dll
0x00007ff8debc0000 - 0x00007ff8debda000 	C:\Program Files\Java\jdk-17.0.2\bin\VCRUNTIME140.dll
0x00007ff8dd270000 - 0x00007ff8dd288000 	C:\Program Files\Java\jdk-17.0.2\bin\jli.dll
0x00007ff8ed490000 - 0x00007ff8ed53e000 	C:\Windows\System32\ADVAPI32.dll
0x00007ff8ec310000 - 0x00007ff8ec3ae000 	C:\Windows\System32\msvcrt.dll
0x00007ff8edac0000 - 0x00007ff8edb5c000 	C:\Windows\System32\sechost.dll
0x00007ff8ed360000 - 0x00007ff8ed485000 	C:\Windows\System32\RPCRT4.dll
0x00007ff8edb60000 - 0x00007ff8edcfd000 	C:\Windows\System32\USER32.dll
0x00007ff8d5ad0000 - 0x00007ff8d5d6a000 	C:\Windows\WinSxS\amd64_microsoft.windows.common-controls_6595b64144ccf1df_6.0.19041.1110_none_60b5254171f9507e\COMCTL32.dll
0x00007ff8eb9f0000 - 0x00007ff8eba12000 	C:\Windows\System32\win32u.dll
0x00007ff8ee1e0000 - 0x00007ff8ee20b000 	C:\Windows\System32\GDI32.dll
0x00007ff8ec1a0000 - 0x00007ff8ec2af000 	C:\Windows\System32\gdi32full.dll
0x00007ff8ebc10000 - 0x00007ff8ebcad000 	C:\Windows\System32\msvcp_win.dll
0x00007ff8e1970000 - 0x00007ff8e197a000 	C:\Windows\SYSTEM32\VERSION.dll
0x00007ff8eddc0000 - 0x00007ff8eddf0000 	C:\Windows\System32\IMM32.DLL
0x00007ff8dd260000 - 0x00007ff8dd26c000 	C:\Program Files\Java\jdk-17.0.2\bin\vcruntime140_1.dll
0x00007ff8dd1d0000 - 0x00007ff8dd25d000 	C:\Program Files\Java\jdk-17.0.2\bin\msvcp140.dll
0x00007ff856e70000 - 0x00007ff857a31000 	C:\Program Files\Java\jdk-17.0.2\bin\server\jvm.dll
0x00007ff8ed2e0000 - 0x00007ff8ed2e8000 	C:\Windows\System32\PSAPI.DLL
0x00007ff8d14f0000 - 0x00007ff8d14f9000 	C:\Windows\SYSTEM32\WSOCK32.dll
0x00007ff8d4630000 - 0x00007ff8d4657000 	C:\Windows\SYSTEM32\WINMM.dll
0x00007ff8edfe0000 - 0x00007ff8ee04b000 	C:\Windows\System32\WS2_32.dll
0x00007ff8ea1b0000 - 0x00007ff8ea1c2000 	C:\Windows\SYSTEM32\kernel.appcore.dll
0x00007ff8dd1c0000 - 0x00007ff8dd1ca000 	C:\Program Files\Java\jdk-17.0.2\bin\jimage.dll
0x00007ff8e9ec0000 - 0x00007ff8ea0a4000 	C:\Windows\SYSTEM32\DBGHELP.DLL
0x00007ff8df330000 - 0x00007ff8df35c000 	C:\Windows\SYSTEM32\dbgcore.DLL
0x00007ff8eb960000 - 0x00007ff8eb9e2000 	C:\Windows\System32\bcryptPrimitives.dll
0x00007ff8dd190000 - 0x00007ff8dd1b5000 	C:\Program Files\Java\jdk-17.0.2\bin\java.dll

dbghelp: loaded successfully - version: 4.0.5 - missing functions: none
symbol engine: initialized successfully - sym options: 0x614 - pdb path: .;C:\Program Files\Java\jdk-17.0.2\bin;C:\Windows\SYSTEM32;C:\Windows\WinSxS\amd64_microsoft.windows.common-controls_6595b64144ccf1df_6.0.19041.1110_none_60b5254171f9507e;C:\Program Files\Java\jdk-17.0.2\bin\server

VM Arguments:
jvm_args: -Dfile.encoding=UTF-8 -Duser.country=US -Duser.language=en -Duser.variant 
java_command: lombok.launch.Main config D:\Documents\Programming Projects\Java Projects\BedWars\nms\src\generated\java
java_class_path (initial): C:\Users\Asus\.gradle\caches\modules-2\files-2.1\org.projectlombok\lombok\1.18.22\9c08ea24c6eb714e2d6170e8122c069a0ba9aacf\lombok-1.18.22.jar
Launcher Type: SUN_STANDARD

[Global flags]
     intx CICompilerCount                          = 12                                        {product} {ergonomic}
     uint ConcGCThreads                            = 3                                         {product} {ergonomic}
     uint G1ConcRefinementThreads                  = 13                                        {product} {ergonomic}
   size_t G1HeapRegionSize                         = 2097152                                   {product} {ergonomic}
    uintx GCDrainStackTargetSize                   = 64                                        {product} {ergonomic}
   size_t InitialHeapSize                          = 266338304                                 {product} {ergonomic}
   size_t MarkStackSize                            = 4194304                                   {product} {ergonomic}
   size_t MaxHeapSize                              = 4240441344                                {product} {ergonomic}
   size_t MinHeapDeltaBytes                        = 2097152                                   {product} {ergonomic}
   size_t MinHeapSize                              = 8388608                                   {product} {ergonomic}
    uintx NonNMethodCodeHeapSize                   = 7602480                                {pd product} {ergonomic}
    uintx NonProfiledCodeHeapSize                  = 122027880                              {pd product} {ergonomic}
    uintx ProfiledCodeHeapSize                     = 122027880                              {pd product} {ergonomic}
    uintx ReservedCodeCacheSize                    = 251658240                              {pd product} {ergonomic}
     bool SegmentedCodeCache                       = true                                      {product} {ergonomic}
   size_t SoftMaxHeapSize                          = 4240441344                             {manageable} {ergonomic}
     bool UseCompressedClassPointers               = true                           {product lp64_product} {ergonomic}
     bool UseCompressedOops                        = true                           {product lp64_product} {ergonomic}
     bool UseG1GC                                  = true                                      {product} {ergonomic}
     bool UseLargePagesIndividualAllocation        = false                                  {pd product} {ergonomic}

Logging:
Log output configuration:
 #0: stdout all=warning uptime,level,tags
 #1: stderr all=off uptime,level,tags

Environment Variables:
PATH=C:\Program Files\Eclipse Adoptium\jdk-17.0.4.101-hotspot\bin;C:\Program Files\Eclipse Adoptium\jdk-8.0.345.1-hotspot\bin;C:\Program Files\Common Files\Oracle\Java\javapath;C:\Program Files (x86)\Common Files\Oracle\Java\javapath;C:\Windows\system32;C:\Windows;C:\Windows\System32\Wbem;C:\Windows\System32\WindowsPowerShell\v1.0\;C:\Windows\System32\OpenSSH\;C:\Program Files (x86)\NVIDIA Corporation\PhysX\Common;C:\Program Files\NVIDIA Corporation\NVIDIA NvDLISR;D:\Software\MatLab\runtime\win64;D:\Software\MatLab\bin;D:\Software\MatLab\polyspace\bin;D:\Software\WorldPainter;C:\Program Files\Common Files\Autodesk Shared\;C:\Program Files\Microsoft SQL Server\120\Tools\Binn\;D:\Software\Putty\;C:\Program Files\nodejs\;C:\Program Files (x86)\Microsoft SQL Server\150\DTS\Binn\;C:\Program Files\Azure Data Studio\bin;C:\ffmpeg;C:\Program Files\Git\cmd;C:\apache-maven-3.6.3\bin;C:\Program Files\WireGuard\;C:\Users\Asus\AppData\Local\Programs\Python\Python39\Scripts\;C:\Users\Asus\AppData\Local\Programs\Python\Python39\;C:\Users\Asus\AppData\Local\Microsoft\WindowsApps;C:\Users\Asus\AppData\Local\atom\bin;C:\Users\Asus\AppData\Roaming\npm;D:\Software\Microsoft VS Code\bin;C:\Program Files\Azure Data Studio\bin;D:\Software\IntelliJ IDEA 2021.3.2\bin;;C:\Users\Asus\AppData\Local\GitHubDesktop\bin;D:\Software\IntelliJ IDEA Community Edition 2022.1.3\bin;
USERNAME=Asus
OS=Windows_NT
PROCESSOR_IDENTIFIER=Intel64 Family 6 Model 165 Stepping 2, GenuineIntel



---------------  S Y S T E M  ---------------

OS:
 Windows 10 , 64 bit Build 19041 (10.0.19041.1889)
OS uptime: 0 days 3:52 hours

CPU: total 16 (initial active 16) (8 cores per cpu, 2 threads per core) family 6 model 165 stepping 2 microcode 0xc8, cx8, cmov, fxsr, ht, mmx, 3dnowpref, sse, sse2, sse3, ssse3, sse4.1, sse4.2, popcnt, lzcnt, tsc, tscinvbit, avx, avx2, aes, erms, clmul, bmi1, bmi2, adx, fma, vzeroupper, clflush, clflushopt

Memory: 4k page, system-wide physical 16168M (1873M free)
TotalPageFile size 21917M (AvailPageFile size 168M)
current process WorkingSet (physical memory assigned to process): 10M, peak: 10M
current process commit charge ("private bytes"): 70M, peak: 324M

vm_info: Java HotSpot(TM) 64-Bit Server VM (17.0.2+8-LTS-86) for windows-amd64 JRE (17.0.2+8-LTS-86), built on Dec  7 2021 21:51:03 by "mach5one" with MS VC++ 16.8 / 16.9 (VS2019)

END.
